# Server version 0.08 running on 192.168.2.12:8123
# Game ID: 145
# Board class: Saboteur.SaboteurBoard
# Timeout: 20000
# First Move Timeout: 30000
# Date: Sat Apr 11 22:10:26 EDT 2020
# Player 1: Player-0, '260675971', running on 192.168.2.12
# Player 2: Player-1, 'RandomPlayer', running on 192.168.2.12
START Player-0 260675971
START Player-1 RandomPlayer
BoardInit:Tile:5,Tile:8,Bonus,Map,Malus,Tile:7,Tile:0,Tile:8,Tile:8,Tile:8,Malus,Tile:11,Map,Destroy,Tile:4,Map,Tile:5,Tile:7,Tile:6,Tile:13,Tile:5,Tile:1,Tile:6,Tile:3,Tile:6,Tile:9,Tile:7,Tile:10,Tile:15,Tile:7,Tile:6,Tile:10,Tile:9,Bonus,Map,Bonus,Map,Tile:14,Destroy,Tile:9,Tile:7-Tile:0,Tile:2,Tile:0,Tile:12,Tile:6,Tile:9,Destroy-Tile:5,Map,Tile:10,Tile:8,Tile:0,Bonus,Tile:9-Tile:hidden1,Tile:hidden2,Tile:nugget
Tile:9 4 5 1
Map 12 7 0
Drop 1 0 1
Tile:5_flip 5 6 0
Tile:5 4 4 1
Map 12 5 0
Tile:0 6 5 1
Tile:8 7 5 0
Destroy 4 5 1
Tile:0 8 5 0
Tile:12_flip 4 6 1
Tile:9_flip 9 5 0
Tile:6_flip 5 4 1
Tile:8 9 6 0
Drop 2 0 1
Tile:8 9 7 0
Tile:0 6 4 1
Map 12 3 0
Drop 3 0 1
Tile:8 10 7 0
Tile:6_flip 7 4 1
Tile:7_flip 10 8 0
Tile:5_flip 11 7 1
GAMEOVER ILLEGAL MOVE: Player 0, CardUsed: (Tile:7_flip), PosOfUse: (12, 8) WINNER 1
# Game ended: Sat Apr 11 22:10:48 EDT 2020
