# Server version 0.08 running on 192.168.2.12:8123
# Game ID: 144
# Board class: Saboteur.SaboteurBoard
# Timeout: 20000
# First Move Timeout: 30000
# Date: Thu Apr 09 20:47:44 EDT 2020
# Player 1: Player-0, 'RandomPlayer', running on 192.168.2.12
# Player 2: Player-1, '260675971', running on 192.168.2.12
START Player-0 RandomPlayer
START Player-1 260675971
BoardInit:Tile:0,Map,Bonus,Malus,Tile:5,Tile:9,Tile:6,Tile:7,Tile:7,Tile:10,Destroy,Tile:8,Tile:8,Tile:5,Tile:13,Tile:6,Tile:10,Map,Map,Tile:8,Tile:6,Tile:0,Tile:0,Destroy,Tile:7,Tile:0,Bonus,Tile:4,Tile:9,Tile:10,Tile:9,Map,Tile:5,Bonus,Tile:2,Tile:12,Tile:15,Tile:6,Tile:9,Map,Map-Tile:14,Tile:8,Tile:11,Destroy,Bonus,Tile:8,Tile:7-Malus,Tile:6,Tile:5,Tile:3,Tile:7,Tile:1,Tile:9-Tile:nugget,Tile:hidden2,Tile:hidden1
Tile:8 5 4 1
Tile:6 6 5 0
Tile:8 5 3 1
Tile:9 5 6 0
Tile:0 6 3 1
Tile:3 7 5 0
Tile:7_flip 7 6 1
Drop 6 0 0
Tile:5_flip 8 6 1
Tile:7 6 6 0
Tile:6 7 3 1
Tile:1 8 3 0
Tile:7_flip 6 7 1
Tile:8 5 2 0
Tile:8 9 3 1
Tile:5_flip 5 7 0
Tile:14 6 2 1
Tile:7 9 2 0
Tile:11 5 1 1
Tile:6_flip 4 5 0
Map 12 7 1
Drop 4 0 0
Tile:6 9 4 1
Tile:10 4 6 0
Tile:0 10 3 1
Tile:8 4 7 0
Tile:7_flip 8 2 1
Tile:0 10 4 0
Destroy 4 5 1
Tile:4 7 2 0
Tile:9_flip 11 3 1
Tile:0 8 4 0
GAMEOVER ILLEGAL MOVE: Player 1, CardUsed: (Tile:9), PosOfUse: (12, 2) WINNER 0
# Game ended: Thu Apr 09 20:48:14 EDT 2020
