# Server version 0.08 running on 192.168.2.12:8123
# Game ID: 238
# Board class: Saboteur.SaboteurBoard
# Timeout: 20000
# First Move Timeout: 30000
# Date: Sun Apr 12 19:43:06 EDT 2020
# Player 1: Player-0, 'RandomPlayer', running on 192.168.2.12
# Player 2: Player-1, '260675971', running on 192.168.2.12
START Player-0 RandomPlayer
START Player-1 260675971
BoardInit:Tile:6,Tile:1,Tile:0,Malus,Tile:3,Map,Tile:0,Map,Tile:11,Tile:15,Tile:7,Tile:8,Malus,Tile:6,Destroy,Tile:5,Bonus,Tile:9,Destroy,Tile:8,Tile:8,Tile:4,Tile:14,Tile:10,Map,Tile:9,Bonus,Tile:7,Tile:10,Tile:5,Tile:6,Tile:8,Bonus,Tile:6,Map,Tile:7,Tile:2,Tile:0,Tile:9,Tile:7,Tile:10-Tile:5,Tile:13,Tile:8,Bonus,Map,Map,Tile:6-Tile:9,Destroy,Tile:5,Tile:12,Tile:9,Tile:7,Tile:0-Tile:nugget,Tile:hidden1,Tile:hidden2
Map 12 7 1
Tile:7_flip 5 6 0
Map 12 5 1
Tile:9_flip 6 6 0
Tile:8 5 4 1
Tile:9_flip 6 7 0
Tile:5_flip 6 4 1
Map 12 5 0
Tile:6_flip 6 3 1
Tile:5 5 7 0
Tile:6 7 3 1
Drop 2 0 0
Tile:0 8 3 1
Tile:12 9 3 0
Malus 0 0 1
Destroy 7 3 0
Tile:0 7 3 1
Drop 0 0 0
Tile:7 6 5 1
Map 12 7 0
Tile:13 4 4 1
Drop 2 0 0
Tile:8 4 3 1
Drop 3 0 0
Tile:3_flip 4 5 1
Drop 5 0 0
Tile:11 4 2 1
Drop 0 0 0
Destroy 4 3 1
Drop 5 0 0
Tile:10 4 3 1
Drop 0 0 0
Tile:6 5 2 1
Drop 6 0 0
Destroy 4 4 1
Drop 3 0 0
Tile:14 5 8 1
Drop 3 0 0
Tile:2 4 1 1
Drop 6 0 0
GAMEOVER USER CANCEL UNDECIDED
# Game ended: Sun Apr 12 19:43:43 EDT 2020
