# Server version 0.08 running on 192.168.2.12:8123
# Game ID: 210
# Board class: Saboteur.SaboteurBoard
# Timeout: 20000
# First Move Timeout: 30000
# Date: Sun Apr 12 01:22:09 EDT 2020
# Player 1: Player-0, 'RandomPlayer', running on 192.168.2.12
# Player 2: Player-1, '260675971', running on 192.168.2.12
START Player-0 RandomPlayer
START Player-1 260675971
BoardInit:Bonus,Tile:10,Tile:9,Tile:8,Bonus,Tile:5,Malus,Tile:6,Tile:10,Bonus,Tile:7,Tile:3,Tile:7,Tile:9,Tile:11,Tile:7,Tile:2,Tile:0,Tile:8,Tile:12,Tile:10,Tile:0,Tile:8,Bonus,Destroy,Tile:8,Tile:5,Map,Tile:13,Tile:5,Map,Tile:5,Tile:0,Tile:9,Tile:7,Tile:9,Tile:6,Tile:0,Tile:6,Tile:1,Destroy-Map,Tile:6,Tile:9,Tile:4,Tile:6,Map,Tile:14-Map,Map,Tile:7,Destroy,Tile:15,Malus,Tile:8-Tile:hidden1,Tile:hidden2,Tile:nugget
Tile:6 6 5 1
Drop 3 0 0
Tile:9_flip 7 5 1
Tile:8 5 4 0
Tile:6 7 6 1
Tile:7_flip 4 4 0
Tile:9_flip 8 6 1
Drop 6 0 0
Malus 0 0 1
Map 12 5 0
Tile:10 8 5 1
Map 12 3 0
Tile:7_flip 8 7 1
Drop 3 0 0
Tile:7 9 7 1
Drop 2 0 0
Tile:4 4 3 1
Drop 6 0 0
Tile:14 5 6 1
Drop 2 0 0
Map 12 7 1
Drop 4 0 0
Tile:8 9 8 1
Drop 5 0 0
Tile:8 10 8 1
Drop 4 0 0
Tile:10 10 7 1
Drop 3 0 0
Tile:5_flip 11 8 1
Drop 5 0 0
Tile:11 5 3 1
Bonus 0 0 0
Tile:2 4 5 1
Tile:5_flip 10 9 0
Tile:0 8 8 1
Tile:9_flip 6 4 0
Tile:7 10 6 1
Drop 3 0 0
Tile:6 9 9 1
Tile:0 7 8 0
Tile:6_flip 8 9 1
Tile:15 11 7 0
Destroy 4 3 1
Tile:5 7 4 0
Tile:13 4 6 1
Tile:0 3 6 0
Destroy 3 6 1
Tile:1 3 6 0
Drop 0 0 1
Tile:9_flip 5 2 0
Drop 0 0 1
Malus 0 0 0
Bonus 0 0 1
Map 12 7 0
Drop 0 0 1
GAMEOVER DRAW
# Game ended: Sun Apr 12 01:23:00 EDT 2020
