# Server version 0.08 running on 192.168.2.12:8123
# Game ID: 213
# Board class: Saboteur.SaboteurBoard
# Timeout: 20000
# First Move Timeout: 30000
# Date: Sun Apr 12 01:24:47 EDT 2020
# Player 1: Player-0, 'RandomPlayer', running on 192.168.2.12
# Player 2: Player-1, '260675971', running on 192.168.2.12
START Player-0 RandomPlayer
START Player-1 260675971
BoardInit:Tile:0,Tile:11,Map,Tile:0,Tile:6,Tile:5,Tile:13,Tile:9,Tile:9,Tile:7,Bonus,Tile:4,Tile:5,Tile:8,Map,Tile:12,Tile:1,Tile:6,Tile:8,Tile:2,Tile:9,Tile:9,Tile:5,Tile:3,Bonus,Map,Bonus,Tile:8,Map,Tile:6,Tile:7,Bonus,Tile:6,Tile:10,Tile:7,Tile:14,Destroy,Destroy,Tile:5,Tile:7,Destroy-Tile:10,Tile:0,Tile:9,Tile:15,Map,Malus,Malus-Map,Tile:8,Tile:10,Tile:0,Tile:7,Tile:8,Tile:6-Tile:hidden2,Tile:hidden1,Tile:nugget
Malus 0 0 1
Map 12 3 0
Malus 0 0 1
Drop 1 0 0
Tile:0 6 5 1
Drop 4 0 0
Tile:9_flip 7 5 1
Drop 5 0 0
Tile:6 7 6 1
Drop 1 0 0
Tile:0 8 6 1
Drop 4 0 0
Tile:9_flip 9 6 1
Drop 0 0 0
Tile:5_flip 9 7 1
Drop 0 0 0
Tile:10 9 5 1
Drop 5 0 0
Tile:15 5 4 1
Drop 3 0 0
Map 12 7 1
Drop 2 0 0
Tile:8 9 4 1
Drop 0 0 0
Tile:5 8 7 1
Drop 2 0 0
Tile:9 8 8 1
Drop 3 0 0
Tile:13 5 3 1
Drop 4 0 0
Tile:1 6 3 1
Map 12 3 0
Tile:7 9 8 1
Drop 4 0 0
Tile:6 10 4 1
Drop 0 0 0
Tile:7 11 4 1
Drop 4 0 0
Destroy 5 3 1
Destroy 10 4 0
Tile:5_flip 11 5 1
Drop 2 0 0
Destroy 5 4 1
Drop 1 0 0
Drop 0 0 1
Drop 3 0 0
Drop 0 0 1
Drop 0 0 0
Drop 0 0 1
Drop 2 0 0
Drop 0 0 1
Drop 0 0 0
Drop 0 0 1
Drop 0 0 0
Drop 0 0 1
GAMEOVER DRAW
# Game ended: Sun Apr 12 01:25:37 EDT 2020
