# Server version 0.08 running on 192.168.2.12:8123
# Game ID: 182
# Board class: Saboteur.SaboteurBoard
# Timeout: 20000
# First Move Timeout: 30000
# Date: Sun Apr 12 00:37:45 EDT 2020
# Player 1: Player-0, '260675971', running on 192.168.2.12
# Player 2: Player-1, 'RandomPlayer', running on 192.168.2.12
START Player-0 260675971
START Player-1 RandomPlayer
BoardInit:Tile:4,Map,Tile:7,Tile:5,Destroy,Destroy,Map,Tile:7,Tile:0,Tile:7,Tile:5,Tile:9,Tile:14,Bonus,Tile:6,Tile:11,Tile:0,Tile:0,Tile:9,Tile:9,Tile:8,Tile:10,Tile:9,Tile:6,Tile:6,Tile:15,Tile:8,Tile:10,Tile:3,Tile:6,Tile:5,Bonus,Tile:6,Tile:8,Tile:2,Bonus,Tile:9,Tile:8,Map,Bonus,Tile:13-Map,Tile:5,Destroy,Map,Tile:7,Map,Tile:0-Tile:12,Tile:7,Malus,Tile:10,Tile:1,Malus,Tile:8-Tile:hidden1,Tile:hidden2,Tile:nugget
Map 12 7 1
Malus 0 0 0
Drop 2 0 1
Map 12 7 0
Drop 2 0 1
Malus 0 0 0
Map 12 5 1
Tile:7 6 5 0
Drop 6 0 1
Tile:10 6 6 0
Drop 1 0 1
Tile:8 6 7 0
Drop 4 0 1
Tile:5_flip 7 7 0
Drop 0 0 1
Tile:9 7 6 0
Drop 5 0 1
Tile:7 8 6 0
Drop 3 0 1
Tile:7_flip 8 7 0
Drop 2 0 1
Tile:0 9 7 0
Drop 0 0 1
Tile:9_flip 10 7 0
Drop 2 0 1
Tile:10 10 6 0
Drop 0 0 1
Tile:6 10 8 0
Drop 5 0 1
Tile:10 10 5 0
Drop 0 0 1
Tile:6 11 8 0
Drop 6 0 1
Tile:12 12 8 0
Drop 3 0 1
Tile:8 10 4 0
Drop 3 0 1
Tile:1 4 5 0
Drop 6 0 1
Tile:8 11 4 0
Drop 6 0 1
Destroy 4 5 0
Drop 0 0 1
Tile:11 5 4 0
Drop 4 0 1
Tile:15 5 3 0
Drop 2 0 1
Drop 0 0 0
Drop 0 0 1
Drop 0 0 0
Drop 0 0 1
Drop 1 0 0
Drop 1 0 1
Drop 0 0 0
Drop 0 0 1
GAMEOVER DRAW
# Game ended: Sun Apr 12 00:38:30 EDT 2020
