# Server version 0.08 running on 192.168.2.12:8123
# Game ID: 148
# Board class: Saboteur.SaboteurBoard
# Timeout: 20000
# First Move Timeout: 30000
# Date: Sat Apr 11 22:15:11 EDT 2020
# Player 1: Player-0, '260675971', running on 192.168.2.12
# Player 2: Player-1, 'RandomPlayer', running on 192.168.2.12
START Player-0 260675971
START Player-1 RandomPlayer
BoardInit:Tile:7,Tile:8,Tile:6,Tile:6,Destroy,Tile:11,Tile:7,Malus,Malus,Tile:0,Tile:5,Bonus,Tile:0,Tile:14,Map,Tile:9,Tile:1,Map,Tile:3,Tile:8,Tile:0,Bonus,Map,Tile:12,Map,Tile:8,Tile:5,Map,Tile:5,Tile:9,Tile:8,Tile:7,Tile:15,Tile:7,Tile:0,Bonus,Tile:6,Tile:10,Tile:6,Bonus,Tile:10-Tile:13,Tile:8,Tile:6,Destroy,Tile:9,Tile:5,Tile:9-Tile:9,Tile:4,Tile:7,Tile:10,Map,Destroy,Tile:2-Tile:nugget,Tile:hidden2,Tile:hidden1
Tile:6 6 5 1
Map 12 7 0
Drop 5 0 1
Tile:9_flip 7 5 0
Tile:13 4 5 1
Tile:4 7 4 0
Destroy 4 5 1
Tile:7_flip 7 6 0
Tile:9_flip 8 6 1
Malus 0 0 0
Drop 3 0 1
Tile:8 5 4 0
Drop 0 0 1
Tile:6 8 7 0
Malus 0 0 1
Bonus 0 0 0
Map 12 7 1
Tile:9 8 5 0
Destroy 6 5 1
Map 12 5 0
Drop 2 0 1
Tile:0 9 5 0
Drop 0 0 1
Tile:8 10 5 0
Drop 4 0 1
Tile:10 5 3 0
Drop 0 0 1
Tile:8 10 4 0
Drop 5 0 1
Map 12 3 0
Map 12 3 1
Tile:9_flip 10 3 0
Drop 6 0 1
Tile:7_flip 9 3 0
Drop 3 0 1
Tile:7_flip 10 6 0
Drop 3 0 1
Destroy 5 3 0
Drop 6 0 1
Tile:2 5 3 0
Drop 2 0 1
Tile:11 4 3 0
Drop 0 0 1
Tile:14 6 3 0
Drop 4 0 1
Tile:12 6 4 0
Drop 2 0 1
Tile:10 4 2 0
Drop 0 0 1
Drop 0 0 0
Drop 0 0 1
Drop 0 0 0
Drop 1 0 1
Drop 0 0 0
Drop 0 0 1
GAMEOVER DRAW
# Game ended: Sat Apr 11 22:16:00 EDT 2020
