# Server version 0.08 running on 192.168.2.12:8123
# Game ID: 92
# Board class: Saboteur.SaboteurBoard
# Timeout: 20000
# First Move Timeout: 30000
# Date: Thu Apr 09 13:22:00 EDT 2020
# Player 1: Player-0, 'Human', running on 192.168.2.12
# Player 2: Player-1, 'Human', running on 192.168.2.12
START Player-0 Human
START Player-1 Human
BoardInit:Tile:0,Tile:8,Map,Destroy,Map,Tile:2,Destroy,Tile:9,Tile:10,Tile:5,Tile:6,Map,Tile:9,Tile:9,Tile:8,Tile:8,Destroy,Tile:7,Tile:6,Bonus,Tile:6,Tile:6,Tile:1,Tile:5,Tile:10,Tile:7,Tile:15,Map,Tile:7,Bonus,Tile:10,Map,Tile:11,Bonus,Map,Tile:0,Tile:0,Tile:5,Tile:13,Tile:8,Tile:7-Tile:14,Tile:5,Tile:6,Tile:4,Tile:9,Tile:0,Tile:12-Tile:8,Tile:9,Malus,Bonus,Malus,Tile:7,Tile:3-Tile:hidden1,Tile:nugget,Tile:hidden2
Tile:6 6 5 1
Malus 0 0 0
Drop 0 0 1
Tile:8 7 5 0
Map 12 3 1
Tile:8 8 5 0
Map 12 5 1
Drop 4 0 0
Drop 0 0 1
Tile:7 9 5 0
