# Server version 0.08 running on 192.168.2.12:8123
# Game ID: 146
# Board class: Saboteur.SaboteurBoard
# Timeout: 20000
# First Move Timeout: 30000
# Date: Sat Apr 11 22:13:27 EDT 2020
# Player 1: Player-0, '260675971', running on 192.168.2.12
# Player 2: Player-1, 'RandomPlayer', running on 192.168.2.12
START Player-0 260675971
START Player-1 RandomPlayer
BoardInit:Tile:0,Tile:9,Tile:6,Tile:14,Tile:10,Tile:7,Tile:11,Tile:7,Map,Tile:9,Tile:2,Tile:8,Tile:7,Tile:12,Map,Map,Tile:7,Destroy,Tile:6,Tile:8,Bonus,Tile:6,Tile:5,Tile:10,Tile:9,Tile:13,Tile:9,Tile:3,Tile:8,Map,Bonus,Tile:4,Tile:8,Tile:9,Malus,Tile:5,Tile:8,Map,Tile:10,Bonus,Tile:1-Malus,Tile:5,Tile:5,Destroy,Tile:6,Tile:6,Tile:0-Destroy,Tile:15,Tile:0,Tile:0,Map,Tile:7,Bonus-Tile:nugget,Tile:hidden2,Tile:hidden1
Tile:6 6 5 1
Map 12 7 0
Malus 0 0 1
Bonus 0 0 0
Tile:6 5 6 1
Tile:0 7 5 0
Tile:0 6 6 1
Tile:0 8 5 0
Tile:0 9 5 1
Tile:9_flip 10 5 0
Map 12 7 1
Tile:7_flip 10 6 0
Tile:6 11 6 1
Tile:9_flip 12 6 0
Tile:11_flip 13 7 1
Tile:8 10 4 0
Tile:2 12 4 1
Map 12 3 0
Tile:5 4 6 1
Tile:7_flip 9 4 0
Tile:7 7 6 1
Tile:8 10 3 0
Destroy 12 4 1
Tile:6 11 3 0
GAMEOVER WINNER 0
# Game ended: Sat Apr 11 22:13:48 EDT 2020
