# Server version 0.08 running on 192.168.2.12:8123
# Game ID: 183
# Board class: Saboteur.SaboteurBoard
# Timeout: 20000
# First Move Timeout: 30000
# Date: Sun Apr 12 00:39:10 EDT 2020
# Player 1: Player-0, 'RandomPlayer', running on 192.168.2.12
# Player 2: Player-1, '260675971', running on 192.168.2.12
START Player-0 RandomPlayer
START Player-1 260675971
BoardInit:Malus,Tile:11,Tile:6,Map,Map,Tile:14,Tile:5,Tile:9,Tile:8,Tile:7,Tile:10,Tile:6,Tile:7,Tile:6,Tile:8,Tile:8,Tile:10,Map,Tile:0,Tile:6,Tile:12,Tile:8,Tile:4,Tile:6,Destroy,Tile:0,Tile:1,Tile:2,Destroy,Bonus,Map,Tile:13,Tile:9,Tile:0,Tile:15,Tile:9,Tile:7,Map,Tile:5,Tile:9,Tile:0-Tile:7,Tile:9,Tile:7,Bonus,Tile:5,Tile:5,Destroy-Tile:10,Bonus,Map,Malus,Tile:3,Bonus,Tile:8-Tile:hidden2,Tile:nugget,Tile:hidden1
Tile:7 6 5 1
Tile:3_flip 5 6 0
Malus 0 0 1
Drop 2 0 0
Tile:9_flip 6 6 1
Drop 1 0 0
Map 12 7 1
Bonus 0 0 0
Tile:7 5 4 1
Tile:11 6 7 0
Tile:5_flip 7 7 1
Drop 2 0 0
Tile:10 7 6 1
Drop 6 0 0
Tile:5 7 5 1
Drop 1 0 0
Tile:6 8 5 1
Tile:6_flip 4 4 0
Tile:5_flip 9 5 1
Drop 1 0 0
Tile:8 9 4 1
Tile:6_flip 9 3 0
Tile:7 10 3 1
Tile:9 4 5 0
Tile:8 10 4 1
Tile:7_flip 10 5 0
Tile:0 11 5 1
Tile:8 8 4 0
Tile:10 4 6 1
Tile:14 11 4 0
Destroy 4 4 1
Tile:6 6 8 0
Map 12 5 1
Tile:2 7 8 0
Tile:9 11 3 1
Drop 4 0 0
Tile:12 8 8 1
Tile:9 5 8 0
Tile:7 11 2 1
Drop 2 0 0
Tile:5 8 3 1
Tile:13 4 7 0
Tile:0 10 2 1
Tile:0 3 7 0
Tile:4_flip 4 8 1
Tile:9_flip 5 9 0
Destroy 3 7 1
Map 12 3 0
Tile:1 3 7 1
Tile:0 9 2 0
Destroy 3 7 1
Drop 0 0 0
Drop 0 0 1
Map 12 7 0
Tile:15 5 10 1
GAMEOVER DRAW
# Game ended: Sun Apr 12 00:39:57 EDT 2020
