# Server version 0.08 running on 192.168.2.12:8123
# Game ID: 163
# Board class: Saboteur.SaboteurBoard
# Timeout: 20000
# First Move Timeout: 30000
# Date: Sat Apr 11 23:08:57 EDT 2020
# Player 1: Player-0, '260675971', running on 192.168.2.12
# Player 2: Player-1, 'RandomPlayer', running on 192.168.2.12
START Player-0 260675971
START Player-1 RandomPlayer
BoardInit:Tile:4,Tile:7,Tile:1,Tile:9,Tile:0,Tile:8,Tile:7,Tile:5,Tile:7,Tile:7,Destroy,Tile:5,Tile:0,Tile:9,Tile:8,Map,Bonus,Tile:8,Bonus,Tile:15,Tile:14,Tile:6,Tile:13,Tile:7,Tile:6,Malus,Bonus,Tile:8,Tile:9,Tile:11,Tile:10,Map,Destroy,Tile:10,Tile:8,Tile:3,Tile:6,Map,Tile:5,Tile:12,Tile:6-Tile:6,Map,Map,Tile:0,Tile:0,Malus,Tile:2-Tile:9,Destroy,Bonus,Tile:5,Tile:9,Map,Tile:10-Tile:hidden2,Tile:hidden1,Tile:nugget
Map 12 5 1
Map 12 7 0
Tile:6 6 5 1
Tile:9_flip 7 5 0
Tile:2 4 5 1
Tile:5_flip 7 6 0
Tile:0 6 6 1
Tile:9 5 6 0
Tile:4 6 4 1
Tile:9_flip 5 7 0
Drop 4 0 1
Tile:10 5 8 0
Tile:7_flip 5 9 1
Tile:7 6 9 0
Destroy 4 5 1
Tile:8 4 7 0
Drop 6 0 1
Tile:5 7 4 0
Tile:7 4 6 1
Tile:7 8 4 0
Tile:1 4 5 1
Tile:9 8 5 0
Drop 1 0 1
Tile:5_flip 9 5 0
Tile:13 3 5 1
Tile:7_flip 8 6 0
Tile:14_flip 3 7 1
Malus 0 0 0
Bonus 0 0 1
Tile:6_flip 9 6 0
Map 12 3 1
Tile:8 9 7 0
Tile:9 9 4 1
Tile:8 10 7 0
Tile:6_flip 8 7 1
Tile:10 10 8 0
Tile:8 3 8 1
Destroy 3 5 0
Tile:10 9 8 1
Tile:15 3 9 0
Tile:6 3 6 1
Tile:11 3 5 0
Tile:5_flip 4 8 1
Tile:3 3 4 0
Destroy 6 9 1
Tile:12 6 9 0
Tile:0 2 6 1
Drop 0 0 0
Tile:6_flip 7 7 1
GAMEOVER USER CANCEL UNDECIDED
# Game ended: Sat Apr 11 23:09:40 EDT 2020
