# Server version 0.08 running on 192.168.2.12:8123
# Game ID: 155
# Board class: Saboteur.SaboteurBoard
# Timeout: 20000
# First Move Timeout: 30000
# Date: Sat Apr 11 22:49:20 EDT 2020
# Player 1: Player-0, '260675971', running on 192.168.2.12
# Player 2: Player-1, 'RandomPlayer', running on 192.168.2.12
START Player-0 260675971
START Player-1 RandomPlayer
BoardInit:Tile:7,Tile:6,Tile:8,Tile:7,Tile:6,Tile:6,Tile:5,Map,Tile:9,Map,Bonus,Tile:9,Bonus,Tile:6,Tile:5,Tile:13,Map,Tile:8,Tile:5,Tile:0,Tile:4,Destroy,Bonus,Map,Malus,Tile:0,Tile:15,Tile:7,Map,Tile:2,Tile:10,Tile:9,Tile:8,Tile:5,Tile:7,Tile:3,Tile:10,Tile:9,Tile:12,Tile:7,Tile:10-Tile:0,Tile:8,Tile:14,Tile:0,Tile:11,Bonus,Tile:8-Tile:1,Destroy,Tile:9,Destroy,Map,Malus,Tile:6-Tile:hidden1,Tile:hidden2,Tile:nugget
Tile:0 4 5 1
Malus 0 0 0
Drop 1 0 1
Tile:9 5 4 0
Drop 4 0 1
Tile:6_flip 5 3 0
Drop 3 0 1
Tile:6 4 3 0
Drop 1 0 1
Tile:6_flip 4 2 0
Drop 4 0 1
Tile:7_flip 3 2 0
Bonus 0 0 1
Tile:9 3 1 0
Tile:5_flip 6 3 1
Tile:6 4 1 0
Tile:7_flip 5 6 1
Tile:1 3 3 0
Tile:5_flip 5 2 1
Tile:8 4 0 0
Tile:8 5 0 1
Tile:0 2 3 0
Tile:8 1 3 1
Destroy 1 3 0
Tile:11 3 0 1
Destroy 2 3 0
Tile:5 6 2 1
Tile:0 2 3 0
Tile:9_flip 6 6 1
Tile:7_flip 1 3 0
Tile:15 1 2 1
Tile:13 1 1 0
Map 12 7 1
Tile:9_flip 5 1 0
Tile:4_flip 6 7 1
Tile:5_flip 2 1 0
Tile:7_flip 0 1 1
Destroy 0 1 0
Map 12 7 1
Tile:9_flip 2 0 0
Drop 2 0 1
Tile:7_flip 3 5 0
Drop 5 0 1
Tile:2 1 0 0
Drop 4 0 1
Tile:3 3 4 0
Tile:8 6 5 1
Drop 0 0 0
Drop 0 0 1
Drop 0 0 0
Drop 0 0 1
Drop 0 0 0
Drop 1 0 1
Drop 0 0 0
Drop 0 0 1
GAMEOVER DRAW
# Game ended: Sat Apr 11 22:50:09 EDT 2020
