# Server version 0.08 running on 192.168.2.12:8123
# Game ID: 142
# Board class: Saboteur.SaboteurBoard
# Timeout: 20000
# First Move Timeout: 30000
# Date: Thu Apr 09 20:46:03 EDT 2020
# Player 1: Player-0, 'RandomPlayer', running on 192.168.2.12
# Player 2: Player-1, '260675971', running on 192.168.2.12
START Player-0 RandomPlayer
START Player-1 260675971
BoardInit:Tile:7,Tile:0,Bonus,Tile:8,Tile:0,Tile:9,Tile:0,Tile:8,Tile:4,Bonus,Map,Malus,Map,Tile:2,Tile:11,Tile:7,Tile:7,Tile:6,Tile:6,Tile:9,Tile:9,Tile:9,Tile:12,Malus,Tile:3,Tile:7,Tile:10,Tile:13,Map,Tile:10,Destroy,Map,Tile:5,Tile:0,Tile:14,Tile:8,Tile:5,Tile:7,Tile:5,Tile:5,Destroy-Tile:8,Map,Bonus,Tile:1,Destroy,Tile:6,Tile:8-Tile:10,Map,Bonus,Tile:6,Tile:15,Tile:9,Tile:6-Tile:nugget,Tile:hidden1,Tile:hidden2
Map 12 7 1
Tile:6 5 6 0
Tile:8 6 5 1
Tile:6 4 6 0
Tile:6 7 5 1
Tile:9_flip 8 5 0
Tile:8 8 4 1
Tile:8 4 5 0
Tile:0 9 4 1
Map 12 7 0
Tile:0 10 4 1
Tile:9_flip 6 4 0
Map 12 5 1
Tile:8 5 4 0
Map 12 3 1
Tile:2 3 5 0
Tile:4 8 3 1
Tile:7 11 4 0
Tile:7_flip 11 5 1
Drop 1 0 0
Tile:7_flip 12 6 1
Tile:10 8 6 0
Tile:9 12 4 1
GAMEOVER WINNER 1
# Game ended: Thu Apr 09 20:46:24 EDT 2020
