# Server version 0.08 running on 192.168.2.12:8123
# Game ID: 220
# Board class: Saboteur.SaboteurBoard
# Timeout: 20000
# First Move Timeout: 30000
# Date: Sun Apr 12 01:39:01 EDT 2020
# Player 1: Player-0, 'RandomPlayer', running on 192.168.2.12
# Player 2: Player-1, '260675971', running on 192.168.2.12
START Player-0 RandomPlayer
START Player-1 260675971
BoardInit:Destroy,Tile:0,Tile:6,Malus,Bonus,Bonus,Tile:2,Tile:8,Map,Tile:7,Tile:0,Map,Tile:6,Tile:9,Tile:6,Tile:7,Map,Tile:10,Tile:15,Tile:6,Tile:10,Tile:6,Tile:11,Tile:9,Tile:13,Tile:5,Tile:8,Tile:5,Tile:8,Tile:9,Malus,Tile:5,Tile:7,Tile:9,Tile:5,Bonus,Tile:10,Destroy,Bonus,Tile:1,Tile:12-Tile:0,Tile:9,Tile:7,Destroy,Tile:4,Map,Map-Tile:14,Map,Tile:8,Tile:7,Tile:3,Tile:0,Tile:8-Tile:hidden1,Tile:nugget,Tile:hidden2
Map 12 7 1
Tile:0 6 5 0
Map 12 5 1
Tile:8 7 5 0
Tile:0 8 5 1
Malus 0 0 0
Bonus 0 0 1
Tile:8 7 6 0
Tile:9_flip 9 5 1
Tile:3 7 4 0
Tile:7 9 4 1
Tile:7_flip 9 6 0
Tile:6 10 6 1
Tile:7_flip 4 5 0
Tile:0 11 6 1
Map 12 7 0
Tile:6 12 6 1
GAMEOVER WINNER 1
# Game ended: Sun Apr 12 01:39:17 EDT 2020
