# Server version 0.08 running on 192.168.2.12:8123
# Game ID: 175
# Board class: Saboteur.SaboteurBoard
# Timeout: 20000
# First Move Timeout: 30000
# Date: Sun Apr 12 00:10:32 EDT 2020
# Player 1: Player-0, '260675971', running on 192.168.2.12
# Player 2: Player-1, 'RandomPlayer', running on 192.168.2.12
START Player-0 260675971
START Player-1 RandomPlayer
BoardInit:Map,Tile:0,Tile:10,Tile:9,Map,Tile:2,Tile:4,Tile:0,Tile:12,Tile:8,Destroy,Destroy,Tile:6,Destroy,Tile:11,Tile:9,Tile:6,Map,Bonus,Tile:8,Tile:9,Malus,Malus,Bonus,Tile:7,Tile:6,Tile:15,Tile:9,Tile:9,Tile:0,Bonus,Tile:7,Tile:7,Tile:5,Tile:1,Tile:0,Tile:7,Tile:8,Tile:5,Tile:6,Tile:6-Tile:7,Map,Tile:8,Tile:5,Bonus,Tile:14,Map-Tile:5,Tile:3,Tile:10,Tile:10,Tile:8,Map,Tile:13-Tile:hidden2,Tile:nugget,Tile:hidden1
Tile:7 6 5 1
Map 12 7 0
Drop 1 0 1
Tile:5_flip 6 6 0
Map 12 5 1
Tile:8 5 4 0
Tile:10 5 3 1
Tile:0 6 4 0
Tile:14_flip 4 4 1
Tile:9_flip 7 4 0
Drop 1 0 1
Tile:8 7 3 0
Map 12 5 1
Tile:0 8 3 0
Tile:12 9 3 1
Tile:10 7 5 0
Tile:11 5 6 1
Tile:10 7 6 0
Tile:5 5 2 1
Map 12 5 0
Destroy 5 2 1
Tile:9 7 7 0
Tile:9_flip 7 2 1
Malus 0 0 0
Map 12 7 1
Tile:8 8 7 0
Malus 0 0 1
Bonus 0 0 0
Drop 6 0 1
Tile:6 9 7 0
Drop 3 0 1
Tile:9 9 6 0
Drop 3 0 1
Tile:0 10 6 0
Drop 4 0 1
Tile:7 11 6 0
Bonus 0 0 1
Tile:5_flip 11 7 0
Tile:7 9 5 1
Tile:0 10 7 0
Tile:4_flip 7 8 1
Tile:8 4 5 0
Tile:6_flip 7 1 1
Tile:6 8 1 0
Tile:5 8 0 1
Tile:3 5 2 0
Tile:6 5 7 1
Tile:13 3 5 0
Tile:7 6 7 1
Tile:2 2 5 0
Tile:7_flip 6 1 1
Destroy 2 5 0
Tile:1 4 7 1
Destroy 3 5 0
Map 12 5 1
GAMEOVER DRAW
# Game ended: Sun Apr 12 00:11:20 EDT 2020
