# Server version 0.08 running on 192.168.2.12:8123
# Game ID: 179
# Board class: Saboteur.SaboteurBoard
# Timeout: 20000
# First Move Timeout: 30000
# Date: Sun Apr 12 00:15:53 EDT 2020
# Player 1: Player-0, 'RandomPlayer', running on 192.168.2.12
# Player 2: Player-1, '260675971', running on 192.168.2.12
START Player-0 RandomPlayer
START Player-1 260675971
BoardInit:Tile:1,Tile:3,Bonus,Tile:6,Bonus,Tile:4,Tile:7,Tile:11,Tile:7,Tile:9,Tile:9,Tile:10,Map,Map,Tile:0,Tile:5,Map,Tile:6,Map,Tile:0,Tile:10,Tile:9,Tile:6,Tile:15,Map,Destroy,Tile:6,Tile:12,Tile:5,Malus,Tile:7,Tile:0,Tile:13,Tile:8,Destroy,Bonus,Tile:6,Tile:8,Tile:10,Bonus,Destroy-Tile:0,Tile:9,Tile:14,Tile:8,Tile:7,Tile:8,Tile:7-Map,Tile:5,Tile:8,Tile:5,Tile:9,Malus,Tile:2-Tile:nugget,Tile:hidden2,Tile:hidden1
Tile:0 6 5 1
Tile:8 7 5 0
Tile:9_flip 8 5 1
Tile:2_flip 4 5 0
Tile:8 8 4 1
Tile:6 7 6 0
Tile:8 9 4 1
Tile:9 3 5 0
Tile:7 9 3 1
Tile:11_flip 8 6 0
Tile:7 10 4 1
Tile:5 8 3 0
Tile:9_flip 10 5 1
Tile:9 7 4 0
Map 12 7 1
Tile:10 3 4 0
Tile:7_flip 10 6 1
Tile:4 4 4 0
Map 12 5 1
Tile:5 3 3 0
Tile:7 11 6 1
Tile:6 4 3 0
Tile:10 11 7 1
Tile:3_flip 11 8 0
Tile:6 12 8 1
Tile:15 7 3 0
Tile:0 13 8 1
Destroy 11 6 0
Tile:6_flip 11 6 1
Tile:12 5 3 0
Tile:5_flip 12 6 1
Tile:5_flip 13 5 0
Tile:7 12 4 1
Tile:0 6 6 0
Tile:14 3 6 1
Tile:8 4 2 0
Tile:1 3 2 1
Tile:9 11 4 0
Tile:6_flip 11 3 1
GAMEOVER WINNER 1
# Game ended: Sun Apr 12 00:16:30 EDT 2020
