# Server version 0.08 running on 192.168.2.12:8123
# Game ID: 114
# Board class: Saboteur.SaboteurBoard
# Timeout: 20000
# First Move Timeout: 30000
# Date: Thu Apr 09 15:36:13 EDT 2020
# Player 1: Player-0, 'Human', running on 192.168.2.12
# Player 2: Player-1, '260675971', running on 192.168.2.12
START Player-0 Human
START Player-1 260675971
BoardInit:Tile:9,Destroy,Bonus,Tile:8,Tile:8,Map,Map,Tile:5,Tile:10,Tile:0,Tile:7,Destroy,Tile:11,Tile:6,Tile:8,Tile:7,Tile:8,Tile:9,Malus,Bonus,Tile:6,Tile:7,Tile:7,Tile:9,Tile:9,Bonus,Tile:7,Tile:2,Tile:9,Tile:4,Tile:6,Tile:6,Tile:5,Tile:5,Tile:5,Tile:13,Map,Tile:8,Tile:1,Bonus,Map-Destroy,Tile:3,Tile:10,Tile:12,Tile:14,Tile:0,Malus-Tile:0,Tile:0,Map,Tile:6,Tile:15,Tile:10,Map-Tile:hidden1,Tile:nugget,Tile:hidden2
Malus 0 0 1
Drop 4 0 0
Tile:12 6 5 1
Map 12 5 0
Tile:10 5 4 1
Map 12 3 0
Tile:9_flip 5 3 1
Drop 4 0 0
Tile:8 5 6 1
Map 12 7 0
Tile:0 4 3 1
Drop 5 0 0
Tile:7 6 6 1
Drop 3 0 0
Tile:10 5 2 1
Destroy 6 5 0
Tile:8 3 3 1
Drop 6 0 0
Tile:8 6 7 1
GAMEOVER USER CANCEL UNDECIDED
# Game ended: Thu Apr 09 15:37:30 EDT 2020
