# Server version 0.08 running on 192.168.2.12:8123
# Game ID: 218
# Board class: Saboteur.SaboteurBoard
# Timeout: 20000
# First Move Timeout: 30000
# Date: Sun Apr 12 01:37:24 EDT 2020
# Player 1: Player-0, 'RandomPlayer', running on 192.168.2.12
# Player 2: Player-1, 'RandomPlayer', running on 192.168.2.12
START Player-0 RandomPlayer
START Player-1 RandomPlayer
BoardInit:Tile:12,Tile:8,Tile:5,Destroy,Tile:0,Tile:5,Tile:2,Tile:1,Tile:14,Bonus,Destroy,Tile:7,Tile:9,Tile:5,Tile:5,Tile:10,Map,Tile:0,Tile:9,Bonus,Bonus,Tile:0,Tile:8,Tile:10,Tile:6,Map,Bonus,Tile:8,Tile:6,Map,Tile:8,Tile:9,Tile:13,Map,Tile:9,Tile:6,Tile:7,Tile:6,Tile:0,Map,Tile:6-Tile:4,Malus,Tile:10,Destroy,Tile:9,Tile:8,Tile:7-Tile:7,Tile:7,Map,Tile:11,Tile:3,Tile:15,Malus-Tile:hidden2,Tile:hidden1,Tile:nugget
Malus 0 0 1
Drop 4 0 0
Tile:12 6 5 1
Drop 5 0 0
Tile:9 4 5 1
Drop 6 0 0
Tile:7_flip 4 6 1
Map 12 5 0
Tile:8 4 4 1
Drop 1 0 0
Tile:14_flip 3 4 1
Bonus 0 0 0
Drop 6 0 1
Tile:8 5 4 0
Tile:0 6 4 1
Tile:15 4 3 0
Tile:9_flip 5 6 1
Tile:7 4 2 0
Destroy 3 4 1
Tile:5 3 2 0
Tile:5_flip 5 7 1
Tile:11 5 3 0
Map 12 7 1
Tile:7 7 4 0
Tile:5_flip 3 3 1
Tile:1 3 4 0
Tile:9 5 2 1
Tile:10 7 5 0
Tile:2 5 1 1
Tile:0 4 7 0
Tile:6 6 3 1
Tile:8 6 2 0
Tile:6_flip 3 7 1
Tile:5 2 4 0
Tile:13 6 1 1
Map 12 3 0
Tile:10 3 8 1
Tile:6 2 7 0
Tile:7_flip 1 7 1
Map 12 7 0
Drop 4 0 1
Tile:6 2 3 0
Tile:6 7 6 1
Tile:10 3 9 0
Tile:9 2 5 1
Drop 3 0 0
Tile:8 8 6 1
Tile:9_flip 9 6 0
Tile:4 2 2 1
Tile:0 4 1 0
Tile:0 3 1 1
Map 12 7 0
Drop 1 0 1
Drop 0 0 0
Drop 0 0 1
GAMEOVER DRAW
# Game ended: Sun Apr 12 01:37:24 EDT 2020
