# Server version 0.08 running on 192.168.2.12:8123
# Game ID: 147
# Board class: Saboteur.SaboteurBoard
# Timeout: 20000
# First Move Timeout: 30000
# Date: Sat Apr 11 22:14:12 EDT 2020
# Player 1: Player-0, '260675971', running on 192.168.2.12
# Player 2: Player-1, 'RandomPlayer', running on 192.168.2.12
START Player-0 260675971
START Player-1 RandomPlayer
BoardInit:Tile:8,Bonus,Map,Tile:3,Tile:0,Tile:9,Tile:7,Tile:4,Tile:6,Tile:9,Tile:8,Tile:0,Tile:9,Tile:6,Tile:0,Tile:5,Bonus,Tile:6,Tile:5,Tile:5,Tile:0,Tile:15,Tile:7,Map,Tile:8,Map,Tile:5,Bonus,Tile:1,Tile:10,Tile:14,Destroy,Tile:12,Tile:8,Tile:7,Tile:7,Tile:9,Tile:11,Tile:13,Tile:8,Malus-Tile:10,Tile:10,Tile:2,Tile:7,Map,Bonus,Tile:6-Destroy,Map,Map,Destroy,Tile:6,Malus,Tile:9-Tile:nugget,Tile:hidden1,Tile:hidden2
Tile:7 5 4 1
Map 12 7 0
Tile:10 5 6 1
Map 12 5 0
Tile:8 5 7 1
Malus 0 0 0
Map 12 5 1
Tile:6 6 5 0
Map 12 5 1
Tile:9 6 4 0
Bonus 0 0 1
Tile:9_flip 6 3 0
Tile:0 4 4 1
Tile:9_flip 7 4 0
Tile:7_flip 3 4 1
Tile:4 7 3 0
Tile:2 6 2 1
Tile:0 7 2 0
Drop 0 0 1
Tile:6 8 2 0
Tile:6 7 5 1
Tile:5_flip 9 2 0
Tile:9_flip 8 1 1
Tile:6 8 5 0
Tile:8 3 3 1
Map 12 3 0
Tile:6_flip 6 7 1
Tile:5_flip 9 5 0
Tile:5 4 7 1
Destroy 3 3 0
Tile:0 7 1 1
Destroy 3 4 0
Drop 4 0 1
Tile:3 7 7 0
Tile:14 4 8 1
Tile:8 9 4 0
Tile:7 9 3 1
Tile:7_flip 5 3 0
Tile:9 5 2 1
Tile:15 5 8 0
Drop 2 0 1
Tile:8 10 4 0
Tile:7 8 0 1
Tile:10 5 1 0
Tile:12_flip 6 1 1
Destroy 4 4 0
Tile:1 4 4 1
Tile:11 3 4 0
Tile:13 3 8 1
Drop 0 0 0
Tile:0 4 5 1
Drop 0 0 0
Malus 0 0 1
Bonus 0 0 0
Drop 0 0 1
GAMEOVER DRAW
# Game ended: Sat Apr 11 22:15:01 EDT 2020
