# Server version 0.08 running on 192.168.2.12:8123
# Game ID: 172
# Board class: Saboteur.SaboteurBoard
# Timeout: 20000
# First Move Timeout: 30000
# Date: Sat Apr 11 23:47:37 EDT 2020
# Player 1: Player-0, '260675971', running on 192.168.2.12
# Player 2: Player-1, 'RandomPlayer', running on 192.168.2.12
START Player-0 260675971
START Player-1 RandomPlayer
BoardInit:Bonus,Destroy,Tile:8,Tile:1,Tile:10,Map,Tile:7,Map,Map,Bonus,Tile:6,Tile:7,Tile:5,Tile:10,Tile:9,Tile:8,Destroy,Tile:9,Tile:5,Tile:3,Tile:11,Tile:10,Tile:8,Malus,Tile:0,Tile:5,Map,Tile:7,Tile:6,Tile:6,Tile:9,Tile:7,Tile:14,Tile:5,Tile:8,Map,Map,Tile:13,Tile:0,Tile:9,Destroy-Tile:0,Tile:12,Tile:4,Tile:6,Malus,Tile:6,Bonus-Tile:8,Tile:2,Tile:0,Bonus,Tile:7,Tile:9,Tile:15-Tile:hidden1,Tile:nugget,Tile:hidden2
Tile:12 6 5 1
Tile:8 5 4 0
Tile:0 6 4 1
Tile:0 7 4 0
Drop 4 0 1
Tile:9_flip 8 4 0
Drop 4 0 1
Map 12 7 0
Tile:7_flip 4 5 1
Map 12 5 0
Tile:6_flip 5 3 1
Tile:7_flip 8 5 0
Drop 2 0 1
Tile:7 9 5 0
Tile:5_flip 9 6 1
Tile:10 8 3 0
Tile:9 4 4 1
Tile:8 8 2 0
Tile:4 8 1 1
Tile:9_flip 9 2 0
Destroy 5 3 1
Tile:2 4 3 0
Tile:11 9 3 1
Tile:10 9 1 0
Drop 2 0 1
Malus 0 0 0
Map 12 5 1
Tile:5_flip 10 3 0
Drop 6 0 1
Tile:7_flip 9 4 0
Drop 1 0 1
Tile:6_flip 10 4 0
Drop 4 0 1
Tile:7 11 4 0
Drop 0 0 1
Tile:5_flip 11 5 0
Drop 3 0 1
Tile:15 5 6 0
Map 12 5 1
Destroy 4 3 0
Drop 2 0 1
Tile:9 10 5 0
Destroy 8 1 1
Tile:1 7 2 0
Drop 4 0 1
Tile:3 4 3 0
Drop 2 0 1
Tile:13 3 3 0
Drop 0 0 1
Drop 0 0 0
Drop 0 0 1
Drop 0 0 0
Drop 1 0 1
Drop 0 0 0
Drop 0 0 1
GAMEOVER DRAW
# Game ended: Sat Apr 11 23:48:26 EDT 2020
