# Server version 0.08 running on 192.168.2.12:8123
# Game ID: 223
# Board class: Saboteur.SaboteurBoard
# Timeout: 20000
# First Move Timeout: 30000
# Date: Sun Apr 12 19:22:06 EDT 2020
# Player 1: Player-0, 'RandomPlayer', running on 192.168.2.12
# Player 2: Player-1, '260675971', running on 192.168.2.12
START Player-0 RandomPlayer
START Player-1 260675971
BoardInit:Tile:13,Tile:15,Destroy,Tile:11,Tile:9,Tile:8,Tile:9,Tile:6,Tile:6,Tile:0,Map,Malus,Tile:3,Tile:9,Tile:5,Tile:7,Tile:10,Map,Malus,Tile:6,Tile:10,Destroy,Tile:9,Tile:1,Map,Tile:8,Bonus,Destroy,Bonus,Tile:0,Map,Tile:0,Tile:5,Tile:7,Tile:5,Tile:8,Map,Bonus,Map,Tile:14,Tile:4-Tile:7,Tile:2,Tile:8,Tile:7,Tile:5,Tile:12,Tile:6-Tile:7,Tile:6,Tile:10,Tile:8,Bonus,Tile:0,Tile:9-Tile:hidden2,Tile:hidden1,Tile:nugget
Tile:7 6 5 1
Tile:9 6 6 0
Tile:8 6 7 1
Tile:0 5 7 0
Tile:7 7 7 1
Drop 2 0 0
Tile:5_flip 7 6 1
Tile:15 5 4 0
Tile:9 7 5 1
Tile:6 8 5 0
Tile:6 9 5 1
Tile:7_flip 4 7 0
Map 12 7 1
Tile:8 9 4 0
Tile:9_flip 10 5 1
Tile:6_flip 9 3 0
Tile:6 10 6 1
Tile:7 10 4 0
Tile:5_flip 11 6 1
Tile:9_flip 5 3 0
Malus 0 0 1
Drop 1 0 0
Tile:10 11 5 1
Drop 5 0 0
Tile:10 11 4 1
Drop 0 0 0
Tile:9 11 3 1
Drop 0 0 0
Tile:2 4 6 1
Drop 2 0 0
Tile:12 10 3 1
Destroy 10 6 0
Tile:13 3 6 1
Destroy 11 4 0
Tile:5 11 2 1
Drop 0 0 0
GAMEOVER ILLEGAL MOVE: Player 1, CardUsed: (Tile:5_flip), PosOfUse: (12, 2) WINNER 0
# Game ended: Sun Apr 12 19:22:40 EDT 2020
