# Server version 0.08 running on 192.168.2.12:8123
# Game ID: 189
# Board class: Saboteur.SaboteurBoard
# Timeout: 20000
# First Move Timeout: 30000
# Date: Sun Apr 12 00:46:32 EDT 2020
# Player 1: Player-0, 'RandomPlayer', running on 192.168.2.12
# Player 2: Player-1, '260675971', running on 192.168.2.12
START Player-0 RandomPlayer
START Player-1 260675971
BoardInit:Bonus,Tile:9,Map,Tile:9,Tile:8,Map,Tile:8,Tile:0,Tile:8,Tile:0,Bonus,Tile:6,Tile:5,Tile:9,Tile:10,Tile:9,Tile:10,Malus,Bonus,Tile:6,Destroy,Tile:9,Tile:8,Tile:11,Tile:14,Tile:5,Malus,Tile:0,Tile:5,Tile:7,Destroy,Map,Tile:5,Tile:2,Tile:7,Tile:10,Tile:15,Tile:0,Tile:7,Bonus,Tile:13-Tile:12,Tile:3,Destroy,Tile:4,Map,Tile:6,Tile:6-Map,Tile:1,Tile:7,Tile:8,Tile:6,Map,Tile:7-Tile:hidden1,Tile:nugget,Tile:hidden2
Map 12 7 1
Map 12 3 0
Tile:3_flip 5 6 1
Tile:8 6 6 0
Map 12 5 1
Tile:9 6 7 0
Tile:6 7 6 1
Tile:7 6 5 0
Tile:6 8 6 1
Tile:7_flip 4 5 0
Tile:8 8 5 1
Tile:9_flip 4 4 0
Tile:8 9 5 1
Tile:6_flip 4 3 0
Tile:8 10 5 1
Tile:6_flip 3 3 0
Tile:5_flip 11 5 1
Tile:9 7 5 0
Tile:10 11 4 1
Tile:9 9 4 0
Tile:10 10 6 1
Tile:6 3 4 0
Tile:12 5 3 1
Tile:9 7 4 0
Tile:8 11 3 1
Tile:0 13 3 0
Destroy 3 3 1
Tile:0 7 7 0
Malus 0 0 1
Drop 2 0 0
Tile:5 12 2 1
Map 12 5 0
Tile:4 5 4 1
Malus 0 0 0
Bonus 0 0 1
Drop 4 0 0
Tile:7_flip 12 4 1
Drop 3 0 0
Tile:5 10 3 1
Map 12 5 0
Tile:7 13 4 1
Drop 4 0 0
Destroy 3 4 1
Bonus 0 0 0
Tile:14 6 8 1
Drop 3 0 0
Destroy 4 3 1
Tile:0 8 7 0
Tile:15 7 3 1
Tile:5_flip 9 6 0
Tile:13 4 3 1
Tile:11 10 7 0
Drop 0 0 1
Tile:1 11 7 0
Drop 0 0 1
GAMEOVER DRAW
# Game ended: Sun Apr 12 00:47:23 EDT 2020
