# Server version 0.08 running on 192.168.2.12:8123
# Game ID: 130
# Board class: Saboteur.SaboteurBoard
# Timeout: 20000
# First Move Timeout: 30000
# Date: Thu Apr 09 18:13:30 EDT 2020
# Player 1: Player-0, 'RandomPlayer', running on 192.168.2.12
# Player 2: Player-1, 'Human', running on 192.168.2.12
START Player-0 RandomPlayer
START Player-1 Human
BoardInit:Tile:15,Destroy,Tile:8,Tile:7,Tile:0,Tile:10,Tile:6,Tile:2,Tile:9,Tile:5,Tile:5,Tile:7,Tile:10,Tile:9,Map,Tile:9,Malus,Malus,Tile:8,Tile:0,Tile:0,Bonus,Tile:8,Destroy,Tile:0,Map,Tile:8,Destroy,Tile:8,Map,Tile:7,Tile:5,Bonus,Tile:7,Map,Tile:13,Map,Tile:11,Map,Tile:6,Tile:6-Tile:1,Tile:12,Bonus,Tile:14,Tile:9,Tile:5,Tile:10-Tile:9,Tile:4,Tile:6,Tile:6,Tile:3,Bonus,Tile:7-Tile:nugget,Tile:hidden1,Tile:hidden2
Tile:10 5 4 1
Tile:6 4 5 0
Tile:5 5 3 1
Tile:3_flip 3 5 0
Tile:8 6 3 1
Tile:9_flip 7 3 0
Tile:9 7 4 1
Tile:4 7 2 0
Tile:6 8 4 1
Tile:7 6 2 0
Tile:9 8 3 1
Tile:7_flip 5 2 0
Tile:0 9 3 1
Tile:10 6 4 0
Tile:10 8 2 1
Tile:2_flip 7 5 0
Map 12 3 1
Tile:9_flip 3 4 0
