# Server version 0.08 running on 192.168.2.12:8123
# Game ID: 237
# Board class: Saboteur.SaboteurBoard
# Timeout: 20000
# First Move Timeout: 30000
# Date: Sun Apr 12 19:42:25 EDT 2020
# Player 1: Player-0, 'RandomPlayer', running on 192.168.2.12
# Player 2: Player-1, '260675971', running on 192.168.2.12
START Player-0 RandomPlayer
START Player-1 260675971
BoardInit:Tile:8,Tile:7,Tile:7,Bonus,Map,Tile:9,Tile:0,Tile:12,Malus,Map,Tile:6,Bonus,Tile:9,Tile:13,Tile:11,Tile:7,Destroy,Tile:5,Tile:0,Destroy,Tile:0,Map,Tile:5,Tile:9,Tile:6,Map,Tile:9,Tile:2,Map,Tile:7,Bonus,Tile:10,Tile:8,Malus,Tile:14,Tile:7,Tile:10,Tile:3,Tile:9,Tile:8,Map-Tile:6,Bonus,Tile:5,Tile:1,Tile:10,Tile:5,Tile:6-Tile:8,Destroy,Tile:8,Tile:15,Tile:0,Tile:6,Tile:4-Tile:hidden2,Tile:nugget,Tile:hidden1
Tile:6 6 5 1
Tile:6_flip 5 4 0
Tile:5_flip 7 5 1
Tile:0 4 5 0
Tile:8 7 4 1
Destroy 7 5 0
Map 12 7 1
Tile:7_flip 3 5 0
Tile:6_flip 8 4 1
Tile:15 7 3 0
Malus 0 0 1
Drop 1 0 0
Tile:5_flip 8 5 1
Drop 0 0 0
Tile:9_flip 9 4 1
Bonus 0 0 0
Tile:7 9 3 1
Tile:9 3 4 0
Tile:10 9 5 1
Tile:7 3 3 0
Tile:6 7 5 1
Destroy 8 4 0
Tile:0 4 4 1
Map 12 5 0
Tile:5_flip 9 6 1
Drop 4 0 0
Tile:0 8 6 1
Map 12 3 0
Tile:6_flip 8 4 1
Tile:4_flip 5 6 0
Map 12 5 1
Tile:12_flip 8 3 0
Tile:0 7 6 1
Tile:7 7 2 0
Tile:8 6 4 1
Tile:13 6 2 0
Tile:9_flip 6 3 1
Tile:7_flip 2 3 0
Tile:10 6 1 1
Tile:9 5 2 0
Tile:9 6 0 1
Map 12 3 0
GAMEOVER USER CANCEL UNDECIDED
# Game ended: Sun Apr 12 19:43:03 EDT 2020
