# Server version 0.08 running on 192.168.2.12:8123
# Game ID: 153
# Board class: Saboteur.SaboteurBoard
# Timeout: 20000
# First Move Timeout: 30000
# Date: Sat Apr 11 22:33:40 EDT 2020
# Player 1: Player-0, '260675971', running on 192.168.2.12
# Player 2: Player-1, 'RandomPlayer', running on 192.168.2.12
START Player-0 260675971
START Player-1 RandomPlayer
BoardInit:Tile:15,Tile:14,Malus,Tile:7,Tile:7,Tile:12,Tile:0,Tile:1,Malus,Map,Bonus,Tile:9,Bonus,Map,Map,Destroy,Tile:7,Tile:2,Tile:10,Tile:8,Tile:11,Tile:5,Bonus,Tile:9,Tile:6,Bonus,Tile:0,Tile:9,Tile:6,Tile:9,Map,Tile:8,Tile:5,Tile:9,Tile:10,Destroy,Tile:6,Tile:6,Tile:5,Tile:8,Destroy-Tile:8,Tile:0,Tile:8,Tile:0,Tile:7,Tile:10,Tile:4-Map,Tile:6,Tile:7,Map,Tile:5,Tile:3,Tile:13-Tile:hidden1,Tile:nugget,Tile:hidden2
Tile:8 5 6 1
Tile:6 6 5 0
Tile:8 7 5 1
Tile:5_flip 8 5 0
Tile:15 8 4 1
Tile:7_flip 7 6 0
Tile:7 8 6 1
Tile:7_flip 8 7 0
Tile:7_flip 4 5 1
Tile:3 4 4 0
Tile:0 3 4 1
Tile:13 2 4 0
Tile:10 5 4 1
Tile:9_flip 8 3 0
Tile:0 1 4 1
Tile:14 2 5 0
Drop 6 0 1
Tile:12 6 6 0
Tile:7_flip 7 3 1
Tile:1 1 5 0
Tile:0 9 7 1
Tile:8 10 7 0
Tile:11 10 6 1
Tile:5_flip 11 6 0
Drop 4 0 1
Tile:9_flip 11 5 0
Tile:10 6 4 1
Destroy 1 4 0
Tile:4 7 4 1
Tile:9 11 4 0
Malus 0 0 1
Bonus 0 0 0
Tile:6 12 4 1
Tile:9_flip 11 3 0
Tile:6_flip 8 2 1
Tile:8 11 2 0
Map 12 3 1
Tile:9_flip 12 2 0
Tile:5_flip 9 2 1
Tile:6_flip 11 7 0
Tile:6_flip 10 3 1
Tile:8 10 5 0
Destroy 11 3 1
Tile:2 0 5 0
Drop 4 0 1
Destroy 0 5 0
Malus 0 0 1
Drop 0 0 0
Tile:5 12 6 1
Drop 0 0 0
Tile:0 0 5 1
Drop 0 0 0
Drop 1 0 1
Drop 0 0 0
Drop 0 0 1
GAMEOVER DRAW
# Game ended: Sat Apr 11 22:34:28 EDT 2020
