# Server version 0.08 running on 192.168.2.12:8123
# Game ID: 167
# Board class: Saboteur.SaboteurBoard
# Timeout: 20000
# First Move Timeout: 30000
# Date: Sat Apr 11 23:29:16 EDT 2020
# Player 1: Player-0, '260675971', running on 192.168.2.12
# Player 2: Player-1, 'RandomPlayer', running on 192.168.2.12
START Player-0 260675971
START Player-1 RandomPlayer
BoardInit:Tile:10,Tile:7,Tile:7,Map,Map,Map,Map,Tile:8,Tile:5,Tile:0,Tile:9,Tile:8,Tile:2,Tile:6,Tile:10,Tile:9,Destroy,Tile:13,Tile:7,Tile:8,Tile:4,Destroy,Tile:6,Tile:9,Map,Tile:0,Tile:6,Tile:7,Tile:6,Destroy,Bonus,Tile:15,Tile:0,Tile:11,Tile:1,Tile:5,Tile:7,Tile:3,Tile:9,Tile:6,Bonus-Tile:5,Tile:0,Map,Malus,Bonus,Tile:8,Malus-Tile:5,Tile:12,Bonus,Tile:8,Tile:9,Tile:10,Tile:14-Tile:nugget,Tile:hidden2,Tile:hidden1
Map 12 7 1
Tile:5_flip 6 5 0
Drop 1 0 1
Tile:8 6 4 0
Tile:5 6 3 1
Map 12 7 0
Drop 6 0 1
Map 12 5 0
Drop 3 0 1
Tile:9_flip 7 3 0
Drop 1 0 1
Tile:10 7 2 0
Tile:7_flip 5 6 1
Tile:8 7 4 0
Tile:5 4 5 1
Tile:7 8 4 0
Malus 0 0 1
Bonus 0 0 0
Tile:9_flip 4 6 1
Tile:8 8 5 0
Destroy 6 5 1
Tile:0 9 5 0
Tile:10 7 1 1
Tile:6 10 5 0
Tile:7 10 4 1
Tile:9_flip 11 5 0
Tile:8 5 4 1
Tile:9 11 4 0
Tile:6 11 6 1
Tile:8 11 3 0
GAMEOVER WINNER 0
# Game ended: Sat Apr 11 23:29:43 EDT 2020
