# Server version 0.08 running on 192.168.2.12:8123
# Game ID: 173
# Board class: Saboteur.SaboteurBoard
# Timeout: 20000
# First Move Timeout: 30000
# Date: Sun Apr 12 00:09:34 EDT 2020
# Player 1: Player-0, '260675971', running on 192.168.2.12
# Player 2: Player-1, 'RandomPlayer', running on 192.168.2.12
START Player-0 260675971
START Player-1 RandomPlayer
BoardInit:Tile:7,Tile:5,Map,Tile:6,Bonus,Destroy,Tile:6,Tile:0,Tile:9,Tile:9,Tile:6,Tile:0,Bonus,Tile:2,Tile:13,Tile:9,Tile:10,Malus,Map,Tile:8,Tile:15,Destroy,Tile:7,Tile:8,Tile:10,Tile:9,Tile:14,Malus,Tile:6,Tile:10,Map,Tile:7,Tile:6,Tile:4,Tile:5,Tile:3,Tile:0,Tile:9,Tile:7,Map,Tile:7-Map,Destroy,Map,Bonus,Tile:11,Tile:0,Tile:8-Tile:1,Bonus,Tile:12,Tile:8,Tile:5,Tile:8,Tile:5-Tile:nugget,Tile:hidden1,Tile:hidden2
Drop 2 0 1
Tile:8 6 5 0
Tile:0 7 5 1
Tile:5_flip 8 5 0
Tile:8 6 4 1
Tile:8 8 4 0
Tile:7_flip 6 6 1
Tile:5_flip 9 4 0
Tile:11_flip 8 3 1
Tile:5 9 3 0
Tile:6_flip 5 4 1
Tile:6 10 3 0
Tile:6 7 4 1
Tile:0 11 3 0
GAMEOVER WINNER 0
# Game ended: Sun Apr 12 00:09:47 EDT 2020
