# Server version 0.08 running on 192.168.2.12:8123
# Game ID: 133
# Board class: Saboteur.SaboteurBoard
# Timeout: 20000
# First Move Timeout: 30000
# Date: Thu Apr 09 20:29:27 EDT 2020
# Player 1: Player-0, '260675971', running on 192.168.2.12
# Player 2: Player-1, 'RandomPlayer', running on 192.168.2.12
START Player-0 260675971
START Player-1 RandomPlayer
BoardInit:Tile:9,Tile:7,Map,Tile:8,Malus,Tile:5,Tile:8,Destroy,Tile:10,Map,Tile:7,Tile:6,Tile:11,Tile:15,Destroy,Tile:7,Bonus,Tile:5,Tile:9,Tile:9,Tile:6,Tile:7,Tile:3,Tile:6,Tile:10,Tile:4,Bonus,Tile:6,Bonus,Tile:8,Tile:7,Tile:5,Malus,Tile:0,Tile:0,Tile:9,Tile:9,Tile:12,Tile:8,Map,Tile:0-Bonus,Destroy,Tile:13,Tile:2,Tile:6,Map,Tile:1-Tile:5,Tile:10,Map,Tile:8,Map,Tile:14,Tile:0-Tile:hidden1,Tile:nugget,Tile:hidden2
Drop 3 0 1
Tile:5 4 5 0
Drop 1 0 1
Tile:10 5 4 0
Tile:6 5 6 1
Map 12 7 0
Map 12 3 1
Drop 2 0 0
Tile:8 4 6 1
Drop 2 0 0
Tile:13 6 6 1
Tile:7_flip 6 7 0
Tile:1 7 6 1
Tile:6 4 7 0
Tile:7_flip 3 7 1
Drop 2 0 0
Tile:11 3 6 1
Tile:8 5 3 0
Tile:9_flip 3 5 1
Drop 1 0 0
Map 12 7 1
Tile:7 8 6 0
Tile:9_flip 3 4 1
Destroy 4 5 0
Tile:3_flip 4 3 1
Drop 3 0 0
Destroy 6 6 1
Tile:4 3 3 0
Tile:6 6 5 1
Tile:6 2 5 0
Tile:10 4 2 1
Tile:9 4 5 0
Tile:10 5 2 1
Drop 6 0 0
Tile:7 5 7 1
Tile:8 2 4 0
Drop 2 0 1
Map 12 7 0
Malus 0 0 1
Map 12 5 0
Tile:9 5 1 1
Drop 6 0 0
Tile:8 5 0 1
Drop 1 0 0
Tile:0 4 0 1
Drop 3 0 0
Tile:0 3 0 1
Drop 0 0 0
Drop 2 0 1
Drop 2 0 0
Drop 0 0 1
Drop 0 0 0
Malus 0 0 1
Drop 0 0 0
Drop 0 0 1
GAMEOVER DRAW
# Game ended: Thu Apr 09 20:29:27 EDT 2020
