# Server version 0.08 running on 192.168.2.12:8123
# Game ID: 186
# Board class: Saboteur.SaboteurBoard
# Timeout: 20000
# First Move Timeout: 30000
# Date: Sun Apr 12 00:43:34 EDT 2020
# Player 1: Player-0, '260675971', running on 192.168.2.12
# Player 2: Player-1, 'RandomPlayer', running on 192.168.2.12
START Player-0 260675971
START Player-1 RandomPlayer
BoardInit:Tile:4,Tile:3,Tile:0,Tile:7,Tile:5,Tile:12,Map,Tile:10,Map,Destroy,Tile:2,Map,Tile:13,Tile:7,Tile:5,Destroy,Malus,Tile:7,Tile:14,Tile:10,Tile:7,Tile:9,Tile:6,Map,Tile:6,Bonus,Tile:11,Tile:0,Tile:8,Tile:5,Tile:6,Map,Tile:8,Bonus,Tile:5,Tile:9,Tile:7,Tile:9,Destroy,Tile:8,Tile:1-Tile:0,Map,Tile:6,Tile:8,Bonus,Tile:0,Tile:6-Tile:9,Tile:8,Bonus,Tile:9,Tile:10,Malus,Tile:15-Tile:nugget,Tile:hidden2,Tile:hidden1
Tile:6_flip 4 5 1
Tile:8 5 4 0
Tile:8 5 3 1
Tile:9 5 6 0
Tile:6_flip 5 2 1
Tile:7_flip 4 4 0
Drop 6 0 1
Tile:15 4 6 0
Tile:0 6 2 1
Tile:12 6 3 0
Tile:0 3 5 1
Tile:3 6 4 0
Tile:0 2 5 1
Tile:9_flip 6 5 0
Drop 2 0 1
Destroy 5 6 0
Tile:5_flip 6 6 1
Drop 0 0 0
Tile:2_flip 4 2 1
Tile:7 7 2 0
Map 12 7 1
Tile:7 4 1 0
Malus 0 0 1
Destroy 4 2 0
Tile:13 4 3 1
Drop 2 0 0
Tile:7_flip 7 3 1
Map 12 3 0
Tile:14 8 3 1
Drop 2 0 0
Tile:6_flip 1 5 1
Malus 0 0 0
Map 12 7 1
Map 12 7 0
Drop 4 0 1
Bonus 0 0 0
Map 12 7 1
Tile:5 3 1 0
Drop 0 0 1
Tile:9 3 3 0
Drop 2 0 1
Map 12 3 0
Drop 0 0 1
Tile:8 4 7 0
Drop 4 0 1
Tile:9_flip 4 8 0
Drop 2 0 1
Tile:10 3 2 0
Drop 0 0 1
Tile:9 4 2 0
Drop 0 0 1
Tile:0 0 5 0
Drop 1 0 1
Drop 0 0 0
Drop 0 0 1
GAMEOVER DRAW
# Game ended: Sun Apr 12 00:43:35 EDT 2020
