# Server version 0.08 running on 192.168.2.12:8123
# Game ID: 118
# Board class: Saboteur.SaboteurBoard
# Timeout: 20000
# First Move Timeout: 30000
# Date: Thu Apr 09 17:08:26 EDT 2020
# Player 1: Player-0, '260675971', running on 192.168.2.12
# Player 2: Player-1, 'RandomPlayer', running on 192.168.2.12
START Player-0 260675971
START Player-1 RandomPlayer
BoardInit:Tile:8,Tile:9,Tile:6,Tile:0,Tile:12,Malus,Tile:8,Tile:7,Tile:0,Tile:5,Tile:3,Tile:2,Tile:7,Tile:7,Tile:14,Tile:5,Tile:9,Tile:10,Map,Tile:10,Tile:8,Map,Tile:6,Map,Map,Map,Tile:11,Tile:4,Map,Bonus,Bonus,Tile:8,Bonus,Tile:9,Destroy,Bonus,Tile:9,Malus,Tile:10,Tile:7,Tile:6-Tile:5,Tile:9,Tile:0,Tile:6,Tile:8,Tile:7,Tile:13-Tile:0,Tile:1,Tile:6,Destroy,Destroy,Tile:5,Tile:15-Tile:hidden1,Tile:nugget,Tile:hidden2
Tile:9_flip 6 5 1
Tile:6_flip 6 4 0
Tile:5 5 4 1
Tile:0 7 4 0
Tile:6_flip 8 4 1
Tile:5_flip 8 5 0
Tile:12_flip 4 5 1
Malus 0 0 0
Drop 1 0 1
Tile:9_flip 9 4 0
Drop 4 0 1
Tile:7_flip 9 5 0
Drop 0 0 1
Tile:0 10 5 0
Drop 0 0 1
Tile:5_flip 11 5 0
Drop 5 0 1
Tile:7_flip 6 6 0
Drop 3 0 1
Tile:5_flip 7 6 0
Map 12 7 1
Destroy 4 5 0
Drop 0 0 1
Tile:1 4 5 0
Drop 2 0 1
Destroy 4 5 0
Drop 3 0 1
Tile:15 5 6 0
Drop 4 0 1
Tile:4 11 4 0
Map 12 7 1
Tile:2 4 5 0
Bonus 0 0 1
Tile:8 9 3 0
Tile:14_flip 7 5 1
Tile:9_flip 10 3 0
Drop 3 0 1
Tile:10 4 6 0
Tile:9 9 2 1
Malus 0 0 0
Destroy 6 5 1
Tile:7_flip 8 3 0
Bonus 0 0 1
Tile:10 4 7 0
Tile:10 9 1 1
Drop 0 0 0
Tile:6 4 8 1
Drop 0 0 0
Tile:8 5 8 1
Drop 0 0 0
Tile:8 5 9 1
Drop 0 0 0
Tile:8 5 10 1
Drop 0 0 0
Map 12 5 1
GAMEOVER DRAW
# Game ended: Thu Apr 09 17:09:15 EDT 2020
