# Server version 0.08 running on 192.168.2.12:8123
# Game ID: 243
# Board class: Saboteur.SaboteurBoard
# Timeout: 20000
# First Move Timeout: 30000
# Date: Sun Apr 12 19:51:34 EDT 2020
# Player 1: Player-0, 'RandomPlayer', running on 192.168.2.12
# Player 2: Player-1, '260675971', running on 192.168.2.12
START Player-0 RandomPlayer
START Player-1 260675971
BoardInit:Tile:2,Tile:8,Tile:5,Tile:11,Tile:5,Destroy,Tile:6,Tile:9,Tile:7,Tile:6,Tile:10,Tile:0,Tile:6,Tile:9,Tile:8,Tile:9,Malus,Tile:15,Map,Tile:10,Tile:1,Tile:8,Tile:7,Map,Malus,Tile:3,Tile:0,Map,Map,Destroy,Destroy,Tile:14,Tile:5,Tile:13,Tile:9,Bonus,Tile:6,Tile:4,Tile:7,Tile:0,Bonus-Map,Map,Tile:0,Tile:12,Bonus,Tile:6,Tile:5-Tile:9,Tile:8,Tile:8,Bonus,Tile:7,Tile:10,Tile:7-Tile:nugget,Tile:hidden1,Tile:hidden2
Map 12 7 1
Tile:7 5 4 0
Map 12 5 1
Tile:9 5 6 0
Tile:0 6 5 1
Drop 4 0 0
Tile:6 7 5 1
Destroy 6 5 0
Tile:5_flip 8 5 1
Tile:8 8 4 0
Tile:5_flip 9 4 1
Tile:10 9 3 0
Tile:5 9 2 1
Drop 6 0 0
Tile:6 10 2 1
Tile:9_flip 10 1 0
Tile:7 11 2 1
Tile:9_flip 8 3 0
Malus 0 0 1
Drop 3 0 0
Tile:6 11 3 1
Drop 2 0 0
Tile:10 10 0 1
Drop 3 0 0
Tile:8 7 3 1
Drop 5 0 0
Tile:7 8 2 1
Map 12 5 0
Tile:0 9 1 1
Drop 6 0 0
Tile:12 6 6 1
Destroy 5 6 0
Tile:2 4 4 1
Drop 4 0 0
Tile:5 10 3 1
Drop 0 0 0
Malus 0 0 1
Drop 3 0 0
Tile:9 7 2 1
Bonus 0 0 0
Tile:7_flip 10 4 1
Drop 4 0 0
Tile:6_flip 11 4 1
Drop 1 0 0
Tile:1 3 4 1
Drop 3 0 0
Destroy 3 4 1
Drop 0 0 0
Drop 1 0 1
Drop 2 0 0
Drop 0 0 1
Drop 0 0 0
Drop 1 0 1
Drop 0 0 0
Drop 0 0 1
GAMEOVER DRAW
# Game ended: Sun Apr 12 19:52:24 EDT 2020
