# Server version 0.08 running on 192.168.2.12:8123
# Game ID: 252
# Board class: Saboteur.SaboteurBoard
# Timeout: 20000
# First Move Timeout: 30000
# Date: Sun Apr 12 19:28:21 EDT 2020
# Player 1: Player-0, 'RandomPlayer', running on 192.168.2.12
# Player 2: Player-1, '260675971', running on 192.168.2.12
START Player-0 RandomPlayer
START Player-1 260675971
BoardInit:Destroy,Tile:9,Map,Tile:0,Bonus,Malus,Tile:9,Tile:14,Map,Tile:9,Tile:7,Tile:3,Map,Tile:8,Tile:11,Tile:7,Tile:10,Tile:8,Bonus,Tile:9,Tile:1,Tile:7,Tile:15,Tile:13,Tile:5,Destroy,Tile:6,Tile:6,Tile:10,Tile:5,Map,Tile:2,Tile:6,Map,Tile:7,Tile:0,Tile:5,Bonus,Tile:0,Tile:6,Tile:4-Map,Tile:8,Tile:12,Tile:0,Tile:7,Malus,Tile:6-Bonus,Tile:8,Tile:10,Tile:5,Destroy,Tile:8,Tile:9-Tile:nugget,Tile:hidden2,Tile:hidden1
Map 12 7 1
Tile:5 4 5 0
Malus 0 0 1
Bonus 0 0 0
Map 12 5 1
Tile:9 4 6 0
Tile:8 5 4 1
Malus 0 0 0
Bonus 0 0 1
Tile:14 4 7 0
Tile:0 6 4 1
Drop 0 0 0
Tile:6 7 4 1
Tile:9_flip 5 6 0
Tile:9_flip 8 4 1
Tile:3_flip 3 7 0
Tile:7 8 3 1
Tile:8 8 5 0
Tile:7 9 5 1
Tile:7 6 5 0
Tile:10 9 6 1
Tile:9 7 3 0
Tile:12_flip 4 4 1
Tile:10 7 2 0
Destroy 3 7 1
Tile:9 6 6 0
Tile:5 7 1 1
Destroy 9 5 0
Tile:6_flip 9 5 1
Destroy 8 3 0
Tile:10 8 6 1
Tile:13 8 7 0
Tile:11 5 7 1
Tile:8 6 7 0
Tile:6 10 5 1
Tile:7 8 3 0
Tile:7 10 4 1
Tile:0 3 7 0
Tile:5_flip 11 5 1
Tile:2_flip 5 8 0
Tile:0 8 1 1
Drop 1 0 0
Tile:1 2 7 1
Tile:8 6 8 0
Tile:15 5 3 1
Tile:6 9 7 0
Tile:4 5 2 1
Tile:0 7 8 0
Drop 0 0 1
Tile:5 4 8 0
Drop 0 0 1
Map 12 7 0
Drop 0 0 1
Drop 0 0 0
Drop 0 0 1
GAMEOVER DRAW
# Game ended: Sun Apr 12 19:29:12 EDT 2020
