# Server version 0.08 running on 192.168.2.12:8123
# Game ID: 166
# Board class: Saboteur.SaboteurBoard
# Timeout: 20000
# First Move Timeout: 30000
# Date: Sat Apr 11 23:12:29 EDT 2020
# Player 1: Player-0, '260675971', running on 192.168.2.12
# Player 2: Player-1, 'RandomPlayer', running on 192.168.2.12
START Player-0 260675971
START Player-1 RandomPlayer
BoardInit:Bonus,Bonus,Tile:4,Malus,Tile:9,Tile:5,Map,Tile:0,Map,Tile:10,Destroy,Destroy,Tile:7,Tile:9,Tile:15,Tile:6,Tile:8,Tile:0,Tile:1,Tile:6,Tile:12,Tile:8,Map,Tile:9,Bonus,Tile:7,Tile:5,Tile:6,Tile:7,Tile:10,Malus,Tile:0,Tile:5,Tile:14,Tile:6,Tile:8,Tile:7,Tile:3,Map,Tile:9,Tile:0-Tile:6,Bonus,Tile:8,Tile:7,Map,Tile:10,Tile:8-Tile:13,Destroy,Tile:11,Tile:5,Tile:9,Map,Tile:2-Tile:hidden2,Tile:hidden1,Tile:nugget
Tile:7 5 4 1
Map 12 7 0
Tile:8 5 6 1
Tile:5_flip 5 7 0
Tile:6_flip 4 7 1
Malus 0 0 0
Map 12 3 1
Tile:9_flip 6 6 0
Drop 6 0 1
Tile:5_flip 4 8 0
Bonus 0 0 1
Tile:10 6 7 0
Map 12 3 1
Tile:0 4 6 0
Tile:9 6 8 1
Tile:9_flip 7 8 0
Tile:8 3 7 1
Tile:6 7 9 0
Tile:8 6 5 1
Tile:0 8 9 0
Tile:7 9 9 1
Tile:6 9 10 0
Destroy 4 7 1
Tile:8 10 10 0
Tile:15 6 4 1
Tile:9 10 9 0
Tile:1 2 7 1
Tile:7 10 8 0
Map 12 3 1
Tile:6 11 9 0
Tile:7_flip 10 11 1
Tile:10 11 8 0
Tile:5_flip 11 11 1
Tile:0 12 9 0
Drop 0 0 1
Tile:13 1 7 0
Tile:4 11 7 1
Tile:8 13 9 0
Tile:5 0 7 1
Destroy 0 7 0
Tile:7 11 10 1
Tile:9 13 8 0
Drop 5 0 1
Tile:11 1 6 0
Tile:0 9 8 1
Tile:2 1 5 0
Tile:6 0 7 1
Destroy 0 7 0
Drop 3 0 1
Tile:14 2 5 0
Tile:12 2 6 1
Tile:3 2 4 0
Drop 1 0 1
Drop 0 0 0
Drop 0 0 1
GAMEOVER DRAW
# Game ended: Sat Apr 11 23:13:18 EDT 2020
