# Server version 0.08 running on 192.168.2.12:8123
# Game ID: 269
# Board class: Saboteur.SaboteurBoard
# Timeout: 20000
# First Move Timeout: 30000
# Date: Sun Apr 12 20:12:31 EDT 2020
# Player 1: Player-0, '260675971', running on 192.168.2.12
# Player 2: Player-1, '260675971', running on 192.168.2.12
START Player-0 260675971
START Player-1 260675971
BoardInit:Tile:5,Tile:6,Tile:7,Tile:15,Tile:0,Tile:9,Tile:6,Tile:7,Map,Bonus,Tile:8,Tile:5,Tile:0,Tile:9,Tile:6,Tile:6,Tile:6,Tile:9,Tile:9,Bonus,Tile:12,Tile:8,Tile:3,Malus,Destroy,Destroy,Tile:11,Bonus,Tile:7,Map,Tile:8,Tile:8,Tile:1,Tile:4,Bonus,Tile:13,Tile:8,Tile:9,Map,Tile:2,Tile:7-Tile:10,Tile:10,Tile:0,Tile:14,Tile:7,Map,Tile:5-Map,Tile:10,Tile:0,Malus,Map,Destroy,Tile:5-Tile:nugget,Tile:hidden2,Tile:hidden1
Map 12 7 1
Map 12 7 0
Tile:7 6 5 1
Map 12 5 0
Tile:5_flip 6 6 1
Malus 0 0 0
Drop 2 0 1
Tile:10 5 4 0
Drop 0 0 1
Tile:6_flip 5 3 0
Map 12 5 1
Tile:0 6 3 0
Drop 2 0 1
Tile:7 7 3 0
Drop 2 0 1
Tile:9_flip 7 4 0
Drop 1 0 1
Tile:9 7 5 0
Drop 0 0 1
Tile:5_flip 8 5 0
Drop 2 0 1
Tile:5 8 4 0
Drop 1 0 1
Tile:9_flip 9 4 0
Drop 0 0 1
Tile:6_flip 9 3 0
Destroy 5 4 1
Tile:8 5 4 0
Drop 2 0 1
Malus 0 0 0
Drop 2 0 1
Destroy 6 3 0
Drop 2 0 1
Tile:8 6 3 0
Drop 0 0 1
Tile:15 6 2 0
Drop 1 0 1
Destroy 6 2 0
Drop 1 0 1
Tile:9 9 5 0
Bonus 0 0 1
Tile:4_flip 7 6 0
Drop 1 0 1
Tile:13 4 3 0
Drop 2 0 1
Tile:2 4 5 0
Drop 1 0 1
Drop 0 0 0
Drop 0 0 1
Drop 0 0 0
Drop 2 0 1
Drop 1 0 0
Drop 0 0 1
Drop 0 0 0
Drop 0 0 1
GAMEOVER DRAW
# Game ended: Sun Apr 12 20:14:11 EDT 2020
