# Server version 0.08 running on 192.168.2.12:8123
# Game ID: 165
# Board class: Saboteur.SaboteurBoard
# Timeout: 20000
# First Move Timeout: 30000
# Date: Sat Apr 11 23:11:41 EDT 2020
# Player 1: Player-0, '260675971', running on 192.168.2.12
# Player 2: Player-1, 'RandomPlayer', running on 192.168.2.12
START Player-0 260675971
START Player-1 RandomPlayer
BoardInit:Map,Tile:15,Tile:7,Tile:6,Tile:10,Tile:8,Tile:5,Tile:5,Bonus,Tile:2,Tile:10,Bonus,Tile:9,Tile:9,Tile:4,Map,Tile:8,Tile:6,Tile:7,Tile:3,Tile:8,Map,Tile:7,Tile:6,Destroy,Tile:9,Map,Bonus,Map,Tile:13,Tile:7,Tile:5,Map,Tile:8,Tile:1,Tile:0,Tile:14,Tile:8,Tile:9,Tile:9,Tile:11-Tile:6,Tile:12,Tile:6,Destroy,Tile:5,Tile:10,Tile:7-Destroy,Tile:0,Tile:0,Malus,Bonus,Malus,Tile:0-Tile:nugget,Tile:hidden1,Tile:hidden2
Tile:7 5 4 1
Malus 0 0 0
Drop 5 0 1
Malus 0 0 0
Map 12 5 1
Tile:0 6 5 0
Drop 5 0 1
Tile:0 7 5 0
Destroy 6 5 1
Tile:0 8 5 0
Bonus 0 0 1
Tile:6 9 5 0
Drop 0 0 1
Tile:8 10 5 0
Drop 0 0 1
Tile:5_flip 11 5 0
Drop 5 0 1
Map 12 7 0
Drop 3 0 1
Tile:9_flip 11 4 0
Drop 2 0 1
Tile:6_flip 11 3 0
Drop 0 0 1
Map 12 5 0
Drop 2 0 1
Tile:6 10 3 0
Destroy 8 5 1
Tile:9 10 2 0
Drop 4 0 1
Destroy 5 4 0
Map 12 7 1
Tile:15 5 4 0
Map 12 3 1
Tile:5_flip 11 2 0
Drop 3 0 1
Tile:8 9 3 0
Drop 2 0 1
Tile:0 8 3 0
Map 12 5 1
Tile:8 11 1 0
Drop 2 0 1
Tile:9_flip 12 1 0
Drop 0 0 1
Tile:2 5 3 0
Drop 4 0 1
Tile:3 6 3 0
Drop 2 0 1
Tile:13 4 3 0
Drop 0 0 1
GAMEOVER USER CANCEL UNDECIDED
# Game ended: Sat Apr 11 23:12:26 EDT 2020
