# Server version 0.08 running on 192.168.2.12:8123
# Game ID: 178
# Board class: Saboteur.SaboteurBoard
# Timeout: 20000
# First Move Timeout: 30000
# Date: Sun Apr 12 00:15:06 EDT 2020
# Player 1: Player-0, 'RandomPlayer', running on 192.168.2.12
# Player 2: Player-1, '260675971', running on 192.168.2.12
START Player-0 RandomPlayer
START Player-1 260675971
BoardInit:Tile:13,Map,Tile:9,Tile:9,Tile:10,Tile:5,Bonus,Tile:5,Tile:4,Bonus,Tile:0,Destroy,Tile:6,Map,Tile:0,Tile:14,Tile:7,Tile:6,Tile:2,Tile:7,Bonus,Tile:5,Tile:6,Tile:8,Tile:10,Tile:6,Tile:12,Map,Map,Tile:0,Malus,Bonus,Tile:7,Destroy,Tile:7,Tile:8,Tile:9,Tile:10,Tile:5,Tile:7,Tile:15-Tile:0,Destroy,Tile:3,Tile:8,Tile:6,Tile:1,Map-Malus,Tile:8,Map,Tile:9,Tile:11,Tile:9,Tile:8-Tile:hidden1,Tile:hidden2,Tile:nugget
Map 12 7 1
Tile:9 5 6 0
Tile:0 6 6 1
Tile:9_flip 5 7 0
Tile:8 7 6 1
Tile:11 7 5 0
Tile:6 7 7 1
Tile:8 8 5 0
Tile:9_flip 8 7 1
Drop 3 0 0
Tile:10 8 8 1
Drop 1 0 0
Tile:0 9 5 1
Drop 0 0 0
Tile:6 10 5 1
Tile:5_flip 11 5 0
Tile:0 4 7 1
Tile:14_flip 5 4 0
Tile:7 11 4 1
Destroy 5 7 0
Destroy 4 7 1
Drop 3 0 0
Tile:3 6 4 1
Tile:9 5 7 0
Tile:6_flip 10 4 1
Map 12 3 0
Tile:10 8 9 1
Tile:6_flip 6 7 0
Tile:1 4 5 1
Tile:8 8 6 0
Tile:13 3 5 1
Drop 1 0 0
Malus 0 0 1
Bonus 0 0 0
Tile:7 9 6 1
Tile:6 6 8 0
Tile:7_flip 9 7 1
Tile:5_flip 10 7 0
Tile:9 8 4 1
Tile:8 5 8 0
Tile:5 10 6 1
Destroy 8 8 0
