# Server version 0.08 running on 192.168.2.12:8123
# Game ID: 263
# Board class: Saboteur.SaboteurBoard
# Timeout: 20000
# First Move Timeout: 30000
# Date: Sun Apr 12 20:02:48 EDT 2020
# Player 1: Player-0, 'RandomPlayer', running on 192.168.2.12
# Player 2: Player-1, '260675971', running on 192.168.2.12
START Player-0 RandomPlayer
START Player-1 260675971
BoardInit:Malus,Destroy,Map,Tile:8,Tile:14,Destroy,Tile:9,Tile:3,Tile:7,Destroy,Bonus,Tile:4,Tile:7,Tile:5,Tile:9,Tile:0,Tile:12,Bonus,Tile:6,Map,Tile:1,Tile:8,Tile:2,Tile:8,Map,Tile:8,Tile:10,Tile:9,Tile:13,Tile:6,Tile:9,Map,Tile:6,Map,Tile:10,Tile:0,Tile:6,Bonus,Tile:15,Tile:8,Tile:6-Map,Tile:0,Tile:7,Tile:5,Tile:5,Tile:0,Tile:10-Tile:11,Bonus,Malus,Tile:5,Tile:7,Tile:7,Tile:9-Tile:hidden1,Tile:nugget,Tile:hidden2
Map 12 7 1
Tile:9 5 4 0
Malus 0 0 1
Bonus 0 0 0
Map 12 5 1
Tile:5_flip 5 6 0
Tile:0 6 5 1
Tile:11 4 5 0
Tile:7 7 5 1
Tile:7_flip 4 6 0
Tile:5_flip 7 6 1
Destroy 5 4 0
Tile:5 6 6 1
Destroy 4 5 0
Tile:10 5 4 1
Destroy 6 6 0
Tile:9 4 5 1
Tile:8 5 3 0
Tile:0 6 3 1
Tile:5 4 3 0
Tile:7 7 3 1
Tile:7_flip 7 4 0
Tile:7 8 4 1
Drop 5 0 0
Tile:9 8 5 1
Drop 4 0 0
Tile:6 9 5 1
Tile:8 10 5 0
Tile:10 10 4 1
Tile:3_flip 10 6 0
Tile:14 11 5 1
Tile:8 5 2 0
Tile:9 11 4 1
Map 12 7 0
Tile:6_flip 12 4 1
Tile:6 4 2 0
Tile:10 11 3 1
Tile:9_flip 10 3 0
Tile:6 13 4 1
Map 12 5 0
Tile:12 6 2 1
Tile:8 13 3 0
Tile:6_flip 11 6 1
Tile:4_flip 8 6 0
Tile:1 3 2 1
Drop 3 0 0
Tile:2 2 2 1
Tile:0 1 2 0
Tile:13 0 2 1
Malus 0 0 0
Bonus 0 0 1
Tile:0 12 6 0
Tile:15 0 1 1
Tile:8 4 1 0
Drop 0 0 1
GAMEOVER DRAW
# Game ended: Sun Apr 12 20:03:39 EDT 2020
