# Server version 0.08 running on 192.168.2.12:8123
# Game ID: 129
# Board class: Saboteur.SaboteurBoard
# Timeout: 20000
# First Move Timeout: 30000
# Date: Thu Apr 09 18:06:22 EDT 2020
# Player 1: Player-0, 'Human', running on 192.168.2.12
# Player 2: Player-1, '260675971', running on 192.168.2.12
START Player-0 Human
START Player-1 260675971
BoardInit:Tile:13,Tile:7,Tile:8,Bonus,Malus,Map,Tile:15,Tile:9,Tile:10,Tile:7,Tile:5,Bonus,Map,Tile:9,Tile:6,Tile:8,Bonus,Destroy,Destroy,Tile:9,Tile:7,Tile:10,Tile:7,Bonus,Tile:1,Destroy,Tile:10,Tile:7,Tile:8,Tile:2,Tile:0,Map,Tile:0,Tile:9,Tile:6,Tile:0,Tile:6,Tile:3,Tile:5,Tile:14,Map-Tile:12,Tile:8,Tile:5,Tile:9,Tile:6,Tile:8,Tile:6-Tile:5,Map,Malus,Tile:4,Tile:0,Tile:11,Map-Tile:nugget,Tile:hidden2,Tile:hidden1
Tile:8 6 5 1
Tile:0 7 5 0
Tile:5_flip 8 5 1
Map 12 3 0
Tile:9 6 6 1
Malus 0 0 0
Malus 0 0 1
Bonus 0 0 0
Drop 0 0 1
Tile:9 8 4 0
Drop 0 0 1
Map 12 5 0
Drop 0 0 1
Map 12 7 0
Map 12 7 1
Tile:9 8 3 0
Drop 0 0 1
Tile:8 9 3 0
Bonus 0 0 1
Tile:7 10 3 0
GAMEOVER ILLEGAL MOVE: Player 1, CardUsed: (Tile:8), PosOfUse: (12, 6) WINNER 0
# Game ended: Thu Apr 09 18:07:18 EDT 2020
