# Server version 0.08 running on 192.168.2.12:8123
# Game ID: 140
# Board class: Saboteur.SaboteurBoard
# Timeout: 20000
# First Move Timeout: 30000
# Date: Thu Apr 09 20:43:14 EDT 2020
# Player 1: Player-0, 'RandomPlayer', running on 192.168.2.12
# Player 2: Player-1, '260675971', running on 192.168.2.12
START Player-0 RandomPlayer
START Player-1 260675971
BoardInit:Destroy,Tile:5,Tile:9,Tile:6,Tile:6,Tile:9,Tile:7,Tile:15,Malus,Tile:12,Tile:5,Bonus,Tile:4,Tile:7,Tile:0,Map,Bonus,Tile:8,Tile:1,Tile:8,Tile:5,Tile:0,Tile:3,Destroy,Tile:13,Tile:2,Tile:8,Tile:7,Destroy,Tile:9,Map,Tile:8,Map,Bonus,Tile:10,Bonus,Map,Tile:0,Tile:0,Tile:10,Malus-Tile:10,Tile:6,Tile:14,Tile:7,Tile:9,Tile:7,Tile:6-Tile:6,Tile:8,Tile:5,Map,Map,Tile:9,Tile:11-Tile:nugget,Tile:hidden2,Tile:hidden1
Tile:6 6 5 1
Tile:11 6 4 0
Tile:9_flip 7 5 1
Tile:6 5 6 0
Tile:6 7 6 1
Tile:6_flip 6 3 0
Tile:9_flip 8 6 1
Tile:9_flip 5 4 0
Tile:6 8 7 1
Tile:9 4 4 0
Malus 0 0 1
Drop 3 0 0
Tile:5_flip 9 7 1
Drop 6 0 0
Tile:4 8 5 1
Map 12 7 0
Tile:0 7 7 1
Map 12 7 0
Tile:7_flip 6 7 1
Drop 3 0 0
Tile:7_flip 4 5 1
Drop 2 0 0
Tile:5_flip 7 3 1
Drop 0 0 0
Tile:10 4 3 1
Destroy 6 3 0
Tile:14_flip 4 2 1
Drop 0 0 0
Tile:8 6 3 1
Drop 5 0 0
Destroy 4 2 1
Drop 0 0 0
Map 12 7 1
Drop 6 0 0
Map 12 5 1
Drop 0 0 0
Tile:7 4 2 1
Drop 3 0 0
Map 12 3 1
Bonus 0 0 0
Tile:0 3 2 1
Tile:0 2 2 0
Malus 0 0 1
Bonus 0 0 0
Tile:1 1 2 1
Drop 3 0 0
Tile:3 6 2 1
Tile:9 0 2 0
Tile:13 0 1 1
Tile:8 0 3 0
Destroy 0 1 1
Tile:10 0 1 0
Tile:10 0 0 1
Drop 0 0 0
Drop 0 0 1
GAMEOVER DRAW
# Game ended: Thu Apr 09 20:44:04 EDT 2020
