# Server version 0.08 running on 192.168.2.12:8123
# Game ID: 122
# Board class: Saboteur.SaboteurBoard
# Timeout: 20000
# First Move Timeout: 30000
# Date: Thu Apr 09 17:46:56 EDT 2020
# Player 1: Player-0, '260675971', running on 192.168.2.12
# Player 2: Player-1, 'RandomPlayer', running on 192.168.2.12
START Player-0 260675971
START Player-1 RandomPlayer
BoardInit:Tile:8,Map,Tile:0,Map,Tile:7,Tile:7,Bonus,Destroy,Tile:0,Tile:12,Tile:7,Tile:5,Tile:9,Bonus,Tile:10,Tile:8,Malus,Bonus,Tile:13,Tile:0,Tile:15,Tile:10,Tile:8,Tile:6,Tile:9,Tile:9,Tile:9,Tile:10,Map,Tile:2,Tile:7,Malus,Tile:8,Tile:6,Map,Tile:6,Bonus,Map,Tile:5,Tile:5,Tile:4-Tile:3,Tile:8,Map,Tile:7,Destroy,Tile:6,Tile:11-Tile:9,Tile:5,Tile:6,Tile:14,Destroy,Tile:0,Tile:1-Tile:hidden1,Tile:hidden2,Tile:nugget
Tile:11 5 6 1
Tile:0 6 6 0
Tile:6 4 5 1
Tile:6 6 5 0
Tile:7 7 5 1
Map 12 5 0
Tile:8 3 5 1
Tile:5 2 5 0
Destroy 3 5 1
Destroy 2 5 0
Tile:0 3 5 1
Drop 0 0 0
Drop 6 0 1
Map 12 5 0
Drop 2 0 1
Drop 3 0 0
Tile:7 4 4 1
Tile:5_flip 7 6 0
Tile:9_flip 5 7 1
Tile:1 4 7 0
Tile:10 5 4 1
Tile:12_flip 3 7 0
Drop 1 0 1
Tile:7_flip 2 5 0
Tile:15 6 4 1
Tile:10 5 3 0
Drop 3 0 1
Tile:9 5 2 0
Tile:9 6 3 1
Drop 3 0 0
Tile:3 2 4 1
Tile:14_flip 5 1 0
Tile:0 6 1 1
Tile:6 5 8 0
Tile:7_flip 3 4 1
Tile:2_flip 7 1 0
Tile:8 8 1 1
Tile:8 8 0 0
Tile:8 7 0 1
Map 12 5 0
Drop 2 0 1
Tile:6_flip 1 4 0
Map 12 3 1
Tile:0 9 0 0
Tile:5_flip 6 8 1
Tile:6_flip 4 8 0
Tile:4_flip 1 5 1
Tile:5_flip 7 3 0
Drop 0 0 1
Tile:10 8 2 0
Tile:13 4 9 1
Malus 0 0 0
Bonus 0 0 1
Drop 0 0 0
Map 12 5 1
GAMEOVER DRAW
# Game ended: Thu Apr 09 17:46:56 EDT 2020
