# Server version 0.08 running on 192.168.2.12:8123
# Game ID: 221
# Board class: Saboteur.SaboteurBoard
# Timeout: 20000
# First Move Timeout: 30000
# Date: Sun Apr 12 01:39:22 EDT 2020
# Player 1: Player-0, 'RandomPlayer', running on 192.168.2.12
# Player 2: Player-1, '260675971', running on 192.168.2.12
START Player-0 RandomPlayer
START Player-1 260675971
BoardInit:Tile:0,Tile:7,Tile:5,Bonus,Bonus,Tile:8,Tile:10,Tile:8,Tile:9,Tile:3,Tile:9,Tile:5,Tile:12,Tile:8,Tile:6,Tile:5,Tile:13,Tile:0,Tile:10,Destroy,Tile:6,Map,Tile:10,Tile:9,Malus,Destroy,Map,Tile:9,Tile:6,Tile:6,Map,Tile:8,Tile:8,Tile:7,Tile:5,Tile:7,Tile:11,Tile:1,Tile:7,Tile:6,Tile:2-Malus,Bonus,Tile:9,Map,Tile:4,Tile:14,Tile:0-Tile:0,Destroy,Bonus,Map,Map,Tile:7,Tile:15-Tile:nugget,Tile:hidden1,Tile:hidden2
Map 12 7 1
Tile:7_flip 5 6 0
Malus 0 0 1
Destroy 5 6 0
Tile:9_flip 6 5 1
Map 12 5 0
Tile:5 6 4 1
Map 12 3 0
Tile:0 7 4 1
Drop 0 0 0
Tile:0 8 4 1
Drop 4 0 0
Tile:9_flip 9 4 1
Drop 3 0 0
Tile:9_flip 9 3 1
Drop 5 0 0
Tile:6 9 5 1
Drop 1 0 0
Tile:10 9 2 1
Drop 3 0 0
Tile:10 6 6 1
Destroy 6 4 0
Tile:6_flip 10 5 1
Map 12 3 0
Tile:10 9 1 1
Drop 5 0 0
Tile:4 9 0 1
Destroy 9 5 0
Map 12 5 1
Drop 6 0 0
Tile:6 11 5 1
Drop 1 0 0
Tile:14 5 6 1
Drop 4 0 0
Tile:8 9 5 1
Drop 0 0 0
Malus 0 0 1
Drop 3 0 0
Tile:5_flip 9 6 1
Drop 6 0 0
Tile:7_flip 8 3 1
Drop 2 0 0
Tile:12_flip 4 5 1
Drop 1 0 0
Tile:13 5 4 1
Drop 3 0 0
Tile:11 5 3 1
Drop 0 0 0
Tile:2 6 3 1
Drop 2 0 0
Drop 1 0 1
Drop 0 0 0
Drop 0 0 1
Drop 0 0 0
Drop 0 0 1
GAMEOVER DRAW
# Game ended: Sun Apr 12 01:40:13 EDT 2020
