# Server version 0.08 running on 192.168.2.12:8123
# Game ID: 197
# Board class: Saboteur.SaboteurBoard
# Timeout: 20000
# First Move Timeout: 30000
# Date: Sun Apr 12 00:57:49 EDT 2020
# Player 1: Player-0, 'RandomPlayer', running on 192.168.2.12
# Player 2: Player-1, '260675971', running on 192.168.2.12
START Player-0 RandomPlayer
START Player-1 260675971
BoardInit:Tile:5,Tile:10,Tile:0,Tile:12,Tile:9,Tile:7,Tile:9,Malus,Map,Destroy,Tile:6,Tile:0,Bonus,Tile:7,Tile:4,Tile:9,Tile:8,Tile:9,Destroy,Tile:1,Tile:7,Bonus,Tile:10,Tile:2,Tile:0,Map,Tile:6,Tile:8,Tile:5,Map,Tile:10,Tile:8,Tile:5,Map,Map,Tile:6,Tile:14,Tile:6,Tile:15,Map,Tile:11-Tile:5,Bonus,Bonus,Tile:9,Malus,Tile:3,Tile:13-Tile:7,Tile:8,Destroy,Tile:8,Tile:6,Tile:0,Tile:7-Tile:hidden2,Tile:nugget,Tile:hidden1
Malus 0 0 1
Drop 3 0 0
Tile:9_flip 6 5 1
Drop 1 0 0
Tile:5 6 4 1
Drop 0 0 0
Tile:5_flip 7 4 1
Destroy 6 5 0
Tile:9_flip 7 3 1
Drop 5 0 0
Map 12 7 1
Drop 1 0 0
Tile:0 6 3 1
Drop 0 0 0
Tile:9 7 2 1
Drop 2 0 0
Tile:6 8 2 1
Drop 5 0 0
Tile:8 9 2 1
Destroy 6 3 0
Tile:3 5 4 1
Drop 2 0 0
Tile:7_flip 9 3 1
Drop 3 0 0
Tile:10 8 1 1
Drop 5 0 0
Tile:0 10 3 1
Drop 3 0 0
Tile:6 11 3 1
Drop 4 0 0
Tile:5_flip 10 2 1
Map 12 7 0
Tile:10 11 2 1
Map 12 3 0
Tile:5 11 1 1
Drop 3 0 0
Map 12 5 1
Drop 2 0 0
Tile:13 4 4 1
Map 12 5 0
Tile:4 4 3 1
Drop 6 0 0
Destroy 4 3 1
Drop 1 0 0
Tile:14 5 6 1
Drop 3 0 0
Tile:15 4 3 1
Drop 0 0 0
Tile:11 4 2 1
Drop 2 0 0
Drop 0 0 1
Drop 0 0 0
Drop 0 0 1
Drop 0 0 0
Drop 0 0 1
GAMEOVER DRAW
# Game ended: Sun Apr 12 00:58:39 EDT 2020
