# Server version 0.08 running on 192.168.2.12:8123
# Game ID: 111
# Board class: Saboteur.SaboteurBoard
# Timeout: 20000
# First Move Timeout: 30000
# Date: Thu Apr 09 14:43:59 EDT 2020
# Player 1: Player-0, '260675971', running on 192.168.2.12
# Player 2: Player-1, 'RandomPlayer', running on 192.168.2.12
START Player-0 260675971
START Player-1 RandomPlayer
BoardInit:Tile:8,Tile:7,Tile:5,Destroy,Tile:10,Tile:7,Malus,Map,Tile:7,Tile:8,Tile:4,Tile:9,Tile:11,Bonus,Tile:3,Tile:10,Bonus,Tile:6,Tile:0,Map,Tile:9,Tile:8,Bonus,Destroy,Map,Bonus,Tile:6,Tile:1,Tile:10,Tile:7,Tile:9,Tile:6,Tile:5,Map,Tile:0,Malus,Tile:12,Tile:5,Tile:6,Tile:8,Tile:0-Destroy,Tile:13,Tile:9,Tile:5,Tile:8,Tile:14,Map-Tile:6,Tile:2,Map,Tile:15,Tile:0,Tile:7,Tile:9-Tile:nugget,Tile:hidden2,Tile:hidden1
Tile:14 6 5 1
Tile:6_flip 4 5 0
Tile:8 4 6 1
Tile:2 3 6 0
Tile:13 5 6 1
Tile:7_flip 5 7 0
Tile:5_flip 6 7 1
Tile:9_flip 3 7 0
Tile:8 2 6 1
Drop 2 0 0
Drop 1 0 1
Tile:8 6 4 0
Tile:7_flip 2 7 1
Tile:7 6 6 0
Destroy 6 4 1
Tile:15 4 7 0
Tile:3_flip 1 6 1
Drop 1 0 0
Drop 1 0 1
Drop 0 0 0
Tile:4_flip 3 8 1
Tile:6 3 5 0
Tile:10 4 8 1
Tile:7 1 5 0
Drop 0 0 1
Tile:9 2 5 0
Tile:9_flip 5 4 1
Tile:8 0 5 0
Tile:11 5 3 1
Drop 0 0 0
Tile:6 4 4 1
Tile:10 4 3 0
Tile:9 5 2 1
Tile:6 6 2 0
Tile:5 6 4 1
Destroy 4 8 0
Tile:10 2 4 1
Tile:7 4 2 0
Tile:0 6 3 1
Drop 2 0 0
Tile:12 7 3 1
Drop 4 0 0
Tile:6 7 2 1
Tile:5 0 4 0
Tile:0 3 2 1
Drop 2 0 0
Tile:0 2 2 1
Tile:8 7 1 0
Malus 0 0 1
Drop 1 0 0
Map 12 3 1
Drop 0 0 0
Drop 1 0 1
Drop 0 0 0
Drop 0 0 1
GAMEOVER DRAW
# Game ended: Thu Apr 09 14:44:47 EDT 2020
