# Server version 0.08 running on 192.168.2.12:8123
# Game ID: 250
# Board class: Saboteur.SaboteurBoard
# Timeout: 20000
# First Move Timeout: 30000
# Date: Sun Apr 12 19:27:39 EDT 2020
# Player 1: Player-0, 'RandomPlayer', running on 192.168.2.12
# Player 2: Player-1, '260675971', running on 192.168.2.12
START Player-0 RandomPlayer
START Player-1 260675971
BoardInit:Tile:11,Tile:6,Tile:0,Tile:6,Tile:5,Tile:6,Map,Map,Tile:8,Tile:6,Tile:0,Tile:7,Tile:2,Tile:5,Tile:9,Tile:7,Bonus,Bonus,Tile:15,Tile:14,Tile:10,Tile:5,Tile:4,Tile:9,Tile:3,Bonus,Tile:8,Tile:10,Tile:0,Tile:9,Destroy,Map,Map,Tile:1,Tile:8,Map,Bonus,Tile:12,Tile:7,Tile:8,Destroy-Tile:13,Tile:8,Destroy,Map,Tile:9,Tile:10,Malus-Tile:7,Tile:7,Tile:6,Tile:0,Tile:9,Tile:5,Malus-Tile:hidden2,Tile:nugget,Tile:hidden1
Map 12 7 1
Tile:5 5 4 0
Malus 0 0 1
Drop 1 0 0
Tile:8 6 5 1
Drop 4 0 0
Tile:9_flip 7 5 1
Drop 5 0 0
Map 12 5 1
Map 12 5 0
Tile:10 7 4 1
Drop 4 0 0
Tile:5_flip 7 6 1
Drop 0 0 0
Tile:8 6 6 1
Drop 0 0 0
Tile:9 7 3 1
Drop 5 0 0
Tile:0 8 3 1
Drop 3 0 0
Tile:0 9 3 1
Drop 2 0 0
Tile:10 6 7 1
Drop 3 0 0
Tile:13 5 6 1
Drop 5 0 0
Destroy 5 4 1
Drop 5 0 0
Tile:8 10 3 1
Drop 2 0 0
Tile:0 11 3 1
Drop 4 0 0
Tile:11 5 4 1
Bonus 0 0 0
Tile:2 5 3 1
Tile:9 10 4 0
Tile:8 12 4 1
GAMEOVER WINNER 1
# Game ended: Sun Apr 12 19:27:41 EDT 2020
