# Server version 0.08 running on 192.168.2.12:8123
# Game ID: 156
# Board class: Saboteur.SaboteurBoard
# Timeout: 20000
# First Move Timeout: 30000
# Date: Sat Apr 11 22:50:41 EDT 2020
# Player 1: Player-0, '260675971', running on 192.168.2.12
# Player 2: Player-1, 'RandomPlayer', running on 192.168.2.12
START Player-0 260675971
START Player-1 RandomPlayer
BoardInit:Tile:6,Tile:7,Tile:10,Bonus,Map,Tile:13,Tile:7,Destroy,Map,Tile:0,Tile:3,Tile:9,Tile:4,Bonus,Tile:8,Tile:7,Map,Tile:9,Map,Tile:2,Tile:7,Tile:8,Tile:9,Tile:6,Tile:8,Tile:11,Malus,Tile:5,Tile:10,Tile:10,Tile:0,Tile:5,Destroy,Bonus,Tile:7,Tile:14,Tile:5,Tile:9,Tile:6,Bonus,Tile:15-Map,Tile:8,Tile:6,Malus,Tile:8,Tile:1,Tile:0-Tile:5,Tile:0,Map,Tile:12,Destroy,Tile:6,Tile:9-Tile:hidden1,Tile:nugget,Tile:hidden2
Map 12 5 1
Tile:0 4 5 0
Malus 0 0 1
Destroy 4 5 0
Tile:8 6 5 1
Bonus 0 0 0
Tile:6 7 5 1
Tile:6 4 5 0
Tile:6_flip 6 4 1
Tile:9 4 4 0
Tile:10 4 3 1
Tile:7_flip 3 5 0
Drop 4 0 1
Tile:9 4 2 0
Tile:0 8 5 1
Tile:0 5 2 0
Drop 5 0 1
Tile:5_flip 6 2 0
Tile:8 4 1 1
Tile:7_flip 3 1 0
Map 12 3 1
Tile:9 4 0 0
Drop 1 0 1
Tile:8 5 0 0
Drop 5 0 1
Tile:6 5 1 0
Tile:3 6 1 1
Tile:12 6 0 0
Tile:9_flip 3 0 1
Tile:5_flip 5 6 0
Malus 0 0 1
Bonus 0 0 0
Tile:1 4 6 1
Tile:5_flip 9 5 0
Tile:10 9 4 1
Tile:13 2 0 0
Destroy 7 5 1
Destroy 2 0 0
Tile:7 9 3 1
