# Server version 0.08 running on 192.168.2.12:8123
# Game ID: 240
# Board class: Saboteur.SaboteurBoard
# Timeout: 20000
# First Move Timeout: 30000
# Date: Sun Apr 12 19:45:43 EDT 2020
# Player 1: Player-0, 'RandomPlayer', running on 192.168.2.12
# Player 2: Player-1, '260675971', running on 192.168.2.12
START Player-0 RandomPlayer
START Player-1 260675971
BoardInit:Tile:0,Tile:9,Tile:1,Tile:6,Tile:7,Map,Tile:9,Tile:6,Tile:8,Map,Tile:5,Tile:7,Tile:3,Tile:8,Malus,Destroy,Tile:9,Malus,Tile:5,Map,Bonus,Tile:10,Tile:7,Tile:5,Tile:6,Map,Tile:8,Tile:14,Tile:4,Tile:8,Map,Destroy,Bonus,Tile:13,Map,Bonus,Tile:8,Tile:7,Tile:0,Destroy,Tile:6-Tile:2,Tile:0,Tile:11,Tile:12,Bonus,Tile:15,Tile:9-Tile:9,Tile:5,Tile:0,Tile:6,Tile:7,Tile:10,Tile:10-Tile:nugget,Tile:hidden1,Tile:hidden2
Tile:0 6 5 1
Tile:7 7 5 0
Tile:9_flip 7 6 1
Tile:9 5 6 0
Tile:0 6 6 1
Tile:6 7 7 0
Tile:7 8 7 1
Tile:0 6 7 0
Tile:9 8 8 1
Tile:6 5 7 0
Tile:8 9 8 1
Drop 1 0 0
Tile:5_flip 10 8 1
Tile:9 9 7 0
Tile:2 5 4 1
Tile:7_flip 4 5 0
Malus 0 0 1
Destroy 6 7 0
Tile:9_flip 10 7 1
Drop 3 0 0
Tile:5_flip 9 9 1
Map 12 5 0
Tile:11 4 7 1
Map 12 3 0
Tile:7 10 6 1
Drop 5 0 0
Tile:6_flip 9 6 1
Malus 0 0 0
Bonus 0 0 1
Drop 5 0 0
Tile:8 8 9 1
Map 12 3 0
Map 12 7 1
Destroy 10 6 0
Tile:12 6 4 1
Drop 3 0 0
Map 12 5 1
Drop 4 0 0
Tile:8 4 4 1
Drop 0 0 0
Tile:0 6 7 1
Destroy 6 6 0
Tile:6_flip 4 3 1
Bonus 0 0 0
GAMEOVER USER CANCEL UNDECIDED
# Game ended: Sun Apr 12 19:46:24 EDT 2020
