# Server version 0.08 running on 192.168.2.12:8123
# Game ID: 196
# Board class: Saboteur.SaboteurBoard
# Timeout: 20000
# First Move Timeout: 30000
# Date: Sun Apr 12 00:56:52 EDT 2020
# Player 1: Player-0, 'RandomPlayer', running on 192.168.2.12
# Player 2: Player-1, '260675971', running on 192.168.2.12
START Player-0 RandomPlayer
START Player-1 260675971
BoardInit:Tile:7,Map,Tile:8,Tile:5,Tile:8,Tile:6,Tile:9,Map,Tile:8,Tile:10,Malus,Bonus,Tile:6,Tile:7,Tile:5,Bonus,Tile:5,Map,Tile:6,Tile:7,Tile:7,Tile:6,Map,Tile:0,Tile:2,Bonus,Destroy,Bonus,Tile:10,Tile:9,Tile:8,Tile:15,Tile:12,Destroy,Tile:0,Tile:0,Tile:8,Malus,Tile:14,Tile:4,Tile:9-Tile:1,Tile:0,Tile:6,Tile:9,Tile:11,Tile:5,Map-Map,Tile:10,Destroy,Tile:3,Tile:9,Tile:13,Tile:7-Tile:hidden2,Tile:nugget,Tile:hidden1
Map 12 7 1
Tile:9 5 6 0
Tile:6_flip 6 5 1
Tile:7 5 4 0
Tile:5_flip 7 5 1
Tile:5_flip 5 7 0
Tile:9_flip 7 4 1
Tile:13 6 6 0
Tile:7 7 3 1
Tile:3_flip 6 7 0
Tile:0 7 6 1
Map 12 3 0
Malus 0 0 1
Destroy 6 7 0
Tile:8 8 6 1
Map 12 3 0
Tile:8 9 6 1
Drop 3 0 0
Tile:9_flip 9 5 1
Map 12 5 0
Tile:8 10 6 1
Drop 1 0 0
Tile:6 11 6 1
Drop 5 0 0
Map 12 5 1
Drop 0 0 0
Tile:5_flip 12 6 1
Drop 0 0 0
Tile:6_flip 11 5 1
Drop 5 0 0
Tile:5 10 5 1
Bonus 0 0 0
Tile:7 9 4 1
Tile:7_flip 8 4 0
Tile:10 10 7 1
Tile:9_flip 9 7 0
Tile:8 10 8 1
Destroy 10 5 0
Tile:0 11 8 1
Tile:0 12 8 0
Tile:8 13 8 1
Tile:6 9 8 0
Tile:9 10 5 1
Tile:15 10 4 0
Tile:1 4 4 1
Tile:4 8 3 0
Tile:11 3 4 1
Tile:0 4 5 0
Tile:2 3 3 1
Map 12 7 0
Destroy 3 3 1
Malus 0 0 0
Drop 0 0 1
Drop 0 0 0
Drop 0 0 1
GAMEOVER DRAW
# Game ended: Sun Apr 12 00:57:42 EDT 2020
