# Server version 0.08 running on 192.168.2.12:8123
# Game ID: 91
# Board class: Saboteur.SaboteurBoard
# Timeout: 20000
# First Move Timeout: 30000
# Date: Thu Apr 09 13:12:48 EDT 2020
# Player 1: Player-0, 'Human', running on 192.168.2.12
# Player 2: Player-1, 'RandomPlayer', running on 192.168.2.12
START Player-0 Human
START Player-1 RandomPlayer
BoardInit:Tile:0,Map,Tile:5,Tile:6,Tile:14,Tile:4,Tile:6,Tile:7,Tile:8,Bonus,Tile:0,Tile:6,Tile:10,Tile:9,Tile:5,Tile:7,Tile:9,Tile:2,Tile:9,Destroy,Tile:8,Tile:3,Malus,Map,Tile:6,Tile:10,Bonus,Tile:0,Tile:7,Tile:7,Destroy,Tile:5,Tile:9,Tile:12,Map,Destroy,Tile:1,Tile:5,Tile:8,Tile:10,Tile:7-Tile:9,Map,Bonus,Tile:6,Bonus,Tile:13,Map-Tile:15,Tile:8,Tile:11,Map,Tile:8,Tile:0,Malus-Tile:nugget,Tile:hidden2,Tile:hidden1
Tile:9 5 6 1
Malus 0 0 0
Map 12 3 1
Map 12 7 0
Drop 6 0 1
Map 12 5 0
Bonus 0 0 1
Tile:6 6 6 0
Tile:14 5 7 1
Tile:7 7 6 0
Tile:6_flip 4 5 1
Tile:8 7 7 0
Drop 4 0 1
Tile:6 8 7 0
Tile:13 6 5 1
Tile:0 9 7 0
Tile:8 3 5 1
Tile:8 10 7 0
Map 12 5 1
Tile:9 10 6 0
Tile:9_flip 10 5 1
Destroy 10 5 0
Tile:8 10 8 1
