# Server version 0.08 running on 192.168.2.12:8123
# Game ID: 265
# Board class: Saboteur.SaboteurBoard
# Timeout: 20000
# First Move Timeout: 30000
# Date: Sun Apr 12 20:04:33 EDT 2020
# Player 1: Player-0, '260675971', running on 192.168.2.12
# Player 2: Player-1, 'RandomPlayer', running on 192.168.2.12
START Player-0 260675971
START Player-1 RandomPlayer
BoardInit:Tile:5,Tile:9,Tile:1,Bonus,Tile:4,Tile:12,Tile:9,Bonus,Tile:9,Tile:0,Tile:10,Tile:10,Tile:6,Tile:8,Malus,Tile:7,Map,Map,Tile:5,Tile:6,Tile:7,Tile:6,Map,Tile:7,Map,Tile:6,Tile:0,Destroy,Tile:15,Tile:8,Tile:5,Map,Tile:8,Tile:9,Tile:7,Tile:6,Tile:10,Tile:0,Tile:9,Destroy,Bonus-Tile:2,Destroy,Tile:13,Tile:8,Tile:5,Tile:7,Bonus-Map,Tile:0,Tile:3,Tile:8,Tile:11,Malus,Tile:14-Tile:nugget,Tile:hidden1,Tile:hidden2
Tile:2 6 5 1
Map 12 7 0
Tile:8 6 6 1
Tile:8 7 5 0
Tile:13 8 5 1
Tile:9_flip 9 5 0
Tile:7_flip 6 7 1
Tile:0 7 7 0
Tile:5 9 4 1
Tile:3 5 4 0
Drop 4 0 1
Tile:0 8 7 0
Tile:5_flip 8 6 1
Tile:10 9 6 0
Tile:9_flip 9 7 1
Tile:8 7 4 0
Malus 0 0 1
Bonus 0 0 0
Tile:6 7 6 1
Map 12 5 0
Tile:9_flip 10 4 1
Tile:6_flip 10 3 0
Tile:7 8 4 1
Malus 0 0 0
Drop 0 0 1
Tile:7 11 3 0
Map 12 5 1
Tile:7_flip 11 4 0
Map 12 5 1
Tile:6 12 4 0
Drop 3 0 1
Tile:6 13 4 0
Map 12 7 1
Tile:8 13 3 0
Drop 0 0 1
Tile:9 13 2 0
Drop 3 0 1
Tile:6 9 3 0
Drop 6 0 1
Tile:0 8 3 0
Drop 2 0 1
Tile:11 4 4 0
Drop 5 0 1
Tile:14 9 8 0
Drop 4 0 1
Tile:12_flip 6 4 0
Drop 3 0 1
Destroy 4 4 0
Drop 2 0 1
Destroy 6 4 0
Drop 0 0 1
Drop 1 0 0
Bonus 0 0 1
Drop 0 0 0
Tile:10 10 5 1
GAMEOVER DRAW
# Game ended: Sun Apr 12 20:05:22 EDT 2020
