# Server version 0.08 running on 192.168.2.12:8123
# Game ID: 164
# Board class: Saboteur.SaboteurBoard
# Timeout: 20000
# First Move Timeout: 30000
# Date: Sat Apr 11 23:09:44 EDT 2020
# Player 1: Player-0, '260675971', running on 192.168.2.12
# Player 2: Player-1, 'RandomPlayer', running on 192.168.2.12
START Player-0 260675971
START Player-1 RandomPlayer
BoardInit:Destroy,Malus,Tile:7,Map,Tile:5,Tile:9,Map,Tile:6,Tile:9,Tile:6,Map,Map,Bonus,Tile:0,Tile:14,Tile:8,Tile:2,Tile:9,Tile:5,Tile:1,Map,Tile:13,Tile:11,Tile:10,Destroy,Tile:9,Destroy,Tile:7,Tile:4,Tile:6,Tile:0,Tile:8,Tile:7,Tile:0,Tile:0,Bonus,Tile:8,Tile:12,Tile:6,Tile:7,Tile:9-Tile:10,Tile:8,Tile:10,Malus,Tile:6,Map,Bonus-Tile:3,Tile:15,Tile:5,Tile:5,Tile:7,Bonus,Tile:8-Tile:hidden2,Tile:hidden1,Tile:nugget
Drop 2 0 1
Tile:5_flip 6 5 0
Drop 1 0 1
Malus 0 0 0
Drop 1 0 1
Map 12 7 0
Map 12 5 1
Tile:5_flip 5 6 0
Drop 1 0 1
Tile:7 6 4 0
Map 12 3 1
Tile:8 4 6 0
Destroy 5 6 1
Tile:9_flip 4 7 0
Bonus 0 0 1
Tile:6 5 6 0
Drop 1 0 1
Tile:6_flip 6 6 0
Tile:5 4 5 1
Tile:0 7 6 0
Drop 4 0 1
Tile:8 8 6 0
Tile:9 8 5 1
Tile:9_flip 8 7 0
Tile:5 3 7 1
Tile:10 8 8 0
Tile:2_flip 3 8 1
Tile:9_flip 9 6 0
Destroy 9 6 1
Tile:7 9 6 0
Destroy 3 7 1
Tile:6 9 5 0
Tile:11 9 7 1
Tile:8 10 7 0
Tile:4 9 4 1
Tile:0 11 7 0
Tile:0 7 7 1
Tile:3 8 4 0
Tile:8 5 4 1
Tile:15 5 3 0
Drop 2 0 1
Tile:7_flip 10 8 0
Map 12 3 1
Tile:1 2 8 0
Tile:6_flip 3 7 1
Tile:13 1 8 0
Tile:7 5 2 1
Tile:12 10 5 0
Tile:0 3 6 1
Drop 0 0 0
Tile:10 1 7 1
Drop 0 0 0
Tile:9_flip 4 8 1
Drop 0 0 0
Map 12 5 1
GAMEOVER DRAW
# Game ended: Sat Apr 11 23:10:33 EDT 2020
