# Server version 0.08 running on 192.168.2.12:8123
# Game ID: 222
# Board class: Saboteur.SaboteurBoard
# Timeout: 20000
# First Move Timeout: 30000
# Date: Sun Apr 12 19:20:34 EDT 2020
# Player 1: Player-0, 'RandomPlayer', running on 192.168.2.12
# Player 2: Player-1, '260675971', running on 192.168.2.12
START Player-0 RandomPlayer
START Player-1 260675971
BoardInit:Tile:7,Bonus,Tile:4,Tile:3,Map,Tile:5,Tile:9,Tile:6,Tile:0,Malus,Tile:2,Tile:7,Tile:12,Tile:1,Tile:5,Tile:0,Tile:13,Map,Tile:7,Map,Map,Tile:8,Tile:10,Tile:9,Tile:8,Malus,Tile:7,Destroy,Tile:8,Tile:6,Tile:0,Bonus,Map,Destroy,Destroy,Tile:9,Tile:8,Bonus,Tile:10,Tile:5,Tile:6-Map,Bonus,Tile:11,Tile:9,Tile:7,Tile:5,Tile:10-Tile:9,Tile:15,Tile:0,Tile:6,Tile:6,Tile:14,Tile:8-Tile:hidden2,Tile:hidden1,Tile:nugget
Map 12 7 1
Tile:0 4 5 0
Tile:9 5 6 1
Drop 1 0 0
Tile:7 6 6 1
Tile:6 6 7 0
Tile:5_flip 7 7 1
Tile:14 6 5 0
Tile:10 7 6 1
Tile:8 5 7 0
Tile:9 7 5 1
Malus 0 0 0
Bonus 0 0 1
Tile:6 3 5 0
Tile:7 8 5 1
Tile:6_flip 2 5 0
Tile:0 4 7 1
Tile:7 7 4 0
Tile:5_flip 5 8 1
Tile:9 2 6 0
Tile:7_flip 8 6 1
Drop 4 0 0
Tile:11 1 5 1
Tile:8 3 4 0
Tile:10 5 4 1
Tile:3_flip 3 7 0
Tile:8 9 6 1
Tile:5 1 4 0
Tile:7 10 6 1
Map 12 7 0
Tile:8 10 7 1
Tile:9 9 7 0
Tile:0 11 7 1
GAMEOVER WINNER 1
# Game ended: Sun Apr 12 19:21:04 EDT 2020
