# Server version 0.08 running on 192.168.2.12:8123
# Game ID: 139
# Board class: Saboteur.SaboteurBoard
# Timeout: 20000
# First Move Timeout: 30000
# Date: Thu Apr 09 20:41:20 EDT 2020
# Player 1: Player-0, '260675971', running on 192.168.2.12
# Player 2: Player-1, '260675971', running on 192.168.2.12
START Player-0 260675971
START Player-1 260675971
BoardInit:Malus,Tile:12,Map,Tile:10,Tile:6,Tile:13,Tile:0,Tile:8,Tile:14,Destroy,Tile:5,Tile:8,Tile:6,Malus,Tile:7,Map,Map,Tile:6,Bonus,Tile:8,Tile:9,Tile:0,Tile:5,Tile:5,Tile:8,Tile:0,Map,Destroy,Bonus,Tile:11,Tile:9,Map,Tile:6,Tile:8,Tile:7,Tile:15,Tile:10,Tile:7,Tile:2,Tile:9,Tile:0-Tile:10,Tile:1,Tile:5,Tile:7,Tile:9,Tile:3,Destroy-Tile:9,Map,Tile:4,Bonus,Bonus,Tile:6,Tile:7-Tile:hidden1,Tile:hidden2,Tile:nugget
Tile:5_flip 6 5 1
Map 12 7 0
Malus 0 0 1
Bonus 0 0 0
Map 12 7 1
Tile:9 5 6 0
Tile:9_flip 5 7 1
Tile:6_flip 6 6 0
Tile:6 7 6 1
Tile:8 8 6 0
Tile:0 9 6 1
Tile:7_flip 8 7 0
Tile:5_flip 10 6 1
Tile:4 10 5 0
Tile:6_flip 9 7 1
Malus 0 0 0
Destroy 5 6 1
Map 12 5 0
Map 12 5 1
Tile:6_flip 10 7 0
Bonus 0 0 1
Tile:8 11 7 0
GAMEOVER ILLEGAL MOVE: Player 1, CardUsed: (Tile:7_flip), PosOfUse: (12, 8) WINNER 0
# Game ended: Thu Apr 09 20:42:01 EDT 2020
