# Server version 0.08 running on 192.168.2.12:8123
# Game ID: 195
# Board class: Saboteur.SaboteurBoard
# Timeout: 20000
# First Move Timeout: 30000
# Date: Sun Apr 12 00:56:17 EDT 2020
# Player 1: Player-0, 'RandomPlayer', running on 192.168.2.12
# Player 2: Player-1, '260675971', running on 192.168.2.12
START Player-0 RandomPlayer
START Player-1 260675971
BoardInit:Malus,Tile:12,Tile:9,Bonus,Tile:6,Destroy,Map,Tile:0,Tile:8,Tile:5,Tile:0,Tile:8,Tile:0,Tile:8,Tile:9,Tile:8,Tile:10,Tile:9,Tile:2,Map,Tile:7,Tile:6,Tile:7,Malus,Tile:9,Tile:10,Tile:10,Tile:9,Tile:11,Destroy,Tile:4,Tile:0,Tile:6,Bonus,Map,Tile:14,Tile:8,Tile:6,Tile:7,Map,Tile:3-Tile:7,Map,Tile:5,Tile:5,Destroy,Tile:1,Tile:13-Bonus,Tile:6,Tile:5,Tile:15,Bonus,Map,Tile:7-Tile:hidden2,Tile:hidden1,Tile:nugget
Map 12 7 1
Tile:6 4 5 0
Malus 0 0 1
Drop 1 0 0
Tile:7 6 5 1
Drop 1 0 0
Tile:5_flip 6 6 1
Drop 0 0 0
Tile:9 5 6 1
Drop 3 0 0
Tile:5_flip 5 7 1
Drop 1 0 0
Tile:6 4 7 1
Destroy 4 5 0
Tile:8 3 7 1
Drop 2 0 0
Tile:9_flip 4 6 1
Drop 1 0 0
Tile:0 2 7 1
Drop 3 0 0
Tile:10 3 8 1
Drop 6 0 0
Tile:7 5 4 1
Drop 3 0 0
Tile:0 1 7 1
Drop 0 0 0
Tile:9 3 6 1
Drop 0 0 0
Tile:7 3 5 1
Drop 6 0 0
GAMEOVER USER CANCEL UNDECIDED
# Game ended: Sun Apr 12 00:56:44 EDT 2020
