# Server version 0.08 running on 192.168.2.12:8123
# Game ID: 190
# Board class: Saboteur.SaboteurBoard
# Timeout: 20000
# First Move Timeout: 30000
# Date: Sun Apr 12 00:47:33 EDT 2020
# Player 1: Player-0, 'RandomPlayer', running on 192.168.2.12
# Player 2: Player-1, '260675971', running on 192.168.2.12
START Player-0 RandomPlayer
START Player-1 260675971
BoardInit:Map,Destroy,Tile:10,Tile:8,Tile:8,Tile:15,Tile:9,Bonus,Tile:5,Tile:7,Tile:6,Bonus,Tile:0,Tile:8,Tile:5,Tile:10,Tile:6,Tile:6,Destroy,Tile:14,Map,Tile:8,Tile:3,Tile:0,Tile:2,Tile:4,Tile:5,Bonus,Malus,Tile:7,Tile:11,Tile:6,Tile:9,Map,Tile:9,Tile:7,Tile:6,Tile:7,Destroy,Map,Tile:1-Bonus,Tile:10,Tile:12,Tile:9,Tile:9,Tile:13,Map-Tile:5,Tile:0,Tile:7,Malus,Tile:8,Tile:0,Map-Tile:hidden1,Tile:hidden2,Tile:nugget
Map 12 7 1
Tile:7 6 5 0
Tile:10 6 6 1
Tile:5_flip 5 6 0
Tile:9_flip 6 7 1
Drop 4 0 0
Tile:9 6 8 1
Tile:15 5 4 0
Tile:8 7 8 1
Drop 2 0 0
Tile:9_flip 8 8 1
Tile:0 4 5 0
Tile:6_flip 8 7 1
Tile:0 5 7 0
Tile:5_flip 9 7 1
Tile:8 3 5 0
Tile:10 9 6 1
Destroy 5 7 0
Tile:5 9 5 1
Tile:8 7 9 0
Tile:0 10 5 1
Tile:14 3 6 0
Tile:6 11 5 1
Tile:6_flip 3 4 0
Tile:12 4 4 1
Drop 2 0 0
Tile:13 2 4 1
Malus 0 0 0
Bonus 0 0 1
Tile:8 12 6 0
GAMEOVER WINNER 0
# Game ended: Sun Apr 12 00:48:00 EDT 2020
