# Server version 0.08 running on 192.168.2.12:8123
# Game ID: 256
# Board class: Saboteur.SaboteurBoard
# Timeout: 20000
# First Move Timeout: 30000
# Date: Sun Apr 12 19:39:38 EDT 2020
# Player 1: Player-0, 'RandomPlayer', running on 192.168.2.12
# Player 2: Player-1, '260675971', running on 192.168.2.12
START Player-0 RandomPlayer
START Player-1 260675971
BoardInit:Tile:6,Tile:0,Tile:6,Tile:9,Tile:5,Tile:6,Malus,Tile:7,Tile:7,Tile:5,Bonus,Tile:8,Tile:11,Bonus,Tile:2,Tile:9,Tile:0,Tile:9,Tile:9,Tile:7,Tile:10,Tile:6,Malus,Destroy,Tile:15,Map,Bonus,Tile:3,Tile:6,Tile:10,Tile:5,Tile:8,Tile:7,Map,Destroy,Map,Tile:12,Tile:9,Map,Tile:8,Map-Bonus,Tile:7,Tile:0,Tile:8,Tile:4,Map,Destroy-Tile:8,Tile:0,Tile:14,Tile:13,Tile:5,Tile:1,Tile:10-Tile:hidden1,Tile:hidden2,Tile:nugget
Map 12 7 1
Tile:8 5 6 0
Tile:7 6 6 1
Tile:10 6 7 0
Tile:8 6 8 1
Tile:0 5 8 0
Tile:0 7 8 1
Tile:9_flip 8 8 0
Malus 0 0 1
Drop 1 0 0
Tile:6_flip 8 7 1
Drop 4 0 0
Tile:6 9 7 1
Drop 0 0 0
Tile:5_flip 10 7 1
Drop 5 0 0
Tile:7 10 6 1
Drop 1 0 0
Tile:0 6 5 1
Drop 3 0 0
Tile:9 9 6 1
Drop 2 0 0
Tile:10 9 5 1
Drop 3 0 0
Malus 0 0 1
Destroy 8 8 0
Tile:4 5 4 1
Map 12 5 0
Destroy 5 4 1
Drop 6 0 0
Tile:6 8 8 1
Drop 1 0 0
Tile:5 9 4 1
Drop 4 0 0
Tile:7 9 8 1
Drop 4 0 0
Tile:11 5 4 1
Map 12 7 0
Tile:2 5 3 1
Map 12 5 0
