# Server version 0.08 running on 192.168.2.12:8123
# Game ID: 201
# Board class: Saboteur.SaboteurBoard
# Timeout: 20000
# First Move Timeout: 30000
# Date: Sun Apr 12 01:05:45 EDT 2020
# Player 1: Player-0, 'RandomPlayer', running on 192.168.2.12
# Player 2: Player-1, '260675971', running on 192.168.2.12
START Player-0 RandomPlayer
START Player-1 260675971
BoardInit:Tile:0,Destroy,Malus,Bonus,Malus,Tile:5,Bonus,Map,Tile:8,Tile:9,Tile:14,Map,Destroy,Tile:6,Tile:9,Tile:6,Tile:7,Tile:6,Tile:15,Destroy,Tile:0,Tile:8,Tile:5,Tile:5,Tile:13,Tile:5,Tile:10,Tile:1,Tile:11,Map,Bonus,Tile:8,Tile:3,Map,Tile:2,Tile:9,Map,Tile:0,Tile:6,Tile:4,Tile:8-Tile:7,Bonus,Tile:10,Tile:7,Tile:9,Tile:6,Tile:0-Tile:7,Tile:7,Tile:10,Tile:12,Tile:9,Map,Tile:8-Tile:hidden1,Tile:hidden2,Tile:nugget
Tile:7 6 5 1
Map 12 3 0
Tile:9_flip 6 6 1
Tile:9_flip 5 4 0
Malus 0 0 1
Destroy 6 6 0
Malus 0 0 1
Drop 3 0 0
Tile:6 6 6 1
Map 12 5 0
Tile:8 7 6 1
Bonus 0 0 0
Tile:7 8 6 1
Drop 4 0 0
Tile:10 8 7 1
Map 12 7 0
Tile:9 8 8 1
Drop 5 0 0
Tile:0 9 8 1
Drop 3 0 0
Tile:7_flip 4 4 1
Destroy 8 8 0
Destroy 9 8 1
Drop 0 0 0
Tile:14 7 7 1
Drop 2 0 0
Tile:15 4 3 1
Drop 0 0 0
Tile:5 4 5 1
Drop 5 0 0
Tile:10 4 6 1
Map 12 3 0
Drop 5 0 1
Drop 6 0 0
Tile:13 4 2 1
Drop 3 0 0
Tile:2 6 7 1
Drop 2 0 0
Map 12 7 1
Map 12 5 0
Tile:6 8 8 1
Drop 2 0 0
Tile:0 9 8 1
Drop 1 0 0
Tile:0 10 8 1
Drop 3 0 0
Tile:8 11 8 1
Drop 0 0 0
Tile:3 4 1 1
Drop 2 0 0
Drop 0 0 1
Drop 0 0 0
Drop 0 0 1
Drop 0 0 0
Drop 0 0 1
GAMEOVER DRAW
# Game ended: Sun Apr 12 01:06:35 EDT 2020
