# Server version 0.08 running on 192.168.2.12:8123
# Game ID: 191
# Board class: Saboteur.SaboteurBoard
# Timeout: 20000
# First Move Timeout: 30000
# Date: Sun Apr 12 00:48:11 EDT 2020
# Player 1: Player-0, '260675971', running on 192.168.2.12
# Player 2: Player-1, 'RandomPlayer', running on 192.168.2.12
START Player-0 260675971
START Player-1 RandomPlayer
BoardInit:Tile:5,Tile:9,Bonus,Bonus,Tile:5,Tile:8,Tile:13,Tile:0,Tile:10,Tile:14,Map,Tile:8,Tile:7,Destroy,Map,Bonus,Tile:0,Malus,Tile:7,Tile:8,Tile:11,Tile:3,Tile:12,Destroy,Destroy,Map,Tile:6,Tile:7,Map,Tile:6,Tile:5,Bonus,Tile:2,Tile:9,Tile:6,Tile:7,Tile:9,Tile:4,Tile:10,Tile:8,Malus-Map,Tile:7,Tile:5,Tile:0,Tile:6,Tile:15,Tile:0-Tile:8,Tile:6,Tile:9,Tile:10,Tile:9,Map,Tile:1-Tile:nugget,Tile:hidden1,Tile:hidden2
Tile:5_flip 6 5 1
Map 12 7 0
Drop 1 0 1
Tile:6_flip 6 4 0
Map 12 7 1
Tile:8 4 5 0
Tile:5_flip 7 4 1
Tile:8 7 3 0
Tile:0 6 3 1
Tile:9_flip 8 3 0
Drop 3 0 1
Tile:9 8 4 0
Tile:0 9 4 1
Tile:0 10 4 0
Tile:6 3 5 1
Tile:9_flip 8 5 0
Tile:5 8 2 1
Tile:8 5 3 0
Map 12 3 1
Malus 0 0 0
Map 12 7 1
Tile:8 11 4 0
Drop 0 0 1
Tile:10 11 5 0
Drop 2 0 1
Tile:1 12 4 0
Destroy 12 4 1
Map 12 5 0
Drop 5 0 1
Tile:7 7 2 0
Map 12 3 1
Tile:6 11 6 0
Drop 6 0 1
Tile:14 4 6 0
Drop 3 0 1
Tile:9_flip 12 6 0
Drop 3 0 1
Tile:7_flip 10 6 0
Drop 6 0 1
Destroy 3 5 0
Drop 2 0 1
Tile:8 13 7 0
Drop 5 0 1
Tile:3 10 5 0
Drop 4 0 1
Destroy 7 2 0
Drop 3 0 1
Tile:4 7 2 0
Drop 2 0 1
Drop 1 0 0
Drop 0 0 1
Drop 0 0 0
Malus 0 0 1
Drop 0 0 0
Drop 0 0 1
GAMEOVER DRAW
# Game ended: Sun Apr 12 00:48:59 EDT 2020
