# Server version 0.08 running on 192.168.2.12:8123
# Game ID: 266
# Board class: Saboteur.SaboteurBoard
# Timeout: 20000
# First Move Timeout: 30000
# Date: Sun Apr 12 20:05:31 EDT 2020
# Player 1: Player-0, 'RandomPlayer', running on 192.168.2.12
# Player 2: Player-1, 'RandomPlayer', running on 192.168.2.12
START Player-0 RandomPlayer
START Player-1 RandomPlayer
BoardInit:Tile:1,Tile:5,Tile:11,Bonus,Tile:9,Tile:15,Tile:14,Tile:0,Tile:8,Tile:8,Map,Destroy,Tile:10,Tile:6,Tile:10,Tile:8,Malus,Map,Tile:10,Tile:7,Tile:0,Tile:4,Map,Tile:7,Bonus,Destroy,Destroy,Tile:5,Tile:7,Bonus,Tile:9,Tile:9,Tile:6,Tile:3,Tile:8,Tile:5,Tile:6,Tile:5,Bonus,Malus,Tile:6-Tile:13,Tile:9,Map,Tile:8,Tile:6,Tile:0,Tile:12-Map,Tile:2,Tile:7,Tile:9,Map,Tile:0,Tile:7-Tile:hidden2,Tile:hidden1,Tile:nugget
Tile:6_flip 4 5 1
Tile:9_flip 5 4 0
Tile:9_flip 5 3 1
Tile:7_flip 3 5 0
Tile:11_flip 5 6 1
Tile:2_flip 6 5 0
Tile:8 4 3 1
Tile:5 3 3 0
Tile:14 5 7 1
Drop 0 0 0
Tile:8 7 5 1
Tile:7_flip 4 7 0
Tile:9 5 2 1
Destroy 5 3 0
Map 12 3 1
Drop 5 0 0
Tile:13 5 1 1
Tile:8 6 1 0
Tile:1 4 1 1
Tile:15 6 0 0
Tile:10 7 6 1
Drop 4 0 0
Drop 5 0 1
Tile:0 3 1 0
Tile:10 3 4 1
Tile:7_flip 4 4 0
Tile:0 2 1 1
Destroy 7 5 0
Map 12 3 1
Map 12 7 0
Drop 3 0 1
Map 12 5 0
Destroy 3 3 1
Tile:9_flip 7 7 0
Tile:9_flip 7 8 1
Tile:5 1 1 0
Tile:6 6 8 1
Tile:5 3 3 0
Tile:6 6 2 1
Tile:5 5 8 0
Tile:7 7 2 1
Tile:7_flip 7 9 0
Tile:8 1 2 1
Tile:4 4 2 0
Tile:6_flip 7 5 1
Drop 0 0 0
Tile:12 7 1 1
Tile:0 2 2 0
Malus 0 0 1
Drop 1 0 0
Tile:0 0 2 1
Malus 0 0 0
Drop 0 0 1
Drop 0 0 0
Bonus 0 0 1
GAMEOVER DRAW
# Game ended: Sun Apr 12 20:05:31 EDT 2020
