# Server version 0.08 running on 192.168.2.12:8123
# Game ID: 116
# Board class: Saboteur.SaboteurBoard
# Timeout: 20000
# First Move Timeout: 30000
# Date: Thu Apr 09 15:40:29 EDT 2020
# Player 1: Player-0, '260675971', running on 192.168.2.12
# Player 2: Player-1, 'RandomPlayer', running on 192.168.2.12
START Player-0 260675971
START Player-1 RandomPlayer
BoardInit:Bonus,Map,Malus,Tile:2,Map,Bonus,Tile:9,Tile:9,Destroy,Tile:10,Tile:5,Destroy,Tile:0,Tile:8,Tile:5,Tile:8,Tile:12,Tile:9,Tile:14,Tile:7,Map,Tile:10,Tile:11,Map,Tile:15,Map,Tile:5,Tile:7,Tile:6,Tile:8,Tile:6,Tile:7,Tile:0,Tile:8,Tile:6,Tile:8,Destroy,Tile:7,Tile:5,Tile:10,Tile:9-Tile:1,Tile:4,Map,Bonus,Tile:6,Tile:3,Malus-Tile:0,Tile:7,Bonus,Tile:13,Tile:6,Tile:0,Tile:9-Tile:nugget,Tile:hidden1,Tile:hidden2
Drop 2 0 1
Tile:0 6 5 0
Drop 5 0 1
Tile:6 7 5 0
Tile:3_flip 5 6 1
Tile:0 8 5 0
Drop 3 0 1
Tile:9_flip 9 5 0
Drop 0 0 1
Tile:7_flip 9 6 0
Map 12 3 1
Tile:9_flip 10 6 0
Tile:9 10 5 1
Tile:13 5 4 0
Destroy 10 5 1
Tile:8 9 4 0
Tile:5_flip 10 7 1
Tile:8 10 4 0
Tile:12 11 4 1
Tile:9 10 5 0
Drop 4 0 1
Tile:7_flip 8 4 0
Tile:5 8 3 1
Tile:2 5 3 0
Tile:11_flip 6 3 1
Tile:10 6 2 0
Drop 3 0 1
Destroy 5 3 0
Tile:14_flip 5 3 1
Tile:7_flip 4 5 0
Tile:6_flip 9 7 1
Tile:8 10 3 0
Tile:5_flip 11 3 1
Tile:7_flip 9 8 0
Tile:6_flip 8 7 1
Tile:8 11 2 0
Drop 6 0 1
Tile:8 7 7 0
Tile:4 7 4 1
Tile:7_flip 7 8 0
Destroy 9 5 1
Tile:10 6 1 0
Tile:15 6 0 1
Tile:10 11 1 0
Tile:5_flip 8 8 1
Drop 0 0 0
Tile:9 4 4 1
Drop 0 0 0
Drop 1 0 1
Drop 0 0 0
Tile:0 11 5 1
Drop 0 0 0
Map 12 3 1
Drop 0 0 0
Drop 0 0 1
GAMEOVER DRAW
# Game ended: Thu Apr 09 15:41:17 EDT 2020
