# Server version 0.08 running on 192.168.2.12:8123
# Game ID: 200
# Board class: Saboteur.SaboteurBoard
# Timeout: 20000
# First Move Timeout: 30000
# Date: Sun Apr 12 01:03:16 EDT 2020
# Player 1: Player-0, '260675971', running on 192.168.2.12
# Player 2: Player-1, 'RandomPlayer', running on 192.168.2.12
START Player-0 260675971
START Player-1 RandomPlayer
BoardInit:Tile:10,Tile:7,Malus,Tile:7,Tile:0,Tile:4,Tile:5,Tile:11,Tile:6,Tile:9,Bonus,Destroy,Tile:0,Tile:0,Tile:2,Tile:7,Tile:3,Tile:0,Bonus,Tile:5,Tile:9,Map,Bonus,Tile:9,Destroy,Map,Malus,Tile:14,Tile:8,Tile:10,Map,Map,Tile:13,Tile:6,Tile:8,Tile:5,Tile:6,Map,Tile:7,Tile:15,Tile:6-Tile:12,Tile:6,Tile:10,Map,Tile:8,Destroy,Tile:1-Tile:5,Tile:8,Tile:8,Tile:7,Tile:9,Tile:9,Bonus-Tile:nugget,Tile:hidden1,Tile:hidden2
Tile:6 5 6 1
Drop 2 0 0
Tile:8 5 4 1
Tile:7 6 6 0
Tile:12_flip 4 6 1
Tile:9 4 4 0
Map 12 7 1
Tile:7 6 4 0
Destroy 6 4 1
Tile:9 6 7 0
Drop 0 0 1
Tile:4_flip 6 8 0
Tile:0 6 4 1
Drop 4 0 0
Tile:6 4 5 1
Tile:0 6 5 0
Tile:2_flip 7 7 1
Tile:9_flip 8 7 0
Tile:3 4 3 1
Tile:7 8 6 0
Tile:5 7 6 1
Tile:5 5 3 0
Tile:0 7 5 1
Map 12 7 0
Tile:1 6 3 1
Tile:8 3 3 0
Destroy 4 4 1
Map 12 5 0
Tile:9 4 4 1
Tile:7 7 3 0
Tile:8 2 3 1
Tile:5_flip 8 5 0
Tile:10 2 4 1
Tile:9 2 5 0
Drop 3 0 1
Tile:10 8 8 0
Tile:8 3 2 1
Tile:6 4 2 0
Tile:13 4 1 1
Tile:5 4 0 0
Tile:6_flip 3 5 1
Destroy 2 3 0
Malus 0 0 1
Drop 2 0 0
Tile:6_flip 3 1 1
Drop 3 0 0
Map 12 7 1
Drop 2 0 0
Drop 0 0 1
Bonus 0 0 0
Tile:7 5 0 1
Drop 1 0 0
Malus 0 0 1
Drop 0 0 0
Drop 0 0 1
GAMEOVER DRAW
# Game ended: Sun Apr 12 01:04:05 EDT 2020
