# Server version 0.08 running on 192.168.2.12:8123
# Game ID: 204
# Board class: Saboteur.SaboteurBoard
# Timeout: 20000
# First Move Timeout: 30000
# Date: Sun Apr 12 01:11:15 EDT 2020
# Player 1: Player-0, 'RandomPlayer', running on 192.168.2.12
# Player 2: Player-1, '260675971', running on 192.168.2.12
START Player-0 RandomPlayer
START Player-1 260675971
BoardInit:Tile:10,Tile:6,Tile:3,Tile:7,Tile:7,Tile:0,Destroy,Tile:9,Tile:4,Tile:12,Tile:6,Tile:9,Bonus,Tile:7,Tile:9,Tile:9,Tile:14,Tile:2,Tile:15,Map,Map,Malus,Bonus,Tile:6,Tile:8,Tile:1,Tile:9,Tile:8,Malus,Tile:6,Map,Tile:8,Tile:7,Tile:5,Tile:8,Bonus,Map,Tile:5,Tile:7,Destroy,Bonus-Tile:11,Map,Tile:0,Tile:6,Tile:5,Tile:10,Tile:0-Destroy,Tile:5,Tile:10,Map,Tile:0,Tile:8,Tile:13-Tile:nugget,Tile:hidden2,Tile:hidden1
Tile:0 6 5 1
Map 12 3 0
Tile:6 7 5 1
Tile:13 5 6 0
Tile:5_flip 8 5 1
Tile:6 5 7 0
Tile:7 8 4 1
Tile:7_flip 4 7 0
Tile:0 6 7 1
Tile:9 4 5 0
Tile:10 5 4 1
Tile:10 4 4 0
Tile:6 7 7 1
Tile:0 6 6 0
Tile:10 5 3 1
Destroy 8 5 0
Tile:9_flip 8 5 1
Tile:9_flip 8 6 0
Tile:11 4 6 1
Tile:9_flip 4 3 0
Tile:3 4 2 1
Tile:2_flip 8 7 0
Destroy 4 2 1
Drop 5 0 0
Map 12 7 1
Drop 4 0 0
Map 12 5 1
Tile:8 7 4 0
Tile:9 7 3 1
Tile:0 3 3 0
Malus 0 0 1
Drop 1 0 0
Tile:14_flip 4 2 1
Drop 4 0 0
Tile:15 7 2 1
Drop 0 0 0
Tile:8 5 2 1
Drop 3 0 0
Drop 3 0 1
Malus 0 0 0
Drop 0 0 1
Destroy 8 4 0
Bonus 0 0 1
Bonus 0 0 0
Tile:8 8 3 1
Tile:8 8 4 0
Tile:7 9 3 1
Tile:1 2 3 0
Drop 2 0 1
Tile:5 5 1 0
Drop 0 0 1
Tile:6_flip 9 7 0
Drop 0 0 1
Tile:5 8 2 0
Drop 0 0 1
GAMEOVER DRAW
# Game ended: Sun Apr 12 01:12:05 EDT 2020
