# Server version 0.08 running on 192.168.2.12:8123
# Game ID: 264
# Board class: Saboteur.SaboteurBoard
# Timeout: 20000
# First Move Timeout: 30000
# Date: Sun Apr 12 20:03:56 EDT 2020
# Player 1: Player-0, '260675971', running on 192.168.2.12
# Player 2: Player-1, 'RandomPlayer', running on 192.168.2.12
START Player-0 260675971
START Player-1 RandomPlayer
BoardInit:Tile:9,Bonus,Tile:10,Tile:7,Tile:12,Tile:1,Tile:9,Tile:5,Tile:6,Tile:6,Tile:10,Map,Tile:8,Map,Tile:9,Bonus,Malus,Tile:13,Tile:15,Tile:9,Tile:8,Tile:7,Tile:10,Tile:9,Tile:0,Tile:7,Destroy,Tile:2,Malus,Tile:8,Tile:0,Tile:6,Tile:8,Map,Bonus,Tile:6,Tile:7,Tile:14,Bonus,Destroy,Tile:7-Tile:11,Destroy,Tile:0,Tile:8,Tile:0,Tile:6,Tile:5-Map,Tile:5,Tile:3,Tile:5,Map,Map,Tile:4-Tile:hidden2,Tile:hidden1,Tile:nugget
Tile:5 5 4 1
Map 12 7 0
Tile:0 4 5 1
Tile:5_flip 5 6 0
Tile:6_flip 4 6 1
Tile:5_flip 4 7 0
Tile:12_flip 3 7 1
Tile:7 6 5 0
Tile:0 6 4 1
Tile:5_flip 7 4 0
Drop 0 0 1
Tile:6_flip 7 3 0
Tile:8 8 3 1
Tile:3 8 2 0
Tile:9 6 6 1
Tile:4_flip 6 7 0
Destroy 8 2 1
Tile:1 3 6 0
Tile:6_flip 7 6 1
Tile:13 2 6 0
Tile:15 7 7 1
Tile:9_flip 8 6 0
Drop 5 0 1
Tile:7_flip 8 7 0
Tile:9_flip 2 7 1
Tile:9_flip 9 7 0
Tile:10 8 5 1
Tile:7_flip 9 8 0
Tile:8 10 8 1
Tile:2 2 5 0
Destroy 3 6 1
Tile:8 11 8 0
Tile:0 9 3 1
Tile:6 12 8 0
GAMEOVER WINNER 0
# Game ended: Sun Apr 12 20:04:27 EDT 2020
