# Server version 0.08 running on 192.168.2.12:8123
# Game ID: 198
# Board class: Saboteur.SaboteurBoard
# Timeout: 20000
# First Move Timeout: 30000
# Date: Sun Apr 12 01:00:01 EDT 2020
# Player 1: Player-0, 'RandomPlayer', running on 192.168.2.12
# Player 2: Player-1, '260675971', running on 192.168.2.12
START Player-0 RandomPlayer
START Player-1 260675971
BoardInit:Tile:14,Tile:0,Tile:6,Bonus,Tile:5,Map,Tile:10,Destroy,Destroy,Tile:6,Map,Tile:5,Tile:2,Tile:7,Tile:8,Tile:8,Tile:5,Bonus,Tile:0,Tile:8,Tile:8,Tile:4,Tile:15,Tile:7,Tile:0,Tile:13,Tile:10,Tile:12,Tile:1,Tile:5,Tile:9,Tile:9,Malus,Tile:10,Map,Tile:9,Map,Destroy,Malus,Tile:7,Tile:8-Tile:3,Bonus,Tile:7,Tile:0,Tile:11,Tile:6,Map-Tile:9,Tile:6,Tile:6,Map,Tile:9,Tile:7,Bonus-Tile:nugget,Tile:hidden2,Tile:hidden1
Map 12 7 1
Tile:9_flip 6 5 0
Tile:3 5 4 1
Tile:9 4 5 0
Tile:6_flip 4 4 1
Tile:7_flip 5 6 0
Tile:6 6 6 1
Drop 6 0 0
Tile:0 3 4 1
Drop 0 0 0
Tile:5 6 4 1
Drop 1 0 0
Map 12 5 1
Tile:0 7 4 0
Destroy 4 4 1
Destroy 6 4 0
Tile:8 8 4 1
Tile:7 7 6 0
Tile:5 6 4 1
Tile:6 2 4 0
Tile:10 8 3 1
Tile:6_flip 9 4 0
Tile:8 8 5 1
Tile:8 2 3 0
Tile:0 1 3 1
Tile:5_flip 7 7 0
Tile:7 2 2 1
Tile:13 4 4 0
Tile:0 1 2 1
Tile:4 4 3 0
Tile:10 8 6 1
Tile:8 0 2 0
Tile:9 8 7 1
Tile:5 0 1 0
Tile:11_flip 8 2 1
Tile:9 8 8 0
Tile:14_flip 6 7 1
Tile:9_flip 6 8 0
Malus 0 0 1
Destroy 6 6 0
Tile:2 1 4 1
Drop 6 0 0
Tile:15 4 6 1
Bonus 0 0 0
Tile:8 9 5 1
Drop 3 0 0
Drop 4 0 1
Tile:7_flip 9 6 0
Drop 1 0 1
Tile:10 1 5 0
Drop 0 0 1
Drop 0 0 0
Drop 1 0 1
Drop 0 0 0
Drop 0 0 1
GAMEOVER DRAW
# Game ended: Sun Apr 12 01:00:52 EDT 2020
