# Server version 0.08 running on 192.168.2.12:8123
# Game ID: 270
# Board class: Saboteur.SaboteurBoard
# Timeout: 20000
# First Move Timeout: 30000
# Date: Sun Apr 12 20:23:36 EDT 2020
# Player 1: Player-0, 'RandomPlayer', running on 192.168.2.12
# Player 2: Player-1, '260675971', running on 192.168.2.12
START Player-0 RandomPlayer
START Player-1 260675971
BoardInit:Destroy,Tile:7,Tile:9,Map,Tile:14,Tile:8,Tile:6,Tile:12,Tile:6,Map,Tile:10,Tile:7,Tile:7,Map,Map,Tile:6,Destroy,Tile:2,Tile:15,Tile:7,Tile:1,Tile:8,Tile:8,Bonus,Tile:3,Tile:0,Tile:0,Tile:9,Tile:9,Tile:11,Tile:4,Malus,Tile:8,Bonus,Tile:9,Tile:9,Tile:5,Tile:5,Tile:6,Tile:7,Map-Tile:6,Tile:0,Tile:8,Malus,Bonus,Tile:13,Tile:10-Tile:5,Tile:10,Map,Tile:5,Bonus,Destroy,Tile:0-Tile:hidden2,Tile:hidden1,Tile:nugget
Tile:6_flip 6 5 1
Tile:5_flip 5 6 0
Tile:0 7 5 1
Tile:10 6 6 0
Tile:9_flip 8 5 1
Tile:7_flip 8 6 0
Tile:8 9 6 1
Tile:5 9 5 0
Tile:6_flip 10 5 1
Destroy 10 5 0
Tile:6 10 5 1
Tile:8 4 6 0
Tile:10 10 4 1
Map 12 5 0
Tile:7 11 5 1
Drop 1 0 0
Map 12 7 1
Tile:6 11 6 0
Malus 0 0 1
Map 12 5 0
Tile:10 9 7 1
Map 12 5 0
Tile:13 4 5 1
Map 12 3 0
Tile:8 12 6 1
GAMEOVER WINNER 1
# Game ended: Sun Apr 12 20:24:00 EDT 2020
