# Server version 0.08 running on 192.168.2.12:8123
# Game ID: 160
# Board class: Saboteur.SaboteurBoard
# Timeout: 20000
# First Move Timeout: 30000
# Date: Sat Apr 11 22:58:21 EDT 2020
# Player 1: Player-0, '260675971', running on 192.168.2.12
# Player 2: Player-1, 'RandomPlayer', running on 192.168.2.12
START Player-0 260675971
START Player-1 RandomPlayer
BoardInit:Tile:12,Tile:10,Tile:0,Tile:6,Tile:7,Tile:9,Tile:7,Tile:9,Bonus,Tile:5,Map,Map,Tile:6,Tile:8,Tile:1,Destroy,Tile:7,Tile:7,Tile:6,Tile:5,Tile:5,Tile:11,Tile:5,Bonus,Bonus,Map,Tile:4,Tile:8,Malus,Tile:2,Tile:8,Tile:10,Tile:8,Bonus,Tile:13,Tile:9,Tile:10,Tile:6,Tile:14,Tile:9,Destroy-Tile:6,Tile:3,Malus,Tile:9,Map,Destroy,Map-Tile:15,Tile:7,Map,Tile:0,Tile:8,Tile:0,Tile:0-Tile:hidden1,Tile:nugget,Tile:hidden2
Malus 0 0 1
Drop 0 0 0
Map 12 5 1
Drop 0 0 0
Tile:6_flip 4 5 1
Drop 0 0 0
Drop 2 0 1
Drop 0 0 0
Drop 2 0 1
Drop 0 0 0
Drop 1 0 1
Drop 0 0 0
Tile:7 6 5 1
Drop 0 0 0
Tile:3 5 4 1
Drop 0 0 0
Tile:7_flip 3 5 1
Destroy 3 5 0
Tile:1 4 4 1
Drop 0 0 0
Tile:6 3 5 1
Drop 0 0 0
Tile:7_flip 2 5 1
Drop 0 0 0
Tile:5 2 4 1
Bonus 0 0 0
Tile:5_flip 5 6 1
Tile:8 3 4 0
Drop 5 0 1
Tile:7 3 3 0
Tile:12_flip 2 3 1
Tile:8 4 6 0
Tile:0 3 6 1
Tile:5_flip 4 7 0
Tile:4_flip 6 6 1
Tile:5 2 6 0
Map 12 3 1
