# Server version 0.08 running on 192.168.2.12:8123
# Game ID: 244
# Board class: Saboteur.SaboteurBoard
# Timeout: 20000
# First Move Timeout: 30000
# Date: Sun Apr 12 19:53:08 EDT 2020
# Player 1: Player-0, 'RandomPlayer', running on 192.168.2.12
# Player 2: Player-1, '260675971', running on 192.168.2.12
START Player-0 RandomPlayer
START Player-1 260675971
BoardInit:Tile:7,Tile:11,Tile:0,Tile:9,Tile:10,Tile:6,Tile:15,Tile:8,Map,Tile:0,Map,Tile:6,Tile:4,Tile:9,Map,Tile:5,Tile:1,Bonus,Map,Tile:9,Map,Tile:9,Map,Malus,Tile:0,Tile:7,Tile:14,Tile:7,Tile:7,Tile:13,Tile:10,Destroy,Tile:5,Tile:3,Bonus,Tile:10,Destroy,Tile:12,Tile:2,Tile:6,Bonus-Tile:8,Tile:5,Tile:6,Tile:8,Malus,Tile:6,Bonus-Tile:8,Tile:7,Tile:0,Tile:5,Tile:8,Destroy,Tile:9-Tile:nugget,Tile:hidden2,Tile:hidden1
Malus 0 0 1
Drop 3 0 0
Tile:8 6 5 1
Drop 1 0 0
Tile:5_flip 7 5 1
Drop 0 0 0
Tile:6_flip 7 4 1
Destroy 7 4 0
Tile:8 7 4 1
Drop 1 0 0
Map 12 7 1
Drop 4 0 0
Map 12 5 1
Drop 0 0 0
Tile:6 8 4 1
Drop 0 0 0
Tile:7 8 3 1
Drop 5 0 0
Tile:0 9 4 1
Drop 3 0 0
Tile:15 6 6 1
Drop 2 0 0
Drop 6 0 1
Drop 3 0 0
Tile:1 4 5 1
Drop 0 0 0
Tile:10 5 6 1
Drop 5 0 0
Tile:14_flip 3 5 1
Drop 6 0 0
Tile:0 10 4 1
Drop 1 0 0
Tile:7_flip 6 7 1
Bonus 0 0 0
Tile:10 5 7 1
Tile:3_flip 3 6 0
Drop 2 0 1
Tile:9_flip 5 8 0
Tile:4 5 4 1
Tile:13 5 9 0
Destroy 5 6 1
Tile:9 6 4 0
Tile:2 6 9 1
Tile:7 4 6 0
Tile:5_flip 4 7 1
Drop 0 0 0
Drop 3 0 1
Destroy 5 7 0
Drop 2 0 1
Tile:12_flip 3 7 0
Drop 1 0 1
Tile:10 5 6 0
Drop 1 0 1
Tile:6_flip 7 7 0
Drop 0 0 1
GAMEOVER DRAW
# Game ended: Sun Apr 12 19:53:59 EDT 2020
