# Server version 0.08 running on 192.168.2.12:8123
# Game ID: 214
# Board class: Saboteur.SaboteurBoard
# Timeout: 20000
# First Move Timeout: 30000
# Date: Sun Apr 12 01:26:20 EDT 2020
# Player 1: Player-0, '260675971', running on 192.168.2.12
# Player 2: Player-1, 'RandomPlayer', running on 192.168.2.12
START Player-0 260675971
START Player-1 RandomPlayer
BoardInit:Malus,Tile:9,Tile:14,Tile:15,Tile:5,Map,Tile:1,Tile:5,Tile:6,Tile:4,Tile:8,Destroy,Tile:8,Map,Destroy,Tile:7,Malus,Tile:2,Bonus,Tile:8,Tile:6,Tile:0,Map,Tile:8,Tile:11,Tile:10,Tile:9,Destroy,Tile:7,Map,Tile:10,Tile:8,Bonus,Bonus,Tile:9,Tile:6,Tile:5,Bonus,Tile:0,Tile:7,Map-Tile:10,Tile:0,Tile:7,Tile:9,Tile:0,Tile:12,Tile:6-Map,Tile:3,Tile:7,Tile:9,Tile:13,Tile:5,Tile:6-Tile:hidden2,Tile:hidden1,Tile:nugget
Tile:6 4 5 1
Tile:7 6 5 0
Tile:10 5 4 1
Tile:9 6 6 0
Tile:9_flip 4 4 1
Tile:9_flip 7 6 0
Tile:14_flip 7 5 1
Tile:5_flip 8 5 0
Drop 0 0 1
Tile:6 7 7 0
Tile:5 3 4 1
Tile:5_flip 8 7 0
Tile:8 3 5 1
Tile:3 4 3 0
Tile:6 6 7 1
Tile:13 3 6 0
Destroy 3 4 1
Tile:7 8 4 0
Tile:0 4 6 1
Map 12 7 0
Tile:7_flip 2 6 1
Tile:8 5 7 0
Tile:1 7 4 1
Tile:0 4 7 0
Tile:6_flip 2 5 1
Tile:8 5 8 0
Tile:11 5 3 1
Tile:10 5 9 0
Tile:12_flip 1 5 1
Tile:15 5 2 0
Tile:9 3 3 1
Tile:4 3 2 0
Tile:7_flip 6 4 1
Tile:8 3 7 0
Tile:8 3 4 1
Destroy 1 5 0
Tile:9_flip 5 6 1
Tile:6_flip 6 8 0
Drop 6 0 1
Tile:2 1 5 0
Drop 2 0 1
Tile:7 7 8 0
Tile:10 3 8 1
Destroy 1 5 0
Map 12 5 1
Drop 0 0 0
Map 12 3 1
Drop 0 0 0
Malus 0 0 1
Bonus 0 0 0
Malus 0 0 1
Bonus 0 0 0
Drop 1 0 1
Drop 0 0 0
Drop 0 0 1
GAMEOVER DRAW
# Game ended: Sun Apr 12 01:27:09 EDT 2020
