# Server version 0.08 running on 192.168.2.12:8123
# Game ID: 261
# Board class: Saboteur.SaboteurBoard
# Timeout: 20000
# First Move Timeout: 30000
# Date: Sun Apr 12 20:00:22 EDT 2020
# Player 1: Player-0, 'RandomPlayer', running on 192.168.2.12
# Player 2: Player-1, '260675971', running on 192.168.2.12
START Player-0 RandomPlayer
START Player-1 260675971
BoardInit:Tile:13,Tile:8,Tile:6,Tile:3,Map,Tile:5,Destroy,Malus,Tile:10,Tile:11,Tile:9,Tile:5,Tile:6,Tile:0,Tile:5,Tile:6,Tile:0,Tile:15,Tile:5,Tile:8,Map,Tile:0,Tile:7,Bonus,Bonus,Tile:7,Bonus,Tile:14,Tile:8,Tile:8,Tile:7,Tile:9,Malus,Map,Tile:1,Tile:0,Tile:12,Tile:9,Tile:4,Tile:9,Tile:10-Tile:7,Map,Tile:2,Map,Tile:9,Tile:6,Tile:7-Bonus,Destroy,Tile:10,Tile:8,Map,Tile:6,Destroy-Tile:nugget,Tile:hidden1,Tile:hidden2
Map 12 7 1
Map 12 7 0
Map 12 5 1
Tile:8 6 5 0
Tile:9_flip 6 4 1
Tile:3_flip 5 6 0
Tile:7 6 3 1
Tile:6 6 6 0
Tile:6 5 3 1
Destroy 6 5 0
Tile:7 5 2 1
Destroy 6 4 0
Tile:6 6 4 1
Tile:11_flip 7 4 0
Tile:9 7 3 1
Tile:5_flip 8 3 0
Tile:10 8 2 1
Tile:8 4 3 0
Tile:6_flip 8 1 1
Tile:10 7 5 0
Tile:5_flip 9 1 1
Tile:6 4 5 0
Tile:5 9 0 1
Tile:5 5 4 0
Tile:7 10 0 1
Tile:15 10 1 0
Tile:0 7 1 1
Tile:0 3 5 0
Tile:2 2 5 1
Tile:14 7 6 0
GAMEOVER USER CANCEL UNDECIDED
# Game ended: Sun Apr 12 20:00:50 EDT 2020
