# Server version 0.08 running on 192.168.2.12:8123
# Game ID: 192
# Board class: Saboteur.SaboteurBoard
# Timeout: 20000
# First Move Timeout: 30000
# Date: Sun Apr 12 00:53:15 EDT 2020
# Player 1: Player-0, 'RandomPlayer', running on 192.168.2.12
# Player 2: Player-1, '260675971', running on 192.168.2.12
START Player-0 RandomPlayer
START Player-1 260675971
BoardInit:Tile:5,Bonus,Tile:8,Map,Map,Tile:10,Destroy,Tile:6,Map,Tile:9,Malus,Tile:8,Tile:12,Tile:9,Tile:7,Tile:6,Tile:8,Tile:14,Map,Tile:9,Tile:0,Tile:5,Malus,Tile:8,Map,Tile:1,Tile:6,Tile:2,Tile:9,Tile:10,Tile:15,Tile:7,Bonus,Tile:7,Tile:6,Tile:4,Tile:7,Tile:3,Tile:0,Tile:8,Tile:7-Destroy,Tile:5,Destroy,Bonus,Tile:10,Tile:0,Tile:13-Tile:11,Tile:0,Bonus,Tile:6,Tile:9,Tile:5,Map-Tile:nugget,Tile:hidden2,Tile:hidden1
Tile:5_flip 5 6 1
Tile:5 4 6 0
Tile:0 4 5 1
Tile:11 3 5 0
Tile:8 4 7 1
Tile:6_flip 6 5 0
Map 12 7 1
Tile:10 4 8 0
Tile:10 3 4 1
Map 12 3 0
Map 12 5 1
Tile:9 3 7 0
Tile:5_flip 7 5 1
Tile:6_flip 5 7 0
Destroy 3 7 1
Tile:9 6 6 0
Tile:7 5 4 1
Tile:9 7 4 0
Tile:8 8 4 1
Tile:8 9 4 0
Destroy 3 4 1
Tile:9_flip 7 3 0
Tile:0 6 3 1
Tile:14_flip 8 3 0
Tile:13 6 7 1
Tile:6 10 4 0
Destroy 5 4 1
Tile:5_flip 3 6 0
Tile:6 5 3 1
Tile:8 4 3 0
Tile:9_flip 9 3 1
Tile:2 2 6 0
Tile:12 7 7 1
Map 12 3 0
Tile:15 3 4 1
Drop 0 0 0
Tile:6_flip 5 4 1
Tile:10 5 2 0
Tile:7_flip 8 5 1
Tile:7 4 2 0
Tile:0 3 7 1
Tile:3 5 1 0
Malus 0 0 1
Drop 4 0 0
Tile:7 11 4 1
Drop 3 0 0
Drop 0 0 1
Drop 2 0 0
Drop 0 0 1
Drop 1 0 0
Drop 1 0 1
Bonus 0 0 0
Malus 0 0 1
Drop 0 0 0
Drop 0 0 1
GAMEOVER DRAW
# Game ended: Sun Apr 12 00:54:06 EDT 2020
