# Server version 0.08 running on 192.168.2.12:8123
# Game ID: 115
# Board class: Saboteur.SaboteurBoard
# Timeout: 20000
# First Move Timeout: 30000
# Date: Thu Apr 09 15:37:35 EDT 2020
# Player 1: Player-0, '260675971', running on 192.168.2.12
# Player 2: Player-1, 'RandomPlayer', running on 192.168.2.12
START Player-0 260675971
START Player-1 RandomPlayer
BoardInit:Map,Tile:5,Destroy,Tile:7,Tile:10,Tile:12,Tile:0,Destroy,Bonus,Tile:8,Tile:6,Tile:4,Tile:0,Tile:6,Map,Tile:9,Tile:6,Tile:1,Bonus,Tile:9,Tile:15,Bonus,Tile:5,Tile:10,Tile:6,Tile:6,Bonus,Tile:7,Tile:10,Malus,Tile:8,Tile:9,Tile:9,Tile:0,Map,Tile:14,Map,Tile:3,Tile:9,Map,Tile:7-Tile:2,Tile:5,Malus,Tile:8,Tile:11,Destroy,Tile:5-Tile:8,Tile:8,Tile:7,Tile:13,Tile:7,Tile:0,Map-Tile:nugget,Tile:hidden1,Tile:hidden2
Tile:11_flip 5 6 1
Tile:8 5 4 0
Tile:2 4 5 1
Tile:8 5 3 0
Tile:8 6 3 1
Tile:7 7 3 0
Tile:5 3 5 1
Tile:5_flip 5 7 0
Tile:5 4 7 1
Tile:7 6 5 0
Drop 0 0 1
Tile:7_flip 7 4 0
Tile:0 4 3 1
Tile:0 8 4 0
Tile:6_flip 3 3 1
Tile:12 9 4 0
Map 12 7 1
Tile:8 6 2 0
Drop 0 0 1
Tile:6 7 2 0
Tile:10 6 6 1
Tile:4_flip 6 7 0
Tile:6 4 8 1
Tile:9_flip 8 2 0
Tile:5 5 2 1
Tile:9 3 6 0
Destroy 6 7 1
Tile:10 6 7 0
Drop 5 0 1
Tile:6 6 8 0
Drop 0 0 1
Malus 0 0 0
Drop 3 0 1
Tile:7_flip 8 3 0
Map 12 3 1
Tile:9_flip 7 8 0
Drop 0 0 1
Tile:0 9 3 0
Map 12 5 1
Tile:13 2 3 0
Map 12 5 1
Destroy 2 3 0
Bonus 0 0 1
Tile:1 2 3 0
Drop 4 0 1
Tile:14 3 4 0
Tile:7_flip 1 3 1
Tile:3 1 2 0
Tile:8 10 3 1
Drop 0 0 0
Tile:10 3 7 1
Drop 0 0 0
Tile:9 7 7 1
Drop 0 0 0
Drop 0 0 1
GAMEOVER DRAW
# Game ended: Thu Apr 09 15:38:24 EDT 2020
