# Server version 0.08 running on 192.168.2.12:8123
# Game ID: 262
# Board class: Saboteur.SaboteurBoard
# Timeout: 20000
# First Move Timeout: 30000
# Date: Sun Apr 12 20:00:54 EDT 2020
# Player 1: Player-0, 'RandomPlayer', running on 192.168.2.12
# Player 2: Player-1, '260675971', running on 192.168.2.12
START Player-0 RandomPlayer
START Player-1 260675971
BoardInit:Tile:14,Tile:0,Tile:15,Malus,Tile:8,Tile:10,Tile:8,Tile:3,Tile:9,Tile:7,Destroy,Tile:8,Tile:11,Bonus,Map,Tile:6,Tile:5,Tile:0,Map,Tile:6,Tile:7,Tile:5,Tile:9,Tile:10,Tile:0,Tile:9,Tile:7,Map,Tile:5,Tile:13,Tile:2,Tile:6,Tile:1,Map,Tile:6,Tile:10,Tile:7,Bonus,Destroy,Bonus,Tile:9-Tile:4,Map,Tile:0,Destroy,Bonus,Malus,Map-Tile:8,Tile:12,Tile:7,Tile:5,Tile:9,Tile:8,Tile:6-Tile:hidden1,Tile:nugget,Tile:hidden2
Map 12 7 1
Tile:7_flip 4 5 0
Map 12 5 1
Tile:9 4 4 0
Malus 0 0 1
Drop 4 0 0
Tile:0 6 5 1
Drop 3 0 0
Tile:8 7 5 1
Drop 5 0 0
Tile:8 8 5 1
Malus 0 0 0
Bonus 0 0 1
Drop 0 0 0
Tile:9_flip 9 5 1
Drop 5 0 0
Tile:4 4 3 1
Drop 1 0 0
Tile:5 9 4 1
Drop 3 0 0
Destroy 4 3 1
Drop 2 0 0
Tile:7 10 4 1
Drop 3 0 0
Tile:9 10 5 1
Drop 5 0 0
Tile:0 11 5 1
GAMEOVER WINNER 1
# Game ended: Sun Apr 12 20:01:19 EDT 2020
