# Server version 0.08 running on 192.168.2.12:8123
# Game ID: 117
# Board class: Saboteur.SaboteurBoard
# Timeout: 20000
# First Move Timeout: 30000
# Date: Thu Apr 09 15:54:45 EDT 2020
# Player 1: Player-0, '260675971', running on 192.168.2.12
# Player 2: Player-1, 'RandomPlayer', running on 192.168.2.12
START Player-0 260675971
START Player-1 RandomPlayer
BoardInit:Tile:9,Tile:12,Tile:11,Tile:3,Bonus,Destroy,Tile:2,Tile:6,Tile:8,Tile:13,Tile:9,Map,Tile:6,Tile:9,Malus,Tile:5,Tile:7,Tile:8,Malus,Destroy,Tile:7,Bonus,Tile:0,Bonus,Tile:10,Tile:6,Tile:5,Tile:8,Tile:0,Map,Tile:14,Tile:6,Tile:4,Tile:1,Tile:5,Tile:9,Tile:7,Tile:9,Tile:15,Tile:0,Tile:7-Tile:7,Destroy,Map,Map,Map,Tile:10,Tile:8-Tile:6,Bonus,Tile:10,Tile:8,Tile:0,Tile:5,Map-Tile:nugget,Tile:hidden2,Tile:hidden1
Tile:7_flip 5 6 1
Tile:6 6 5 0
Destroy 5 6 1
Tile:8 7 5 0
Map 12 5 1
Tile:0 8 5 0
Map 12 7 1
Tile:5_flip 9 5 0
Tile:11_flip 6 4 1
Tile:6 7 6 0
Tile:2 5 4 1
Tile:10 5 6 0
Tile:9 7 4 1
Tile:12 8 4 0
Tile:9 9 4 1
Tile:9_flip 10 4 0
Map 12 3 1
Tile:5_flip 5 7 0
Tile:8 10 3 1
Tile:8 11 3 0
GAMEOVER WINNER 0
# Game ended: Thu Apr 09 15:55:03 EDT 2020
