# Server version 0.08 running on 192.168.2.12:8123
# Game ID: 180
# Board class: Saboteur.SaboteurBoard
# Timeout: 20000
# First Move Timeout: 30000
# Date: Sun Apr 12 00:22:04 EDT 2020
# Player 1: Player-0, 'RandomPlayer', running on 192.168.2.12
# Player 2: Player-1, '260675971', running on 192.168.2.12
START Player-0 RandomPlayer
START Player-1 260675971
BoardInit:Tile:9,Tile:0,Tile:5,Tile:6,Bonus,Tile:6,Bonus,Tile:8,Map,Map,Tile:10,Bonus,Tile:9,Tile:5,Tile:7,Tile:9,Malus,Tile:7,Map,Tile:3,Map,Tile:15,Tile:11,Destroy,Tile:10,Tile:7,Malus,Tile:8,Tile:6,Tile:2,Tile:9,Tile:8,Tile:6,Tile:6,Tile:8,Tile:5,Tile:4,Destroy,Tile:9,Tile:1,Tile:7-Destroy,Tile:0,Tile:0,Tile:10,Tile:8,Tile:7,Tile:14-Tile:5,Tile:12,Bonus,Tile:0,Map,Tile:13,Map-Tile:hidden2,Tile:nugget,Tile:hidden1
Tile:0 6 5 1
Drop 2 0 0
Tile:0 7 5 1
Tile:0 4 5 0
Tile:8 8 5 1
Tile:6_flip 9 5 0
Tile:7 10 5 1
Tile:6_flip 8 4 0
Tile:9_flip 10 6 1
Tile:8 10 7 0
Map 12 7 1
Drop 3 0 0
Tile:5_flip 11 7 1
Tile:12_flip 7 4 0
Tile:10 11 6 1
Tile:5 11 5 0
GAMEOVER WINNER 0
# Game ended: Sun Apr 12 00:22:19 EDT 2020
