# Server version 0.08 running on 192.168.2.12:8123
# Game ID: 203
# Board class: Saboteur.SaboteurBoard
# Timeout: 20000
# First Move Timeout: 30000
# Date: Sun Apr 12 01:10:57 EDT 2020
# Player 1: Player-0, 'RandomPlayer', running on 192.168.2.12
# Player 2: Player-1, '260675971', running on 192.168.2.12
START Player-0 RandomPlayer
START Player-1 260675971
BoardInit:Destroy,Tile:13,Map,Tile:9,Tile:10,Tile:8,Tile:11,Tile:0,Tile:5,Tile:0,Tile:9,Tile:8,Tile:0,Tile:6,Bonus,Malus,Tile:9,Tile:12,Tile:10,Map,Tile:8,Tile:10,Tile:6,Tile:1,Tile:0,Tile:7,Tile:6,Bonus,Map,Tile:7,Tile:14,Map,Tile:8,Destroy,Tile:9,Map,Map,Tile:4,Bonus,Tile:3,Tile:6-Tile:7,Tile:5,Destroy,Bonus,Tile:5,Tile:7,Tile:2-Malus,Tile:6,Tile:7,Tile:9,Tile:5,Tile:8,Tile:15-Tile:hidden2,Tile:hidden1,Tile:nugget
Tile:7 6 5 1
Tile:9 5 4 0
Tile:5_flip 6 4 1
Tile:8 5 6 0
Tile:7 6 3 1
Tile:15 5 7 0
Tile:5_flip 6 6 1
Tile:6_flip 5 3 0
Tile:10 5 8 1
Drop 0 0 0
Tile:5 4 3 1
Drop 2 0 0
Tile:9 4 5 1
Tile:9 4 6 0
GAMEOVER USER CANCEL UNDECIDED
# Game ended: Sun Apr 12 01:11:11 EDT 2020
