# Server version 0.08 running on 192.168.2.12:8123
# Game ID: 212
# Board class: Saboteur.SaboteurBoard
# Timeout: 20000
# First Move Timeout: 30000
# Date: Sun Apr 12 01:23:50 EDT 2020
# Player 1: Player-0, '260675971', running on 192.168.2.12
# Player 2: Player-1, 'RandomPlayer', running on 192.168.2.12
START Player-0 260675971
START Player-1 RandomPlayer
BoardInit:Tile:6,Map,Tile:0,Tile:9,Malus,Tile:12,Tile:8,Tile:7,Tile:6,Tile:2,Map,Tile:10,Tile:0,Tile:8,Map,Tile:9,Destroy,Tile:10,Tile:5,Destroy,Tile:8,Tile:6,Tile:9,Bonus,Tile:0,Destroy,Tile:7,Tile:10,Tile:11,Map,Map,Bonus,Tile:3,Tile:5,Tile:1,Bonus,Tile:8,Tile:15,Tile:9,Tile:7,Malus-Tile:0,Tile:7,Bonus,Tile:9,Tile:8,Tile:14,Tile:7-Map,Tile:6,Tile:4,Tile:5,Tile:5,Tile:6,Tile:13-Tile:hidden1,Tile:nugget,Tile:hidden2
Tile:7 5 4 1
Tile:6 6 5 0
Tile:14_flip 4 5 1
Tile:5_flip 7 5 0
Tile:6 5 6 1
Tile:5 7 4 0
Tile:0 4 4 1
Tile:9_flip 8 4 0
Tile:7 6 6 1
Tile:6_flip 8 3 0
Tile:8 4 6 1
Tile:7 9 3 0
Tile:9_flip 6 7 1
Tile:10 9 4 0
Drop 2 0 1
Tile:8 9 5 0
Tile:0 7 3 1
Tile:9_flip 10 5 0
Destroy 7 5 1
Map 12 7 0
Tile:5 6 3 1
Map 12 5 0
Tile:6 3 4 1
Tile:10 10 4 0
Tile:8 9 6 1
Tile:6 10 6 0
Tile:0 8 6 1
Tile:4 3 3 0
Tile:8 7 5 1
Tile:10 10 3 0
Map 12 3 1
Tile:13 2 4 0
Tile:9_flip 2 3 1
Tile:12 11 6 0
Tile:11_flip 9 7 1
Tile:5 10 2 0
Tile:3_flip 7 6 1
Tile:2 2 2 0
Tile:8 1 4 1
Destroy 1 4 0
Tile:1 5 7 1
Tile:7 11 2 0
Drop 0 0 1
Destroy 2 2 0
Tile:7_flip 11 3 1
Tile:15 2 2 0
Tile:9 12 4 1
GAMEOVER WINNER 1
# Game ended: Sun Apr 12 01:24:32 EDT 2020
