# Server version 0.08 running on 192.168.2.12:8123
# Game ID: 235
# Board class: Saboteur.SaboteurBoard
# Timeout: 20000
# First Move Timeout: 30000
# Date: Sun Apr 12 19:38:24 EDT 2020
# Player 1: Player-0, 'RandomPlayer', running on 192.168.2.12
# Player 2: Player-1, '260675971', running on 192.168.2.12
START Player-0 RandomPlayer
START Player-1 260675971
BoardInit:Tile:8,Tile:5,Bonus,Tile:15,Tile:6,Tile:0,Tile:5,Tile:0,Tile:7,Tile:9,Map,Tile:10,Destroy,Map,Tile:10,Tile:6,Map,Tile:2,Tile:9,Bonus,Tile:8,Tile:11,Malus,Tile:12,Tile:7,Tile:5,Tile:7,Tile:0,Tile:8,Tile:3,Tile:8,Tile:10,Tile:5,Bonus,Tile:4,Map,Tile:9,Tile:0,Malus,Map,Destroy-Tile:6,Destroy,Tile:8,Tile:14,Tile:7,Tile:6,Tile:7-Tile:6,Bonus,Tile:1,Tile:9,Map,Tile:13,Tile:9-Tile:nugget,Tile:hidden1,Tile:hidden2
Tile:6 6 5 1
Tile:13 5 4 0
Tile:8 7 5 1
Map 12 7 0
Tile:7 8 5 1
Tile:9_flip 6 4 0
Tile:6 8 6 1
Tile:9 7 6 0
Tile:7 9 6 1
Tile:5_flip 9 7 0
Tile:6_flip 8 7 1
Tile:15 6 3 0
Map 12 7 1
Tile:9 6 2 0
Tile:8 7 2 1
Tile:1 4 5 0
Tile:5_flip 8 2 1
Drop 5 0 0
Map 12 5 1
Tile:6 3 5 0
Tile:9 7 3 1
Tile:6_flip 6 1 0
Tile:7 8 1 1
Tile:2_flip 8 8 0
Malus 0 0 1
Drop 0 0 0
Tile:10 7 4 1
Drop 0 0 0
Tile:7 8 3 1
Drop 6 0 0
Tile:7_flip 8 4 1
Drop 1 0 0
Tile:8 9 4 1
Drop 4 0 0
Tile:5_flip 10 4 1
Drop 4 0 0
Tile:8 10 3 1
Drop 0 0 0
Tile:9_flip 11 3 1
Map 12 5 0
Malus 0 0 1
Map 12 5 0
Tile:8 11 2 1
Drop 4 0 0
Destroy 3 5 1
Drop 3 0 0
Tile:14 12 2 1
Drop 1 0 0
Destroy 4 5 1
Bonus 0 0 0
Tile:4 5 3 1
Drop 0 0 0
Destroy 5 3 1
Drop 0 0 0
Drop 0 0 1
GAMEOVER DRAW
# Game ended: Sun Apr 12 19:39:14 EDT 2020
