# Server version 0.08 running on 192.168.2.12:8123
# Game ID: 217
# Board class: Saboteur.SaboteurBoard
# Timeout: 20000
# First Move Timeout: 30000
# Date: Sun Apr 12 01:36:38 EDT 2020
# Player 1: Player-0, 'RandomPlayer', running on 192.168.2.12
# Player 2: Player-1, '260675971', running on 192.168.2.12
START Player-0 RandomPlayer
START Player-1 260675971
BoardInit:Tile:10,Tile:0,Tile:7,Tile:7,Map,Destroy,Tile:14,Map,Tile:6,Tile:0,Bonus,Destroy,Tile:8,Bonus,Map,Tile:11,Tile:8,Map,Tile:6,Tile:2,Tile:6,Tile:6,Tile:5,Tile:7,Tile:9,Tile:6,Tile:8,Tile:9,Tile:15,Tile:3,Tile:9,Map,Bonus,Destroy,Tile:7,Tile:9,Tile:5,Tile:13,Tile:9,Tile:10,Tile:0-Tile:12,Tile:8,Tile:7,Tile:4,Malus,Malus,Tile:10-Tile:1,Tile:5,Tile:5,Map,Tile:8,Bonus,Tile:0-Tile:nugget,Tile:hidden1,Tile:hidden2
Malus 0 0 1
Drop 4 0 0
Malus 0 0 1
Drop 5 0 0
Tile:8 6 5 1
Map 12 7 0
Tile:7 7 5 1
Destroy 6 5 0
Tile:10 7 6 1
Map 12 5 0
Tile:6 7 7 1
Bonus 0 0 0
Tile:7 8 7 1
Drop 6 0 0
Tile:10 8 8 1
Drop 5 0 0
Tile:8 6 5 1
Drop 1 0 0
Tile:8 6 7 1
Map 12 7 0
Map 12 7 1
Drop 2 0 0
