# Server version 0.08 running on 192.168.2.12:8123
# Game ID: 254
# Board class: Saboteur.SaboteurBoard
# Timeout: 20000
# First Move Timeout: 30000
# Date: Sun Apr 12 19:30:44 EDT 2020
# Player 1: Player-0, 'RandomPlayer', running on 192.168.2.12
# Player 2: Player-1, '260675971', running on 192.168.2.12
START Player-0 RandomPlayer
START Player-1 260675971
BoardInit:Bonus,Tile:8,Tile:11,Tile:2,Tile:5,Map,Tile:1,Tile:0,Map,Tile:4,Tile:3,Map,Tile:7,Tile:14,Tile:6,Tile:8,Tile:9,Tile:9,Tile:8,Destroy,Tile:7,Tile:6,Map,Tile:6,Tile:7,Bonus,Bonus,Tile:0,Tile:0,Destroy,Map,Tile:6,Tile:6,Tile:10,Destroy,Tile:5,Tile:10,Malus,Tile:7,Bonus,Tile:9-Tile:0,Tile:8,Malus,Tile:13,Tile:9,Tile:10,Tile:5-Map,Tile:9,Tile:8,Tile:5,Tile:15,Tile:7,Tile:12-Tile:nugget,Tile:hidden2,Tile:hidden1
Malus 0 0 1
Map 12 3 0
Tile:0 6 5 1
Drop 1 0 0
Tile:8 7 5 1
Drop 4 0 0
Tile:9_flip 8 5 1
Map 12 5 0
Tile:5_flip 8 6 1
Drop 1 0 0
Map 12 7 1
Drop 4 0 0
Tile:10 8 4 1
Drop 4 0 0
Tile:7 8 3 1
Map 12 7 0
Tile:6 7 3 1
Drop 5 0 0
Tile:5 7 2 1
Drop 3 0 0
Tile:8 7 6 1
Destroy 8 5 0
Tile:9_flip 8 5 1
Drop 0 0 0
Map 12 5 1
Drop 2 0 0
Tile:7 7 4 1
Drop 0 0 0
Tile:7_flip 6 3 1
Drop 6 0 0
Tile:0 8 2 1
Bonus 0 0 0
Tile:13 5 4 1
Tile:7_flip 4 4 0
Tile:6 9 2 1
Tile:6_flip 9 1 0
Tile:11 4 3 1
Tile:9_flip 5 3 0
Tile:10 6 2 1
Tile:6_flip 4 5 0
Tile:7 10 2 1
Tile:10 5 6 0
Tile:9_flip 10 3 1
Destroy 10 3 0
Tile:1 3 5 1
Tile:5 6 6 0
Tile:3 4 2 1
Tile:6 2 5 0
Destroy 2 5 1
Tile:8 2 5 0
Drop 0 0 1
Malus 0 0 0
Bonus 0 0 1
Drop 0 0 0
Drop 0 0 1
GAMEOVER DRAW
# Game ended: Sun Apr 12 19:31:34 EDT 2020
