# Server version 0.08 running on 192.168.2.12:8123
# Game ID: 194
# Board class: Saboteur.SaboteurBoard
# Timeout: 20000
# First Move Timeout: 30000
# Date: Sun Apr 12 00:55:34 EDT 2020
# Player 1: Player-0, 'RandomPlayer', running on 192.168.2.12
# Player 2: Player-1, '260675971', running on 192.168.2.12
START Player-0 RandomPlayer
START Player-1 260675971
BoardInit:Bonus,Map,Tile:10,Tile:10,Tile:6,Map,Destroy,Tile:5,Tile:6,Tile:12,Tile:0,Malus,Tile:9,Destroy,Malus,Tile:9,Tile:13,Map,Destroy,Tile:2,Tile:8,Tile:9,Tile:3,Tile:7,Tile:9,Tile:9,Tile:6,Tile:0,Tile:6,Tile:8,Bonus,Tile:8,Tile:8,Tile:8,Tile:5,Map,Tile:5,Tile:7,Map,Tile:6,Tile:5-Bonus,Tile:0,Tile:1,Tile:4,Tile:10,Tile:11,Tile:15-Tile:7,Bonus,Tile:7,Tile:0,Tile:7,Map,Tile:14-Tile:hidden1,Tile:hidden2,Tile:nugget
Tile:11_flip 2 1 1
Map 9 2 0
Drop 6 0 1
Tile:7_flip 1 2 0
Tile:4 2 0 1
Drop 2 0 0
Drop 2 0 1
Drop 2 0 0
Tile:0 3 2 1
Map 9 2 0
Tile:10 2 3 1
Drop 1 0 0
Tile:6 2 4 1
Map 9 0 0
Tile:6_flip 4 2 1
Tile:14_flip 1 4 0
Tile:10 1 5 1
Destroy 1 4 0
Tile:9_flip 4 3 1
Tile:5 3 3 0
Tile:13 4 4 1
Tile:10 1 6 0
Tile:8 1 4 1
Tile:9 1 1 0
Tile:3_flip 1 7 1
Tile:12 5 4 0
Destroy 1 6 1
Tile:7_flip 0 4 0
Tile:6 5 2 1
Tile:9_flip 1 6 0
Destroy 1 4 1
Tile:9_flip 5 1 0
Tile:6 4 1 1
Tile:8 6 2 0
Tile:9_flip 1 0 1
Tile:2 5 0 0
Tile:5 4 0 1
Drop 6 0 0
Tile:5 0 6 1
Tile:8 1 4 0
Tile:8 7 2 1
Tile:6_flip 2 7 0
Tile:0 0 0 1
Tile:8 4 5 0
Drop 4 0 1
Drop 3 0 0
Tile:5 6 1 1
Tile:7 8 2 0
Tile:15 0 7 1
Map 9 2 0
Drop 0 0 1
Malus 0 0 0
Drop 0 0 1
Drop 0 0 0
Bonus 0 0 1
GAMEOVER DRAW
# Game ended: Sun Apr 12 00:55:34 EDT 2020
