# Server version 0.08 running on 192.168.2.12:8123
# Game ID: 248
# Board class: Saboteur.SaboteurBoard
# Timeout: 20000
# First Move Timeout: 30000
# Date: Sun Apr 12 19:27:23 EDT 2020
# Player 1: Player-0, 'RandomPlayer', running on 192.168.2.12
# Player 2: Player-1, 'RandomPlayer', running on 192.168.2.12
START Player-0 RandomPlayer
START Player-1 RandomPlayer
BoardInit:Tile:10,Tile:0,Bonus,Tile:8,Tile:0,Tile:9,Tile:2,Destroy,Tile:12,Tile:9,Tile:9,Tile:8,Tile:15,Tile:8,Tile:11,Tile:1,Tile:7,Destroy,Tile:14,Tile:6,Tile:7,Destroy,Bonus,Tile:6,Tile:7,Tile:6,Tile:10,Malus,Map,Malus,Bonus,Map,Tile:5,Tile:9,Tile:0,Tile:13,Tile:0,Tile:7,Tile:6,Map,Tile:7-Tile:8,Map,Tile:9,Tile:6,Tile:8,Tile:5,Bonus-Tile:5,Map,Tile:4,Tile:3,Tile:5,Tile:10,Map-Tile:hidden2,Tile:hidden1,Tile:nugget
Tile:8 4 5 1
Tile:10 5 6 0
Drop 5 0 1
Tile:5 3 5 0
Tile:8 3 6 1
Drop 2 0 0
Drop 6 0 1
Tile:9_flip 4 6 0
Tile:9 5 4 1
Destroy 3 5 0
Drop 3 0 1
Drop 1 0 0
Tile:5_flip 6 5 1
Tile:5 3 5 0
Drop 5 0 1
Tile:9 4 7 0
Tile:11_flip 5 3 1
Tile:8 4 8 0
Tile:7 6 4 1
Drop 5 0 0
Tile:2_flip 3 8 1
Map 12 3 0
Tile:14 5 8 1
Tile:8 2 8 0
Tile:6 4 3 1
Destroy 5 8 0
Map 12 3 1
Tile:6_flip 2 6 0
Tile:7_flip 3 3 1
Tile:6 5 8 0
Drop 3 0 1
Map 12 3 0
Map 12 7 1
Map 12 7 0
Tile:10 2 7 1
Destroy 4 7 0
Tile:7_flip 4 9 1
Tile:9_flip 4 2 0
Tile:0 5 9 1
Tile:13 2 9 0
Drop 2 0 1
Malus 0 0 0
Bonus 0 0 1
Map 12 5 0
Tile:0 6 8 1
Tile:6_flip 3 2 0
Tile:12 7 8 1
Tile:7_flip 1 8 0
Tile:6 1 6 1
Drop 2 0 0
Drop 1 0 1
Tile:0 0 6 0
Tile:7_flip 2 2 1
Tile:8 5 7 0
Drop 0 0 1
GAMEOVER DRAW
# Game ended: Sun Apr 12 19:27:23 EDT 2020
