# Server version 0.08 running on 192.168.2.12:8123
# Game ID: 211
# Board class: Saboteur.SaboteurBoard
# Timeout: 20000
# First Move Timeout: 30000
# Date: Sun Apr 12 01:23:22 EDT 2020
# Player 1: Player-0, '260675971', running on 192.168.2.12
# Player 2: Player-1, 'RandomPlayer', running on 192.168.2.12
START Player-0 260675971
START Player-1 RandomPlayer
BoardInit:Tile:9,Map,Tile:8,Map,Tile:9,Map,Tile:5,Tile:6,Bonus,Tile:8,Tile:2,Bonus,Tile:10,Tile:5,Bonus,Tile:6,Tile:12,Tile:6,Tile:3,Tile:7,Bonus,Tile:6,Tile:9,Destroy,Tile:0,Tile:9,Tile:0,Tile:10,Destroy,Tile:0,Tile:8,Tile:15,Tile:4,Tile:11,Tile:5,Tile:0,Destroy,Tile:10,Tile:1,Tile:9,Tile:8-Tile:14,Tile:7,Tile:8,Tile:13,Tile:5,Tile:7,Tile:7-Malus,Tile:7,Map,Map,Map,Tile:6,Malus-Tile:hidden1,Tile:hidden2,Tile:nugget
Tile:8 6 5 1
Malus 0 0 0
Drop 1 0 1
Malus 0 0 0
Drop 4 0 1
Tile:7 7 5 0
Drop 5 0 1
Tile:6 7 6 0
Drop 1 0 1
Tile:6 8 6 0
Bonus 0 0 1
Tile:8 9 6 0
Drop 0 0 1
Drop 0 0 0
Drop 0 0 1
Tile:5_flip 9 7 0
Drop 1 0 1
Tile:6 10 6 0
Drop 3 0 1
Map 12 7 0
Drop 2 0 1
Tile:6 11 6 0
Drop 5 0 1
Tile:7 12 6 0
GAMEOVER WINNER 0
# Game ended: Sun Apr 12 01:23:44 EDT 2020
