# Server version 0.08 running on 192.168.2.12:8123
# Game ID: 206
# Board class: Saboteur.SaboteurBoard
# Timeout: 20000
# First Move Timeout: 30000
# Date: Sun Apr 12 01:17:00 EDT 2020
# Player 1: Player-0, 'RandomPlayer', running on 192.168.2.12
# Player 2: Player-1, '260675971', running on 192.168.2.12
START Player-0 RandomPlayer
START Player-1 260675971
BoardInit:Tile:5,Bonus,Tile:7,Map,Tile:10,Map,Tile:13,Tile:6,Bonus,Malus,Tile:2,Tile:10,Tile:5,Tile:7,Tile:0,Tile:6,Tile:6,Tile:8,Tile:9,Tile:8,Tile:8,Tile:4,Tile:7,Map,Destroy,Tile:6,Tile:12,Tile:9,Map,Tile:9,Tile:9,Map,Tile:7,Tile:8,Tile:8,Tile:10,Bonus,Tile:14,Tile:5,Map,Tile:3-Tile:15,Tile:9,Destroy,Tile:11,Tile:1,Tile:6,Tile:7-Malus,Destroy,Bonus,Tile:0,Tile:0,Tile:0,Tile:5-Tile:hidden2,Tile:nugget,Tile:hidden1
Tile:9_flip 6 5 1
Tile:5 5 4 0
Tile:6 6 6 1
Destroy 5 4 0
Tile:7 7 6 1
Drop 4 0 0
Tile:5_flip 7 7 1
Tile:0 4 5 0
Tile:7 6 4 1
Map 12 7 0
Destroy 4 5 1
Malus 0 0 0
Bonus 0 0 1
Drop 6 0 0
Tile:5 6 7 1
Drop 5 0 0
Tile:10 6 8 1
Tile:6 6 9 0
Tile:0 7 9 1
Drop 3 0 0
Tile:6 4 5 1
Tile:7 4 4 0
Tile:9 5 4 1
Tile:6_flip 3 4 0
Tile:8 8 9 1
Drop 0 0 0
Tile:7 5 3 1
Tile:8 3 5 0
Tile:15 3 6 1
Tile:6_flip 2 5 0
Map 12 7 1
Tile:0 2 4 0
Tile:9 5 6 1
Tile:9_flip 2 6 0
Tile:11 2 7 1
Drop 5 0 0
Tile:1 5 9 1
Tile:9_flip 2 8 0
Tile:8 8 8 1
Drop 6 0 0
Tile:5_flip 9 8 1
Tile:8 8 10 0
Tile:7 9 7 1
Tile:8 1 4 0
Tile:13 1 3 1
Drop 3 0 0
Tile:2 1 2 1
Map 12 7 0
Destroy 1 2 1
Tile:4 1 2 0
Tile:12 2 3 1
Map 12 7 0
Tile:3 9 9 1
Drop 0 0 0
Drop 0 0 1
GAMEOVER DRAW
# Game ended: Sun Apr 12 01:17:50 EDT 2020
