# Server version 0.08 running on 192.168.2.12:8123
# Game ID: 157
# Board class: Saboteur.SaboteurBoard
# Timeout: 20000
# First Move Timeout: 30000
# Date: Sat Apr 11 22:51:23 EDT 2020
# Player 1: Player-0, '260675971', running on 192.168.2.12
# Player 2: Player-1, 'RandomPlayer', running on 192.168.2.12
START Player-0 260675971
START Player-1 RandomPlayer
BoardInit:Tile:5,Map,Tile:9,Tile:7,Bonus,Tile:4,Tile:1,Tile:7,Tile:11,Malus,Tile:12,Map,Tile:7,Destroy,Destroy,Tile:0,Tile:3,Tile:9,Map,Tile:6,Map,Tile:6,Bonus,Tile:8,Tile:6,Tile:0,Tile:0,Tile:14,Bonus,Tile:7,Destroy,Tile:8,Tile:0,Tile:5,Tile:8,Tile:6,Tile:8,Tile:6,Tile:10,Tile:2,Tile:10-Tile:9,Tile:9,Bonus,Tile:5,Map,Tile:5,Tile:13-Tile:8,Malus,Tile:9,Tile:10,Tile:7,Tile:15,Map-Tile:nugget,Tile:hidden1,Tile:hidden2
Tile:5_flip 6 5 1
Malus 0 0 0
Drop 5 0 1
Tile:8 5 4 0
Map 12 5 1
Tile:9 5 3 0
Drop 5 0 1
Tile:4 5 2 0
Drop 0 0 1
Tile:7_flip 4 4 0
Drop 4 0 1
Malus 0 0 0
Bonus 0 0 1
Tile:7_flip 5 6 0
Drop 0 0 1
Tile:10 4 3 0
Drop 5 0 1
Tile:0 4 5 0
Destroy 4 4 1
Tile:9_flip 4 2 0
Map 12 7 1
Tile:6 3 2 0
Map 12 7 1
Tile:6_flip 4 1 0
Drop 5 0 1
Tile:8 3 1 0
Drop 0 0 1
Tile:0 2 2 0
Drop 6 0 1
Tile:7_flip 2 1 0
Drop 4 0 1
Tile:7_flip 4 4 0
Destroy 6 5 1
Tile:8 3 0 0
Drop 0 0 1
Tile:5_flip 4 0 0
Drop 4 0 1
Tile:6 5 1 0
Drop 6 0 1
Tile:6_flip 2 0 0
Drop 2 0 1
Tile:15 5 0 0
Drop 0 0 1
Destroy 2 0 0
Drop 4 0 1
Tile:14 6 1 0
Drop 2 0 1
Tile:2 2 0 0
Drop 0 0 1
Drop 0 0 0
Drop 0 0 1
Drop 0 0 0
Drop 1 0 1
Drop 0 0 0
Drop 0 0 1
GAMEOVER DRAW
# Game ended: Sat Apr 11 22:52:12 EDT 2020
