# Server version 0.08 running on 192.168.2.12:8123
# Game ID: 168
# Board class: Saboteur.SaboteurBoard
# Timeout: 20000
# First Move Timeout: 30000
# Date: Sat Apr 11 23:33:37 EDT 2020
# Player 1: Player-0, '260675971', running on 192.168.2.12
# Player 2: Player-1, 'RandomPlayer', running on 192.168.2.12
START Player-0 260675971
START Player-1 RandomPlayer
BoardInit:Tile:10,Bonus,Tile:3,Tile:9,Tile:6,Tile:8,Map,Tile:5,Tile:13,Tile:7,Tile:6,Tile:15,Map,Tile:2,Bonus,Tile:10,Tile:0,Bonus,Tile:5,Map,Tile:9,Destroy,Tile:6,Tile:7,Map,Map,Tile:8,Tile:5,Tile:0,Tile:7,Tile:8,Malus,Tile:14,Tile:9,Tile:4,Tile:6,Tile:7,Tile:11,Tile:5,Tile:1,Destroy-Tile:12,Tile:7,Tile:9,Map,Tile:9,Tile:10,Tile:8-Malus,Bonus,Tile:8,Tile:0,Destroy,Tile:0,Tile:6-Tile:hidden1,Tile:hidden2,Tile:nugget
Tile:10 5 6 1
Malus 0 0 0
Map 12 3 1
Tile:8 6 5 0
Drop 4 0 1
Tile:0 7 5 0
Drop 5 0 1
Tile:0 8 5 0
Map 12 5 1
Tile:6 9 5 0
Drop 4 0 1
Tile:9_flip 10 5 0
Drop 0 0 1
Tile:8 10 4 0
Map 12 7 1
Tile:5_flip 11 4 0
Drop 1 0 1
Tile:7 11 3 0
Drop 3 0 1
Tile:10 10 6 0
Drop 2 0 1
Map 12 7 0
Drop 3 0 1
Destroy 5 6 0
Drop 2 0 1
Tile:7_flip 10 7 0
Drop 3 0 1
Tile:15 5 4 0
Drop 4 0 1
Tile:5_flip 11 7 0
Map 12 3 1
Tile:7_flip 6 6 0
Drop 6 0 1
Malus 0 0 0
Drop 3 0 1
Tile:9 11 6 0
Drop 3 0 1
Tile:6_flip 12 6 0
GAMEOVER WINNER 0
# Game ended: Sat Apr 11 23:34:11 EDT 2020
