# Server version 0.08 running on 192.168.2.12:8123
# Game ID: 219
# Board class: Saboteur.SaboteurBoard
# Timeout: 20000
# First Move Timeout: 30000
# Date: Sun Apr 12 01:37:30 EDT 2020
# Player 1: Player-0, 'RandomPlayer', running on 192.168.2.12
# Player 2: Player-1, '260675971', running on 192.168.2.12
START Player-0 RandomPlayer
START Player-1 260675971
BoardInit:Destroy,Tile:7,Malus,Tile:15,Bonus,Tile:5,Tile:6,Tile:11,Tile:1,Tile:7,Tile:9,Map,Tile:8,Tile:7,Tile:7,Tile:9,Tile:14,Destroy,Tile:4,Map,Tile:9,Tile:6,Bonus,Tile:5,Destroy,Tile:6,Tile:8,Tile:0,Map,Tile:3,Map,Tile:5,Tile:10,Tile:10,Tile:6,Tile:13,Tile:12,Tile:2,Map,Tile:9,Tile:9-Bonus,Tile:10,Tile:7,Tile:8,Tile:5,Tile:8,Tile:0-Tile:0,Tile:0,Tile:6,Map,Bonus,Tile:8,Malus-Tile:hidden1,Tile:nugget,Tile:hidden2
Tile:7 6 5 1
Map 12 5 0
Tile:8 6 6 1
Tile:6_flip 4 5 0
Malus 0 0 1
Drop 0 0 0
Tile:8 7 6 1
Drop 5 0 0
Tile:5_flip 7 7 1
Drop 0 0 0
Tile:0 8 6 1
Drop 4 0 0
Tile:9_flip 9 6 1
Drop 0 0 0
Tile:6 9 7 1
Map 12 5 0
Tile:8 10 7 1
Drop 1 0 0
Tile:7 11 7 1
Destroy 6 6 0
Tile:10 10 6 1
Map 12 7 0
Tile:9_flip 10 5 1
Drop 0 0 0
Destroy 6 5 1
Drop 2 0 0
Tile:1 3 5 1
Drop 0 0 0
Tile:8 11 8 1
Drop 5 0 0
Map 12 7 1
Drop 0 0 0
Map 12 5 1
Drop 6 0 0
Tile:10 10 4 1
Drop 3 0 0
Tile:6 12 8 1
Drop 3 0 0
Tile:14 4 6 1
Drop 6 0 0
Tile:4 5 4 1
Drop 2 0 0
Tile:9 9 5 1
Drop 1 0 0
Destroy 3 5 1
Drop 3 0 0
Tile:12 6 5 1
Drop 0 0 0
Drop 0 0 1
Drop 2 0 0
Drop 0 0 1
Drop 0 0 0
Drop 0 0 1
Drop 0 0 0
Drop 0 0 1
GAMEOVER DRAW
# Game ended: Sun Apr 12 01:38:20 EDT 2020
