# Server version 0.08 running on 192.168.2.12:8123
# Game ID: 54
# Board class: Saboteur.SaboteurBoard
# Timeout: 20000
# First Move Timeout: 30000
# Date: Wed Apr 08 20:23:55 EDT 2020
# Player 1: Player-0, 'Human', running on 192.168.2.12
# Player 2: Player-1, '260675971', running on 192.168.2.12
START Player-0 Human
START Player-1 260675971
BoardInit:Map,Bonus,Tile:7,Tile:7,Tile:8,Map,Tile:3,Tile:8,Tile:6,Tile:0,Malus,Tile:8,Malus,Destroy,Tile:6,Bonus,Tile:13,Tile:9,Map,Tile:9,Bonus,Tile:8,Tile:10,Tile:5,Tile:1,Tile:0,Tile:5,Map,Tile:7,Destroy,Tile:9,Map,Tile:9,Tile:10,Tile:5,Tile:2,Tile:6,Map,Tile:7,Tile:5,Tile:10-Tile:11,Tile:14,Bonus,Tile:0,Destroy,Tile:7,Tile:6-Tile:15,Tile:0,Tile:12,Tile:8,Tile:9,Tile:6,Tile:4-Tile:hidden2,Tile:nugget,Tile:hidden1
Tile:6 5 6 1
Tile:6 6 5 0
Drop 0 0 1
Tile:8 6 4 0
Tile:7_flip 4 5 1
Tile:0 7 5 0
Tile:0 4 6 1
Tile:7 8 5 0
Destroy 4 5 1
Tile:8 8 6 0
Map 12 5 1
Tile:0 9 6 0
Tile:14_flip 3 6 1
Tile:8 10 6 0
Tile:6 10 7 1
Map 12 7 0
GAMEOVER ILLEGAL MOVE: Player 1, CardUsed: (Tile:7), PosOfUse: (12, 4) WINNER 0
# Game ended: Wed Apr 08 20:25:02 EDT 2020
