# Server version 0.08 running on 192.168.2.12:8123
# Game ID: 123
# Board class: Saboteur.SaboteurBoard
# Timeout: 20000
# First Move Timeout: 30000
# Date: Thu Apr 09 17:48:43 EDT 2020
# Player 1: Player-0, 'Human', running on 192.168.2.12
# Player 2: Player-1, '260675971', running on 192.168.2.12
START Player-0 Human
START Player-1 260675971
BoardInit:Tile:8,Tile:9,Tile:14,Map,Tile:8,Tile:6,Bonus,Tile:9,Map,Tile:9,Tile:6,Tile:8,Malus,Tile:6,Tile:8,Tile:7,Map,Tile:13,Tile:6,Tile:7,Bonus,Tile:5,Tile:8,Bonus,Tile:7,Tile:12,Tile:9,Tile:0,Bonus,Tile:15,Tile:0,Tile:1,Destroy,Map,Tile:5,Map,Tile:5,Tile:10,Tile:7,Tile:5,Tile:6-Malus,Tile:11,Tile:10,Tile:7,Tile:2,Tile:10,Tile:0-Tile:3,Map,Destroy,Tile:9,Tile:0,Destroy,Tile:4-Tile:hidden1,Tile:hidden2,Tile:nugget
Malus 0 0 1
Drop 6 0 0
Tile:0 6 5 1
Map 12 3 0
Tile:8 7 5 1
Map 12 5 0
Tile:8 8 5 1
Drop 0 0 0
Tile:7_flip 8 6 1
Destroy 8 6 0
Map 12 7 1
Drop 6 0 0
GAMEOVER ILLEGAL MOVE: Player 1, CardUsed: (Tile:6), PosOfUse: (12, 8) WINNER 0
# Game ended: Thu Apr 09 17:49:35 EDT 2020
