# Server version 0.08 running on 192.168.2.12:8123
# Game ID: 141
# Board class: Saboteur.SaboteurBoard
# Timeout: 20000
# First Move Timeout: 30000
# Date: Thu Apr 09 20:44:11 EDT 2020
# Player 1: Player-0, 'RandomPlayer', running on 192.168.2.12
# Player 2: Player-1, '260675971', running on 192.168.2.12
START Player-0 RandomPlayer
START Player-1 260675971
BoardInit:Bonus,Tile:10,Tile:10,Tile:0,Map,Tile:7,Tile:6,Malus,Map,Tile:15,Bonus,Bonus,Tile:8,Tile:9,Tile:8,Tile:9,Tile:5,Tile:0,Tile:4,Tile:5,Malus,Tile:0,Map,Tile:8,Map,Map,Tile:9,Tile:6,Tile:11,Tile:9,Tile:7,Tile:0,Destroy,Tile:10,Tile:7,Tile:1,Tile:5,Tile:13,Tile:8,Tile:7,Tile:6-Destroy,Destroy,Tile:2,Tile:8,Tile:5,Tile:6,Tile:6-Tile:3,Bonus,Tile:9,Tile:12,Map,Tile:7,Tile:14-Tile:hidden1,Tile:hidden2,Tile:nugget
Tile:8 5 4 1
Map 12 7 0
Tile:5_flip 5 6 1
Tile:7 5 3 0
Tile:6 6 4 1
Tile:0 6 5 0
Map 12 7 1
Tile:14_flip 4 5 0
Tile:6 7 5 1
Tile:12_flip 4 4 0
Map 12 5 1
Drop 1 0 0
Tile:6 8 5 1
Tile:9 6 3 0
Tile:8 9 5 1
Tile:7 10 5 0
Tile:8 10 6 1
Tile:3 6 2 0
Tile:5_flip 10 7 1
Tile:0 4 3 0
Tile:4 9 4 1
Tile:9 9 7 0
Malus 0 0 1
Drop 5 0 0
Map 12 3 1
Drop 0 0 0
Destroy 4 3 1
Map 12 7 0
Tile:9_flip 11 6 1
Drop 2 0 0
Destroy 4 4 1
Drop 1 0 0
Tile:7_flip 11 7 1
GAMEOVER WINNER 1
# Game ended: Thu Apr 09 20:44:41 EDT 2020
