# Server version 0.08 running on 192.168.2.12:8123
# Game ID: 268
# Board class: Saboteur.SaboteurBoard
# Timeout: 20000
# First Move Timeout: 30000
# Date: Sun Apr 12 20:10:26 EDT 2020
# Player 1: Player-0, 'RandomPlayer', running on 192.168.2.12
# Player 2: Player-1, '260675971', running on 192.168.2.12
START Player-0 RandomPlayer
START Player-1 260675971
BoardInit:Tile:6,Map,Tile:6,Tile:0,Tile:5,Tile:4,Tile:7,Tile:5,Tile:13,Malus,Tile:10,Tile:3,Tile:9,Tile:8,Tile:8,Destroy,Tile:11,Map,Tile:5,Bonus,Map,Tile:8,Tile:5,Tile:2,Map,Tile:6,Tile:8,Tile:14,Tile:9,Tile:15,Tile:12,Malus,Tile:10,Tile:7,Tile:1,Bonus,Tile:7,Tile:0,Map,Destroy,Tile:0-Tile:8,Tile:9,Bonus,Tile:10,Tile:7,Tile:6,Destroy-Tile:0,Tile:9,Bonus,Tile:9,Tile:6,Map,Tile:7-Tile:hidden2,Tile:nugget,Tile:hidden1
Tile:7 6 5 1
Map 12 7 0
Tile:9 6 6 1
Tile:6 4 5 0
Tile:8 6 7 1
Tile:9_flip 5 6 0
Tile:6_flip 7 7 1
Drop 6 0 0
Tile:6 8 7 1
Tile:5 8 6 0
Tile:6 9 7 1
Tile:9_flip 7 8 0
Tile:7 10 7 1
Tile:7_flip 7 9 0
Tile:10 10 8 1
Tile:3 5 4 0
Tile:10 10 9 1
Tile:8 5 7 0
Tile:8 9 6 1
Destroy 9 7 0
Tile:5_flip 10 6 1
Map 12 5 0
Map 12 7 1
Tile:0 4 6 0
Tile:5 10 5 1
Tile:2_flip 10 10 0
Map 12 5 1
Tile:6_flip 11 5 0
GAMEOVER WINNER 0
# Game ended: Sun Apr 12 20:10:51 EDT 2020
