# Server version 0.08 running on 192.168.2.12:8123
# Game ID: 187
# Board class: Saboteur.SaboteurBoard
# Timeout: 20000
# First Move Timeout: 30000
# Date: Sun Apr 12 00:44:16 EDT 2020
# Player 1: Player-0, 'RandomPlayer', running on 192.168.2.12
# Player 2: Player-1, '260675971', running on 192.168.2.12
START Player-0 RandomPlayer
START Player-1 260675971
BoardInit:Tile:9,Tile:5,Tile:8,Tile:10,Bonus,Tile:9,Tile:6,Tile:9,Bonus,Tile:5,Map,Tile:4,Tile:0,Tile:13,Destroy,Tile:6,Tile:5,Destroy,Tile:2,Malus,Tile:0,Tile:6,Tile:7,Tile:7,Tile:9,Tile:9,Map,Map,Tile:1,Bonus,Tile:10,Tile:7,Tile:8,Tile:8,Tile:7,Tile:3,Tile:8,Tile:10,Map,Bonus,Tile:0-Tile:6,Tile:11,Tile:7,Tile:6,Tile:15,Tile:14,Destroy-Tile:0,Map,Tile:8,Tile:12,Malus,Map,Tile:5-Tile:hidden2,Tile:hidden1,Tile:nugget
Drop 5 0 1
Map 12 3 0
Tile:9_flip 6 5 1
Drop 1 0 0
Tile:8 5 6 1
Tile:5_flip 6 6 0
Tile:7_flip 4 6 1
Tile:9 6 4 0
Drop 3 0 1
Tile:10 5 4 0
Tile:6_flip 7 4 1
Tile:5 5 3 0
Map 12 7 1
Tile:5 4 5 0
Tile:6 5 7 1
Tile:12 6 7 0
Tile:6 8 4 1
Tile:9_flip 8 3 0
Tile:0 9 4 1
Tile:0 4 7 0
Tile:5_flip 10 4 1
Drop 4 0 0
Tile:0 3 7 1
Tile:6_flip 2 7 0
Tile:7 10 3 1
Tile:7_flip 9 3 0
Tile:9 7 5 1
Tile:9_flip 8 2 0
Tile:11 2 8 1
Destroy 10 3 0
Destroy 2 7 1
Malus 0 0 0
Bonus 0 0 1
Tile:7_flip 7 3 0
Tile:10 7 6 1
Tile:8 7 2 0
Tile:7_flip 7 7 1
Malus 0 0 0
Bonus 0 0 1
Tile:3_flip 6 2 0
Tile:8 8 7 1
Map 12 5 0
Tile:8 9 7 1
Tile:13 2 7 0
Tile:0 10 7 1
Tile:10 8 8 0
Destroy 2 7 1
Map 12 3 0
Tile:2 2 7 1
Tile:4_flip 2 9 0
Tile:1 1 7 1
Drop 0 0 0
Drop 0 0 1
Drop 0 0 0
Drop 0 0 1
GAMEOVER DRAW
# Game ended: Sun Apr 12 00:45:07 EDT 2020
