# Server version 0.08 running on 192.168.2.12:8123
# Game ID: 251
# Board class: Saboteur.SaboteurBoard
# Timeout: 20000
# First Move Timeout: 30000
# Date: Sun Apr 12 19:27:50 EDT 2020
# Player 1: Player-0, 'RandomPlayer', running on 192.168.2.12
# Player 2: Player-1, '260675971', running on 192.168.2.12
START Player-0 RandomPlayer
START Player-1 260675971
BoardInit:Tile:10,Tile:13,Bonus,Tile:5,Tile:0,Map,Tile:7,Destroy,Tile:9,Map,Bonus,Malus,Tile:0,Tile:7,Tile:11,Tile:8,Tile:3,Tile:0,Tile:10,Tile:6,Destroy,Tile:5,Tile:7,Tile:8,Tile:6,Map,Tile:8,Tile:9,Tile:7,Malus,Tile:14,Tile:6,Tile:6,Destroy,Tile:8,Tile:15,Tile:4,Tile:0,Tile:1,Tile:9,Tile:9-Tile:9,Tile:10,Tile:2,Bonus,Tile:5,Tile:12,Map-Map,Tile:8,Tile:7,Tile:6,Tile:5,Map,Bonus-Tile:hidden1,Tile:nugget,Tile:hidden2
Map 12 7 1
Tile:5_flip 6 5 0
Tile:9_flip 6 4 1
Tile:7_flip 4 5 0
Tile:10 6 3 1
Map 12 7 0
Tile:5 6 2 1
Drop 2 0 0
Tile:0 7 2 1
Drop 2 0 0
Tile:7 8 2 1
Destroy 6 2 0
Tile:9_flip 8 3 1
Map 12 5 0
Tile:10 8 4 1
Tile:5 5 4 0
Tile:2 6 2 1
Tile:13 5 6 0
Tile:0 6 6 1
Tile:7 4 4 0
Tile:10 8 5 1
Tile:6 7 6 0
Tile:12_flip 3 4 1
Tile:8 8 6 0
Tile:7 9 6 1
Tile:8 8 7 0
Tile:6 9 7 1
Tile:6_flip 5 2 0
Tile:8 10 7 1
Tile:9_flip 11 7 0
Tile:7 11 6 1
Tile:8 10 8 0
Tile:11 4 2 1
Map 12 3 0
Tile:6 11 8 1
Tile:6_flip 9 8 0
Tile:8 12 8 1
Tile:15 9 9 0
Tile:3 4 1 1
Tile:5_flip 5 3 0
Destroy 3 4 1
Tile:9 10 6 0
Tile:9_flip 10 5 1
Tile:0 4 6 0
Tile:14 5 7 1
Tile:0 4 7 0
Tile:4 7 5 1
Drop 0 0 0
Tile:1 3 1 1
Destroy 4 5 0
Drop 0 0 1
Map 12 3 0
Drop 0 0 1
Drop 0 0 0
Drop 0 0 1
GAMEOVER DRAW
# Game ended: Sun Apr 12 19:27:54 EDT 2020
