# Server version 0.08 running on 192.168.2.12:8123
# Game ID: 154
# Board class: Saboteur.SaboteurBoard
# Timeout: 20000
# First Move Timeout: 30000
# Date: Sat Apr 11 22:47:23 EDT 2020
# Player 1: Player-0, '260675971', running on 192.168.2.12
# Player 2: Player-1, 'RandomPlayer', running on 192.168.2.12
START Player-0 260675971
START Player-1 RandomPlayer
BoardInit:Tile:8,Tile:3,Map,Tile:4,Tile:9,Bonus,Tile:7,Tile:7,Tile:6,Map,Bonus,Bonus,Bonus,Tile:0,Tile:8,Tile:10,Tile:2,Tile:7,Tile:14,Tile:9,Tile:6,Tile:6,Map,Tile:0,Tile:8,Tile:15,Tile:5,Destroy,Tile:13,Tile:1,Tile:11,Tile:0,Tile:8,Tile:10,Tile:9,Tile:5,Tile:5,Destroy,Tile:7,Tile:5,Tile:0-Destroy,Map,Tile:10,Tile:8,Tile:9,Tile:12,Malus-Tile:6,Tile:6,Tile:9,Tile:7,Malus,Map,Map-Tile:hidden2,Tile:hidden1,Tile:nugget
Drop 2 0 1
Malus 0 0 0
Drop 5 0 1
Tile:6 4 5 0
Drop 4 0 1
Tile:6_flip 4 4 0
Destroy 4 5 1
Tile:9 3 4 0
Drop 1 0 1
Tile:4 3 3 0
Drop 3 0 1
Tile:7_flip 4 5 0
Drop 6 0 1
Tile:7_flip 5 6 0
Map 12 7 1
Tile:0 6 5 0
Drop 1 0 1
Tile:3 5 4 0
Drop 3 0 1
Tile:10 3 5 0
Drop 2 0 1
Tile:7_flip 3 6 0
Drop 3 0 1
Tile:9_flip 7 5 0
Drop 5 0 1
Tile:6_flip 7 4 0
Map 12 5 1
Tile:0 6 6 0
Drop 6 0 1
Destroy 3 3 0
Drop 1 0 1
Tile:15 3 3 0
Drop 4 0 1
Tile:0 8 4 0
Drop 0 0 1
Tile:1 9 4 0
Drop 4 0 1
Tile:5_flip 7 6 0
Drop 0 0 1
Tile:10 3 2 0
Drop 2 0 1
Tile:5_flip 10 4 0
Drop 0 0 1
Destroy 3 2 0
Drop 4 0 1
Drop 0 0 0
Drop 2 0 1
Drop 0 0 0
Drop 0 0 1
Drop 0 0 0
Drop 0 0 1
Drop 0 0 0
Drop 1 0 1
Drop 0 0 0
Drop 0 0 1
GAMEOVER DRAW
# Game ended: Sat Apr 11 22:48:12 EDT 2020
