# Server version 0.08 running on 192.168.2.12:8123
# Game ID: 267
# Board class: Saboteur.SaboteurBoard
# Timeout: 20000
# First Move Timeout: 30000
# Date: Sun Apr 12 20:05:35 EDT 2020
# Player 1: Player-0, 'RandomPlayer', running on 192.168.2.12
# Player 2: Player-1, '260675971', running on 192.168.2.12
START Player-0 RandomPlayer
START Player-1 260675971
BoardInit:Tile:4,Tile:6,Tile:7,Tile:7,Tile:5,Tile:9,Tile:3,Tile:6,Tile:0,Malus,Tile:7,Tile:9,Tile:7,Tile:10,Tile:5,Tile:6,Bonus,Tile:6,Bonus,Tile:0,Malus,Tile:6,Tile:5,Map,Tile:0,Tile:8,Destroy,Tile:15,Tile:10,Tile:9,Map,Tile:2,Tile:10,Map,Bonus,Tile:5,Tile:9,Tile:0,Tile:14,Tile:8,Tile:8-Tile:9,Destroy,Tile:13,Map,Tile:12,Tile:1,Bonus-Tile:8,Tile:7,Map,Tile:11,Map,Destroy,Tile:8-Tile:hidden2,Tile:hidden1,Tile:nugget
Map 12 7 1
Tile:8 5 4 0
Tile:9 5 6 1
Tile:8 6 6 0
Tile:7 7 6 1
Tile:6 5 7 0
Tile:5_flip 7 7 1
Tile:7_flip 4 5 0
Destroy 4 5 1
Tile:6_flip 6 4 0
Tile:0 4 7 1
Tile:7 7 4 0
Tile:7_flip 7 5 1
Tile:11 4 4 0
Tile:7 8 5 1
Map 12 3 0
Tile:5 3 7 1
Tile:9 4 3 0
Tile:13 3 8 1
Tile:10 4 2 0
Tile:12 4 8 1
Tile:6_flip 2 8 0
Malus 0 0 1
Destroy 3 8 0
Tile:5_flip 2 9 1
Drop 2 0 0
Tile:0 1 8 1
Map 12 3 0
Tile:1 1 9 1
Drop 6 0 0
Tile:10 8 6 1
Drop 3 0 0
Tile:4 4 1 1
Map 12 7 0
Tile:10 8 7 1
Drop 4 0 0
Tile:3 5 3 1
Map 12 7 0
Tile:9 8 8 1
Drop 0 0 0
Destroy 1 8 1
Drop 2 0 0
Tile:8 9 8 1
Drop 1 0 0
Tile:14 8 9 1
Drop 3 0 0
Drop 0 0 1
Drop 0 0 0
Drop 0 0 1
Drop 2 0 0
Drop 0 0 1
Drop 0 0 0
Drop 0 0 1
Drop 0 0 0
Drop 0 0 1
GAMEOVER DRAW
# Game ended: Sun Apr 12 20:06:25 EDT 2020
