# Server version 0.08 running on 192.168.2.12:8123
# Game ID: 162
# Board class: Saboteur.SaboteurBoard
# Timeout: 20000
# First Move Timeout: 30000
# Date: Sat Apr 11 23:07:25 EDT 2020
# Player 1: Player-0, 'RandomPlayer', running on 192.168.2.12
# Player 2: Player-1, '260675971', running on 192.168.2.12
START Player-0 RandomPlayer
START Player-1 260675971
BoardInit:Malus,Bonus,Tile:7,Tile:13,Bonus,Tile:10,Tile:2,Tile:6,Bonus,Tile:3,Map,Map,Tile:9,Tile:6,Destroy,Destroy,Tile:7,Tile:7,Tile:8,Bonus,Map,Tile:6,Tile:8,Tile:10,Map,Tile:9,Tile:0,Tile:6,Map,Tile:14,Tile:15,Tile:9,Tile:9,Tile:5,Tile:5,Tile:1,Tile:4,Tile:0,Tile:7,Tile:11,Map-Tile:8,Tile:9,Destroy,Tile:8,Tile:7,Tile:0,Tile:10-Tile:8,Tile:6,Malus,Tile:0,Tile:5,Tile:12,Tile:5-Tile:hidden1,Tile:hidden2,Tile:nugget
Tile:8 6 5 1
Tile:5 4 5 0
Malus 0 0 1
Malus 0 0 0
Destroy 4 5 1
Drop 4 0 0
Bonus 0 0 1
Drop 3 0 0
Tile:9_flip 7 5 1
Drop 5 0 0
Tile:8 7 4 1
Bonus 0 0 0
Tile:7 7 3 1
Tile:3_flip 6 6 0
Tile:0 8 4 1
Tile:6_flip 4 5 0
Tile:9_flip 9 4 1
Tile:13 7 6 0
Tile:7 9 3 1
Tile:7_flip 9 5 0
Tile:7 10 5 1
Destroy 7 3 0
Tile:8 10 6 1
Tile:6_flip 5 4 0
Tile:8 11 6 1
Tile:8 6 4 0
Tile:10 11 5 1
Tile:6 10 7 0
Tile:0 12 6 1
Tile:6 8 3 0
Tile:2 3 5 1
Tile:9 11 4 0
Destroy 3 5 1
Tile:6 3 5 0
Tile:9_flip 11 7 1
Tile:10 5 6 0
Tile:5_flip 12 4 1
Tile:1 4 4 0
Tile:15 4 6 1
Tile:9 7 3 0
Tile:7 13 6 1
Tile:0 2 5 0
Tile:4 6 3 1
Tile:5 8 2 0
Drop 0 0 1
Tile:11_flip 7 2 0
Drop 0 0 1
Tile:0 1 5 0
Drop 0 0 1
Tile:14_flip 3 4 0
Drop 0 0 1
Map 12 7 0
Drop 0 0 1
Drop 0 0 0
Drop 0 0 1
GAMEOVER DRAW
# Game ended: Sat Apr 11 23:08:16 EDT 2020
