# Server version 0.08 running on 192.168.2.12:8123
# Game ID: 205
# Board class: Saboteur.SaboteurBoard
# Timeout: 20000
# First Move Timeout: 30000
# Date: Sun Apr 12 01:13:24 EDT 2020
# Player 1: Player-0, 'RandomPlayer', running on 192.168.2.12
# Player 2: Player-1, '260675971', running on 192.168.2.12
START Player-0 RandomPlayer
START Player-1 260675971
BoardInit:Tile:8,Map,Bonus,Tile:0,Tile:13,Tile:5,Tile:7,Tile:10,Tile:6,Map,Tile:12,Tile:1,Tile:9,Tile:0,Tile:0,Bonus,Tile:10,Malus,Tile:7,Tile:14,Map,Map,Bonus,Tile:8,Tile:6,Tile:0,Tile:6,Tile:15,Tile:10,Bonus,Destroy,Destroy,Tile:8,Tile:7,Tile:4,Tile:6,Tile:5,Tile:8,Tile:5,Tile:9,Tile:11-Tile:7,Tile:2,Tile:6,Map,Malus,Map,Destroy-Tile:5,Tile:9,Tile:8,Tile:9,Tile:7,Tile:3,Tile:9-Tile:hidden2,Tile:hidden1,Tile:nugget
Malus 0 0 1
Drop 3 0 0
Tile:7 6 5 1
Map 12 3 0
Tile:6 6 6 1
Drop 4 0 0
Tile:8 7 6 1
Drop 5 0 0
Tile:7 8 6 1
Drop 1 0 0
Tile:6 8 7 1
Drop 1 0 0
Tile:2 5 4 1
Drop 4 0 0
Tile:9_flip 9 7 1
Map 12 7 0
Tile:0 6 4 1
Drop 1 0 0
Tile:10 9 6 1
Drop 2 0 0
Map 12 7 1
Drop 4 0 0
Tile:7_flip 9 8 1
Map 12 3 0
Destroy 5 4 1
Drop 5 0 0
Tile:6 10 8 1
Drop 0 0 0
Tile:6 11 8 1
Drop 6 0 0
Tile:10 11 7 1
Drop 4 0 0
Tile:13 5 4 1
Destroy 11 8 0
Tile:8 11 8 1
Drop 4 0 0
Tile:12 7 4 1
Drop 3 0 0
Tile:5_flip 12 8 1
GAMEOVER WINNER 1
# Game ended: Sun Apr 12 01:14:00 EDT 2020
