# Server version 0.08 running on 192.168.2.12:8123
# Game ID: 176
# Board class: Saboteur.SaboteurBoard
# Timeout: 20000
# First Move Timeout: 30000
# Date: Sun Apr 12 00:12:16 EDT 2020
# Player 1: Player-0, '260675971', running on 192.168.2.12
# Player 2: Player-1, 'RandomPlayer', running on 192.168.2.12
START Player-0 260675971
START Player-1 RandomPlayer
BoardInit:Tile:14,Destroy,Destroy,Map,Tile:6,Tile:10,Bonus,Tile:13,Tile:10,Bonus,Bonus,Map,Bonus,Tile:6,Tile:8,Tile:15,Tile:6,Tile:0,Tile:5,Tile:8,Tile:0,Tile:6,Tile:5,Tile:7,Tile:6,Tile:0,Tile:11,Destroy,Map,Tile:7,Map,Tile:9,Malus,Tile:9,Tile:1,Tile:4,Malus,Tile:10,Tile:5,Tile:0,Tile:9-Tile:5,Tile:8,Tile:7,Tile:7,Tile:3,Tile:7,Map-Tile:8,Tile:2,Map,Tile:9,Tile:12,Tile:9,Tile:8-Tile:nugget,Tile:hidden2,Tile:hidden1
Tile:7_flip 5 6 1
Map 12 7 0
Tile:7 6 6 1
Tile:8 5 4 0
Tile:8 6 7 1
Map 12 5 0
Tile:5 4 4 1
Tile:9_flip 5 3 0
Drop 0 0 1
Tile:9_flip 6 4 0
Drop 1 0 1
Tile:10 6 3 0
Tile:6_flip 5 7 1
Tile:8 6 2 0
Tile:14 6 5 1
Tile:6 7 2 0
Destroy 6 3 1
Tile:2 5 2 0
Drop 1 0 1
Tile:0 8 2 0
Tile:6_flip 7 7 1
Tile:8 9 2 0
Drop 5 0 1
Tile:6 9 3 0
Tile:5_flip 5 8 1
Tile:7 10 3 0
Tile:10 6 8 1
Tile:0 10 2 0
Tile:8 4 5 1
Tile:12 8 7 0
Tile:6_flip 8 3 1
Tile:7 11 2 0
Tile:11_flip 4 6 1
Tile:9 11 3 0
Drop 4 0 1
Tile:9 11 4 0
Map 12 7 1
Destroy 4 4 0
Tile:0 12 4 1
Tile:10 10 4 0
Tile:7 13 4 1
Tile:0 7 3 0
Tile:9 3 5 1
Tile:13 3 4 0
Tile:1 4 8 1
Tile:15 3 3 0
Drop 1 0 1
Destroy 3 3 0
Tile:5 3 3 1
Tile:4 6 1 0
Drop 0 0 1
Drop 0 0 0
Drop 0 0 1
Drop 0 0 0
Malus 0 0 1
GAMEOVER DRAW
# Game ended: Sun Apr 12 00:13:05 EDT 2020
