# Server version 0.08 running on 192.168.2.12:8123
# Game ID: 253
# Board class: Saboteur.SaboteurBoard
# Timeout: 20000
# First Move Timeout: 30000
# Date: Sun Apr 12 19:29:28 EDT 2020
# Player 1: Player-0, 'RandomPlayer', running on 192.168.2.12
# Player 2: Player-1, '260675971', running on 192.168.2.12
START Player-0 RandomPlayer
START Player-1 260675971
BoardInit:Tile:15,Map,Tile:12,Tile:6,Tile:8,Bonus,Map,Map,Tile:8,Tile:13,Tile:8,Tile:10,Tile:5,Tile:14,Tile:6,Tile:7,Tile:10,Tile:9,Tile:8,Tile:5,Tile:7,Tile:3,Map,Tile:0,Tile:7,Tile:6,Tile:7,Map,Bonus,Tile:9,Destroy,Tile:9,Tile:2,Tile:1,Destroy,Tile:7,Tile:0,Destroy,Tile:5,Bonus,Tile:8-Tile:11,Tile:10,Tile:6,Malus,Tile:0,Tile:6,Bonus-Malus,Tile:5,Tile:9,Tile:0,Map,Tile:4,Tile:9-Tile:hidden2,Tile:nugget,Tile:hidden1
Malus 0 0 1
Drop 4 0 0
Tile:6 6 5 1
Drop 5 0 0
Tile:0 7 5 1
Map 12 5 0
Tile:6 8 5 1
Drop 5 0 0
Map 12 7 1
Drop 6 0 0
Tile:8 9 5 1
Drop 4 0 0
Tile:8 10 5 1
Drop 3 0 0
Tile:8 11 5 1
GAMEOVER WINNER 1
# Game ended: Sun Apr 12 19:29:43 EDT 2020
