# Server version 0.08 running on 192.168.2.12:8123
# Game ID: 110
# Board class: Saboteur.SaboteurBoard
# Timeout: 20000
# First Move Timeout: 30000
# Date: Thu Apr 09 14:41:37 EDT 2020
# Player 1: Player-0, 'Human', running on 192.168.2.12
# Player 2: Player-1, '260675971', running on 192.168.2.12
START Player-0 Human
START Player-1 260675971
BoardInit:Tile:10,Bonus,Tile:0,Bonus,Map,Bonus,Tile:0,Tile:9,Tile:6,Tile:1,Tile:5,Tile:8,Tile:2,Tile:12,Tile:6,Tile:13,Tile:5,Tile:0,Tile:7,Tile:10,Tile:8,Tile:5,Tile:0,Tile:11,Tile:9,Tile:8,Tile:6,Malus,Bonus,Destroy,Tile:8,Tile:7,Tile:3,Map,Tile:7,Tile:6,Tile:7,Map,Tile:7,Tile:6,Tile:10-Tile:9,Tile:14,Map,Destroy,Malus,Tile:15,Destroy-Map,Tile:4,Tile:9,Tile:9,Map,Tile:5,Tile:8-Tile:hidden2,Tile:nugget,Tile:hidden1
Tile:9_flip 5 4 1
Tile:8 6 5 0
Drop 3 0 1
Tile:9 6 4 0
Tile:0 7 5 1
Tile:5 6 3 0
Destroy 5 4 1
Map 12 3 0
Tile:14 7 4 1
Map 12 5 0
Drop 2 0 1
Tile:9 6 6 0
Drop 3 0 1
Tile:8 8 5 0
Tile:10 5 4 1
Tile:12 7 6 0
Tile:5 4 5 1
Tile:9 8 6 0
Tile:0 9 6 1
Tile:0 10 6 0
Drop 5 0 1
Tile:4 5 3 0
Tile:6 11 6 1
Tile:13 4 6 0
Tile:8 4 7 1
Tile:11 8 4 0
Tile:9_flip 5 7 1
Tile:8 8 3 0
Tile:2_flip 5 8 1
Tile:5 11 5 0
GAMEOVER WINNER 0
# Game ended: Thu Apr 09 14:43:44 EDT 2020
