# Server version 0.08 running on 192.168.2.12:8123
# Game ID: 249
# Board class: Saboteur.SaboteurBoard
# Timeout: 20000
# First Move Timeout: 30000
# Date: Sun Apr 12 19:27:28 EDT 2020
# Player 1: Player-0, 'RandomPlayer', running on 192.168.2.12
# Player 2: Player-1, '260675971', running on 192.168.2.12
START Player-0 RandomPlayer
START Player-1 260675971
BoardInit:Map,Map,Tile:13,Tile:3,Tile:8,Tile:5,Tile:12,Map,Bonus,Destroy,Tile:0,Tile:8,Destroy,Tile:9,Tile:8,Tile:7,Tile:2,Tile:4,Tile:6,Tile:6,Destroy,Tile:14,Map,Bonus,Tile:7,Tile:0,Map,Tile:5,Tile:9,Tile:9,Tile:9,Tile:8,Tile:10,Tile:15,Tile:1,Map,Tile:10,Bonus,Tile:7,Tile:0,Tile:6-Tile:10,Tile:5,Malus,Bonus,Tile:0,Malus,Tile:7-Tile:11,Tile:5,Tile:6,Tile:7,Tile:8,Tile:6,Tile:9-Tile:hidden1,Tile:nugget,Tile:hidden2
Malus 0 0 1
Drop 3 0 0
Map 12 7 1
Map 12 3 0
Malus 0 0 1
Drop 4 0 0
Tile:5_flip 6 5 1
Drop 5 0 0
Tile:8 6 4 1
Map 12 5 0
Tile:0 7 4 1
Drop 1 0 0
Tile:7 8 4 1
Drop 6 0 0
Tile:10 8 5 1
Destroy 8 5 0
Tile:8 8 5 1
Drop 5 0 0
Tile:0 9 5 1
Drop 3 0 0
Tile:6 10 5 1
Drop 2 0 0
Tile:13 5 4 1
Drop 0 0 0
Map 12 5 1
Drop 5 0 0
Tile:7 11 5 1
Drop 0 0 0
Tile:12_flip 4 4 1
Drop 6 0 0
Tile:9 11 6 1
Drop 1 0 0
Tile:9_flip 12 6 1
GAMEOVER WINNER 1
# Game ended: Sun Apr 12 19:27:30 EDT 2020
