# Server version 0.08 running on 192.168.2.12:8123
# Game ID: 150
# Board class: Saboteur.SaboteurBoard
# Timeout: 20000
# First Move Timeout: 30000
# Date: Sat Apr 11 22:16:50 EDT 2020
# Player 1: Player-0, '260675971', running on 192.168.2.12
# Player 2: Player-1, 'RandomPlayer', running on 192.168.2.12
START Player-0 260675971
START Player-1 RandomPlayer
BoardInit:Map,Tile:12,Tile:6,Bonus,Tile:0,Tile:8,Tile:13,Tile:9,Tile:10,Tile:10,Tile:7,Tile:6,Tile:2,Tile:7,Tile:3,Destroy,Tile:1,Tile:8,Destroy,Tile:8,Bonus,Tile:9,Map,Tile:11,Tile:5,Bonus,Tile:6,Tile:7,Bonus,Tile:7,Tile:10,Tile:8,Map,Tile:9,Tile:5,Tile:0,Tile:8,Tile:5,Tile:5,Tile:6,Tile:6-Tile:9,Tile:14,Malus,Destroy,Map,Tile:4,Tile:15-Map,Tile:9,Tile:0,Map,Tile:7,Malus,Tile:0-Tile:hidden1,Tile:hidden2,Tile:nugget
Drop 2 0 1
Map 12 7 0
Map 12 5 1
Map 12 5 0
Tile:9_flip 6 5 1
Malus 0 0 0
Drop 2 0 1
Tile:9 6 6 0
Drop 6 0 1
Tile:0 7 6 0
Drop 3 0 1
Tile:0 8 6 0
Drop 6 0 1
Tile:8 9 6 0
Destroy 9 6 1
Tile:9_flip 9 6 0
Drop 5 0 1
Tile:6 9 7 0
Drop 3 0 1
Tile:8 10 7 0
Destroy 7 6 1
Tile:8 11 7 0
Drop 3 0 1
Tile:7_flip 11 8 0
Drop 5 0 1
Tile:9_flip 12 8 0
Drop 3 0 1
Tile:7_flip 12 9 0
Drop 4 0 1
Tile:7_flip 6 7 0
Drop 1 0 1
Tile:7_flip 4 5 0
Drop 4 0 1
Tile:8 11 6 0
Drop 4 0 1
Tile:9_flip 12 6 0
Drop 2 0 1
Tile:0 13 9 0
Map 12 5 1
Tile:5_flip 10 8 0
Drop 2 0 1
GAMEOVER USER CANCEL UNDECIDED
# Game ended: Sat Apr 11 22:17:27 EDT 2020
