# Server version 0.08 running on 192.168.2.12:8123
# Game ID: 202
# Board class: Saboteur.SaboteurBoard
# Timeout: 20000
# First Move Timeout: 30000
# Date: Sun Apr 12 01:07:30 EDT 2020
# Player 1: Player-0, 'RandomPlayer', running on 192.168.2.12
# Player 2: Player-1, '260675971', running on 192.168.2.12
START Player-0 RandomPlayer
START Player-1 260675971
BoardInit:Tile:5,Tile:8,Tile:7,Malus,Bonus,Map,Tile:9,Tile:3,Tile:6,Destroy,Tile:5,Destroy,Map,Tile:15,Tile:12,Tile:9,Tile:6,Tile:8,Tile:10,Tile:11,Tile:7,Tile:10,Tile:5,Malus,Tile:9,Map,Tile:0,Tile:7,Tile:9,Tile:4,Tile:14,Tile:6,Tile:13,Tile:8,Map,Tile:6,Tile:7,Tile:7,Destroy,Tile:1,Tile:5-Tile:0,Tile:6,Tile:2,Map,Tile:8,Tile:10,Map-Bonus,Tile:8,Tile:0,Bonus,Tile:0,Tile:9,Bonus-Tile:nugget,Tile:hidden1,Tile:hidden2
Tile:0 6 5 1
Tile:9 4 5 0
Tile:6 7 5 1
Drop 1 0 0
Tile:8 8 5 1
Drop 0 0 0
Tile:5_flip 9 5 1
Drop 4 0 0
Tile:9_flip 9 4 1
Drop 0 0 0
Tile:7 9 3 1
Drop 3 0 0
Tile:6 8 3 1
Tile:3 8 2 0
Tile:5_flip 8 6 1
Drop 2 0 0
Tile:10 7 4 1
Destroy 8 5 0
Tile:6_flip 8 5 1
Tile:0 7 6 0
Tile:10 5 4 1
Tile:9_flip 4 4 0
Tile:7_flip 7 2 1
Drop 1 0 0
Map 12 7 1
Tile:15 5 3 0
Map 12 5 1
Destroy 9 4 0
Tile:5 6 6 1
Tile:11 7 1 0
Tile:9_flip 5 6 1
Tile:4 4 3 0
Tile:14 6 7 1
Tile:6_flip 7 3 0
Tile:2 5 2 1
Tile:7_flip 4 6 0
Tile:12_flip 6 3 1
Map 12 3 0
Drop 4 0 1
Drop 2 0 0
Destroy 8 2 1
Tile:6 4 2 0
Tile:5 3 4 1
Tile:8 8 2 0
Drop 0 0 1
Tile:1 9 2 0
Tile:9 9 4 1
Drop 0 0 0
Tile:7 10 2 1
Malus 0 0 0
Drop 1 0 1
Tile:8 5 7 0
Drop 1 0 1
Tile:7_flip 3 2 0
Drop 0 0 1
GAMEOVER DRAW
# Game ended: Sun Apr 12 01:08:21 EDT 2020
