# Server version 0.08 running on 192.168.2.12:8123
# Game ID: 193
# Board class: Saboteur.SaboteurBoard
# Timeout: 20000
# First Move Timeout: 30000
# Date: Sun Apr 12 00:54:46 EDT 2020
# Player 1: Player-0, '260675971', running on 192.168.2.12
# Player 2: Player-1, 'RandomPlayer', running on 192.168.2.12
START Player-0 260675971
START Player-1 RandomPlayer
BoardInit:Tile:2,Tile:0,Map,Tile:9,Tile:9,Tile:7,Tile:8,Destroy,Tile:7,Tile:6,Map,Map,Malus,Destroy,Tile:9,Tile:0,Tile:6,Bonus,Destroy,Malus,Tile:10,Tile:8,Tile:6,Bonus,Tile:3,Tile:12,Tile:13,Map,Tile:9,Tile:14,Tile:0,Tile:5,Tile:8,Map,Map,Tile:7,Tile:10,Bonus,Tile:8,Tile:6,Tile:1-Tile:4,Tile:7,Tile:10,Tile:8,Tile:15,Tile:5,Bonus-Tile:0,Tile:6,Tile:11,Tile:5,Tile:7,Tile:5,Tile:9-Tile:hidden2,Tile:nugget,Tile:hidden1
Drop 2 0 1
Tile:9 1 2 0
Tile:5 1 1 1
Tile:11_flip 2 1 0
Tile:8 2 0 1
Tile:7_flip 1 0 0
Tile:4_flip 2 3 1
Tile:9_flip 1 3 0
Map 9 4 1
Tile:0 3 2 0
Tile:7_flip 0 3 1
Tile:5_flip 3 0 0
Tile:2_flip 4 2 1
Destroy 0 3 0
Drop 2 0 1
Destroy 1 3 0
Tile:9 4 1 1
Tile:6_flip 5 1 0
Tile:15 1 3 1
Tile:5 4 0 0
Tile:6 5 2 1
Tile:6_flip 6 2 0
Destroy 1 0 1
Tile:0 1 0 0
Map 9 2 1
Tile:8 7 2 0
Tile:8 8 2 1
Tile:7 7 1 0
Tile:10 6 3 1
Tile:0 0 0 0
Tile:3_flip 6 4 1
Map 9 0 0
Tile:7 7 4 1
Tile:5_flip 5 0 0
Drop 2 0 1
Tile:14 7 5 0
Tile:0 6 5 1
Drop 3 0 0
Drop 6 0 1
Tile:7_flip 7 3 0
Tile:9_flip 1 4 1
Map 9 4 0
Map 9 0 1
Drop 3 0 0
Tile:13 8 3 1
Drop 3 0 0
Tile:8 9 3 1
Tile:6 10 3 0
Drop 1 0 1
Malus 0 0 0
Drop 0 0 1
Drop 0 0 0
Drop 1 0 1
Drop 0 0 0
Drop 0 0 1
GAMEOVER DRAW
# Game ended: Sun Apr 12 00:54:46 EDT 2020
