# Server version 0.08 running on 192.168.2.12:8123
# Game ID: 181
# Board class: Saboteur.SaboteurBoard
# Timeout: 20000
# First Move Timeout: 30000
# Date: Sun Apr 12 00:24:55 EDT 2020
# Player 1: Player-0, 'RandomPlayer', running on 192.168.2.12
# Player 2: Player-1, '260675971', running on 192.168.2.12
START Player-0 RandomPlayer
START Player-1 260675971
BoardInit:Tile:7,Destroy,Destroy,Tile:5,Tile:7,Tile:11,Destroy,Tile:9,Tile:1,Tile:2,Tile:8,Tile:6,Map,Map,Tile:8,Malus,Tile:10,Tile:8,Tile:0,Tile:0,Tile:6,Tile:5,Tile:15,Tile:5,Tile:9,Bonus,Tile:13,Tile:7,Tile:4,Tile:3,Malus,Map,Tile:8,Tile:9,Tile:12,Tile:6,Bonus,Tile:5,Tile:0,Bonus,Map-Tile:6,Tile:0,Tile:14,Tile:6,Tile:7,Tile:10,Map-Tile:8,Bonus,Tile:9,Map,Tile:10,Tile:9,Tile:7-Tile:hidden1,Tile:nugget,Tile:hidden2
Map 12 7 1
Tile:9_flip 5 6 0
Tile:6 6 5 1
Tile:9_flip 5 7 0
Tile:0 7 5 1
Tile:7 8 5 0
Tile:6 8 6 1
Destroy 7 5 0
Tile:7 9 6 1
Tile:9 7 6 0
Tile:10 9 7 1
Drop 5 0 0
Tile:8 7 5 1
Tile:10 7 4 0
Map 12 5 1
Tile:5 4 6 0
Tile:7_flip 9 8 1
Tile:2_flip 4 7 0
Tile:7 10 8 1
Drop 3 0 0
Tile:8 10 9 1
Tile:8 7 7 0
Tile:0 11 9 1
Tile:8 7 3 0
Tile:6 12 9 1
Tile:5_flip 8 3 0
Tile:10 12 8 1
Tile:0 9 9 0
Tile:9 12 6 1
GAMEOVER WINNER 1
# Game ended: Sun Apr 12 00:25:22 EDT 2020
