# Server version 0.08 running on 192.168.2.12:8123
# Game ID: 260
# Board class: Saboteur.SaboteurBoard
# Timeout: 20000
# First Move Timeout: 30000
# Date: Sun Apr 12 19:55:48 EDT 2020
# Player 1: Player-0, '260675971', running on 192.168.2.12
# Player 2: Player-1, 'RandomPlayer', running on 192.168.2.12
START Player-0 260675971
START Player-1 RandomPlayer
BoardInit:Tile:6,Tile:0,Tile:10,Tile:5,Bonus,Bonus,Bonus,Tile:0,Tile:7,Tile:9,Tile:6,Tile:8,Tile:1,Tile:9,Tile:10,Tile:5,Tile:6,Map,Tile:0,Tile:2,Tile:9,Map,Tile:4,Malus,Map,Tile:5,Tile:12,Map,Tile:8,Map,Tile:6,Tile:0,Tile:3,Tile:8,Tile:10,Map,Tile:6,Tile:9,Tile:8,Tile:13,Destroy-Tile:15,Destroy,Bonus,Destroy,Tile:11,Tile:7,Tile:7-Tile:5,Tile:14,Tile:7,Malus,Tile:7,Tile:8,Tile:9-Tile:nugget,Tile:hidden2,Tile:hidden1
Tile:7_flip 4 5 1
Malus 0 0 0
Destroy 4 5 1
Tile:5_flip 6 5 0
Drop 0 0 1
Tile:8 6 4 0
Drop 2 0 1
Tile:9_flip 7 4 0
Drop 1 0 1
Tile:7 7 3 0
Drop 1 0 1
Tile:7_flip 7 5 0
Drop 4 0 1
Tile:0 8 5 0
Drop 2 0 1
Tile:5_flip 9 5 0
Drop 6 0 1
Tile:9_flip 9 4 0
Drop 2 0 1
Map 12 7 0
Drop 2 0 1
Tile:8 9 3 0
Drop 3 0 1
Map 12 5 0
Drop 5 0 1
Malus 0 0 0
Map 12 5 1
Tile:9_flip 10 3 0
Drop 6 0 1
Tile:5 10 2 0
Drop 1 0 1
Tile:5_flip 11 2 0
Drop 4 0 1
Tile:0 4 5 0
Drop 0 0 1
Tile:8 6 3 0
Drop 3 0 1
Tile:0 5 3 0
Drop 6 0 1
Tile:9 10 4 0
Drop 2 0 1
Tile:14 5 6 0
Destroy 5 3 1
Tile:2 4 6 0
Drop 4 0 1
Tile:13 3 6 0
Drop 2 0 1
Drop 1 0 0
Drop 0 0 1
Drop 2 0 0
Drop 0 0 1
Drop 0 0 0
Drop 1 0 1
Drop 0 0 0
Drop 0 0 1
GAMEOVER DRAW
# Game ended: Sun Apr 12 19:56:37 EDT 2020
