# Server version 0.08 running on 192.168.2.12:8123
# Game ID: 255
# Board class: Saboteur.SaboteurBoard
# Timeout: 20000
# First Move Timeout: 30000
# Date: Sun Apr 12 19:31:44 EDT 2020
# Player 1: Player-0, 'RandomPlayer', running on 192.168.2.12
# Player 2: Player-1, '260675971', running on 192.168.2.12
START Player-0 RandomPlayer
START Player-1 260675971
BoardInit:Tile:11,Bonus,Destroy,Tile:6,Tile:3,Destroy,Tile:5,Tile:12,Malus,Tile:10,Map,Tile:5,Tile:1,Tile:7,Tile:5,Tile:10,Tile:8,Tile:7,Tile:8,Tile:0,Tile:6,Tile:7,Tile:10,Tile:7,Tile:9,Tile:4,Tile:14,Map,Tile:8,Bonus,Tile:15,Map,Tile:0,Tile:9,Tile:6,Tile:9,Tile:9,Bonus,Tile:7,Map,Tile:5-Map,Tile:0,Tile:2,Tile:6,Malus,Map,Tile:8-Tile:6,Tile:13,Tile:8,Tile:9,Destroy,Tile:0,Bonus-Tile:hidden2,Tile:hidden1,Tile:nugget
Map 12 7 1
Tile:6 6 5 0
Malus 0 0 1
Destroy 6 5 0
Tile:0 6 5 1
Drop 0 0 0
Tile:6 7 5 1
Drop 2 0 0
Tile:8 8 5 1
Drop 6 0 0
Malus 0 0 1
Bonus 0 0 0
Tile:5_flip 8 6 1
Drop 0 0 0
Tile:2 5 4 1
Drop 2 0 0
Tile:5_flip 9 5 1
Drop 5 0 0
Tile:8 9 4 1
Destroy 5 4 0
Tile:8 10 4 1
Drop 2 0 0
Tile:6 11 4 1
Drop 3 0 0
Tile:10 10 5 1
Drop 5 0 0
Tile:9 10 6 1
Drop 0 0 0
Tile:11 5 4 1
Drop 6 0 0
Tile:8 10 7 1
Drop 4 0 0
Destroy 5 4 1
Drop 3 0 0
Tile:0 11 7 1
GAMEOVER WINNER 1
# Game ended: Sun Apr 12 19:32:17 EDT 2020
