# Server version 0.08 running on 192.168.2.12:8123
# Game ID: 215
# Board class: Saboteur.SaboteurBoard
# Timeout: 20000
# First Move Timeout: 30000
# Date: Sun Apr 12 01:27:27 EDT 2020
# Player 1: Player-0, 'RandomPlayer', running on 192.168.2.12
# Player 2: Player-1, '260675971', running on 192.168.2.12
START Player-0 RandomPlayer
START Player-1 260675971
BoardInit:Tile:6,Tile:0,Bonus,Tile:7,Tile:5,Map,Map,Tile:13,Tile:14,Tile:9,Destroy,Bonus,Tile:2,Tile:1,Tile:9,Bonus,Destroy,Tile:8,Tile:3,Tile:9,Tile:7,Tile:5,Tile:0,Tile:10,Destroy,Tile:5,Tile:7,Tile:10,Malus,Tile:10,Tile:8,Tile:6,Map,Tile:9,Map,Tile:6,Tile:5,Tile:7,Tile:0,Bonus,Tile:12-Tile:11,Map,Map,Tile:6,Tile:8,Malus,Tile:7-Tile:6,Tile:15,Tile:8,Tile:0,Tile:9,Tile:4,Tile:8-Tile:nugget,Tile:hidden2,Tile:hidden1
Malus 0 0 1
Drop 3 0 0
Tile:6 6 5 1
Drop 1 0 0
Tile:8 7 5 1
Drop 4 0 0
Tile:7 8 5 1
Map 12 5 0
Tile:6 8 6 1
Drop 1 0 0
Tile:5_flip 9 6 1
Drop 4 0 0
Tile:11 5 4 1
Bonus 0 0 0
Tile:14 5 6 1
Tile:13 7 6 0
Tile:9 9 5 1
Tile:9 9 4 0
Destroy 5 4 1
Tile:1 10 4 0
Map 12 7 1
Tile:9 7 7 0
Map 12 5 1
Tile:8 11 4 0
Tile:7 11 3 1
Tile:9 11 5 0
Tile:0 12 4 1
Tile:10 11 6 0
Tile:7_flip 10 3 1
Tile:0 13 4 0
Malus 0 0 1
Drop 1 0 0
Tile:8 11 7 1
Drop 4 0 0
Tile:2 5 4 1
Drop 0 0 0
Destroy 6 5 1
Drop 4 0 0
Tile:5 10 2 1
Drop 0 0 0
Tile:0 11 2 1
Drop 4 0 0
Tile:3 6 4 1
Bonus 0 0 0
Destroy 6 4 1
Drop 3 0 0
Tile:12 8 7 1
Tile:7 10 5 0
Drop 0 0 1
Tile:5_flip 12 2 0
Drop 0 0 1
Tile:10 7 8 0
Drop 0 0 1
Tile:5 4 6 0
Drop 0 0 1
GAMEOVER DRAW
# Game ended: Sun Apr 12 01:28:18 EDT 2020
